# JRE version: OpenJDK Runtime Environment (21.0.8) (build 21.0.8+-14196175-b1038.72)
# Java VM: OpenJDK 64-Bit Server VM (21.0.8+-14196175-b1038.72, mixed mode, tiered, compressed oops, compressed class ptrs, g1 gc, windows-amd64)
GC Precious Log:
 CardTable entry size: 512
 Card Set container configuration: InlinePtr #cards 5 size 8 Array Of Cards #cards 12 size 40 Howl #buckets 4 coarsen threshold 1843 Howl Bitmap #cards 512 size 80 coarsen threshold 460 Card regions per heap region 1 cards per card region 2048
 CPUs: 8 total, 8 available
 Memory: 3968M
 Large Page Support: Disabled
 NUMA Support: Disabled
 Compressed Oops: Enabled (32-bit)
 Heap Region Size: 1M
 Heap Min Capacity: 8M
 Heap Initial Capacity: 64M
 Heap Max Capacity: 994M
 Pre-touch: Disabled
 Parallel Workers: 8
 Concurrent Workers: 2
 Concurrent Refinement Workers: 8
 Periodic GC: Disabled
Heap:
 garbage-first heap   total 117760K, used 100727K [0x00000000c1e00000, 0x0000000100000000)
  region size 1024K, 34 young (34816K), 3 survivors (3072K)
 Metaspace       used 93481K, committed 93888K, reserved 1179648K
  class space    used 10268K, committed 10432K, reserved 1048576K
GC Heap History (20 events):
Event: 4.910 GC heap before
{Heap before GC invocations=13 (full 0):
 garbage-first heap   total 49152K, used 43470K [0x00000000c1e00000, 0x0000000100000000)
  region size 1024K, 17 young (17408K), 2 survivors (2048K)
 Metaspace       used 54659K, committed 54848K, reserved 1114112K
  class space    used 6507K, committed 6592K, reserved 1048576K
}
Event: 4.920 GC heap after
{Heap after GC invocations=14 (full 0):
 garbage-first heap   total 51200K, used 33792K [0x00000000c1e00000, 0x0000000100000000)
  region size 1024K, 3 young (3072K), 3 survivors (3072K)
 Metaspace       used 54659K, committed 54848K, reserved 1114112K
  class space    used 6507K, committed 6592K, reserved 1048576K
}
Event: 5.015 GC heap before
{Heap before GC invocations=14 (full 0):
 garbage-first heap   total 51200K, used 44032K [0x00000000c1e00000, 0x0000000100000000)
  region size 1024K, 13 young (13312K), 3 survivors (3072K)
 Metaspace       used 55400K, committed 55680K, reserved 1114112K
  class space    used 6588K, committed 6720K, reserved 1048576K
}
Event: 5.023 GC heap after
{Heap after GC invocations=15 (full 0):
 garbage-first heap   total 91136K, used 36602K [0x00000000c1e00000, 0x0000000100000000)
  region size 1024K, 2 young (2048K), 2 survivors (2048K)
 Metaspace       used 55400K, committed 55680K, reserved 1114112K
  class space    used 6588K, committed 6720K, reserved 1048576K
}
Event: 5.719 GC heap before
{Heap before GC invocations=15 (full 0):
 garbage-first heap   total 91136K, used 71418K [0x00000000c1e00000, 0x0000000100000000)
  region size 1024K, 37 young (37888K), 2 survivors (2048K)
 Metaspace       used 61106K, committed 61376K, reserved 1114112K
  class space    used 7265K, committed 7360K, reserved 1048576K
}
Event: 5.732 GC heap after
{Heap after GC invocations=16 (full 0):
 garbage-first heap   total 91136K, used 42361K [0x00000000c1e00000, 0x0000000100000000)
  region size 1024K, 5 young (5120K), 5 survivors (5120K)
 Metaspace       used 61106K, committed 61376K, reserved 1114112K
  class space    used 7265K, committed 7360K, reserved 1048576K
}
Event: 6.247 GC heap before
{Heap before GC invocations=16 (full 0):
 garbage-first heap   total 91136K, used 73081K [0x00000000c1e00000, 0x0000000100000000)
  region size 1024K, 35 young (35840K), 5 survivors (5120K)
 Metaspace       used 62589K, committed 62848K, reserved 1114112K
  class space    used 7393K, committed 7488K, reserved 1048576K
}
Event: 6.264 GC heap after
{Heap after GC invocations=17 (full 0):
 garbage-first heap   total 91136K, used 50688K [0x00000000c1e00000, 0x0000000100000000)
  region size 1024K, 5 young (5120K), 5 survivors (5120K)
 Metaspace       used 62589K, committed 62848K, reserved 1114112K
  class space    used 7393K, committed 7488K, reserved 1048576K
}
Event: 6.857 GC heap before
{Heap before GC invocations=17 (full 0):
 garbage-first heap   total 91136K, used 75264K [0x00000000c1e00000, 0x0000000100000000)
  region size 1024K, 29 young (29696K), 5 survivors (5120K)
 Metaspace       used 67046K, committed 67264K, reserved 1114112K
  class space    used 7925K, committed 8000K, reserved 1048576K
}
Event: 6.870 GC heap after
{Heap after GC invocations=18 (full 0):
 garbage-first heap   total 91136K, used 55259K [0x00000000c1e00000, 0x0000000100000000)
  region size 1024K, 4 young (4096K), 4 survivors (4096K)
 Metaspace       used 67046K, committed 67264K, reserved 1114112K
  class space    used 7925K, committed 8000K, reserved 1048576K
}
Event: 7.539 GC heap before
{Heap before GC invocations=19 (full 0):
 garbage-first heap   total 92160K, used 77787K [0x00000000c1e00000, 0x0000000100000000)
  region size 1024K, 26 young (26624K), 4 survivors (4096K)
 Metaspace       used 68217K, committed 68416K, reserved 1114112K
  class space    used 7990K, committed 8064K, reserved 1048576K
}
Event: 7.549 GC heap after
{Heap after GC invocations=20 (full 0):
 garbage-first heap   total 92160K, used 58752K [0x00000000c1e00000, 0x0000000100000000)
  region size 1024K, 4 young (4096K), 4 survivors (4096K)
 Metaspace       used 68217K, committed 68416K, reserved 1114112K
  class space    used 7990K, committed 8064K, reserved 1048576K
}
Event: 8.113 GC heap before
{Heap before GC invocations=20 (full 0):
 garbage-first heap   total 92160K, used 80256K [0x00000000c1e00000, 0x0000000100000000)
  region size 1024K, 25 young (25600K), 4 survivors (4096K)
 Metaspace       used 68798K, committed 69056K, reserved 1114112K
  class space    used 8010K, committed 8128K, reserved 1048576K
}
Event: 8.124 GC heap after
{Heap after GC invocations=21 (full 0):
 garbage-first heap   total 117760K, used 60140K [0x00000000c1e00000, 0x0000000100000000)
  region size 1024K, 2 young (2048K), 2 survivors (2048K)
 Metaspace       used 68798K, committed 69056K, reserved 1114112K
  class space    used 8010K, committed 8128K, reserved 1048576K
}
Event: 9.781 GC heap before
{Heap before GC invocations=21 (full 0):
 garbage-first heap   total 117760K, used 98028K [0x00000000c1e00000, 0x0000000100000000)
  region size 1024K, 40 young (40960K), 2 survivors (2048K)
 Metaspace       used 73548K, committed 73856K, reserved 1179648K
  class space    used 8394K, committed 8576K, reserved 1048576K
}
Event: 9.794 GC heap after
{Heap after GC invocations=22 (full 0):
 garbage-first heap   total 117760K, used 63250K [0x00000000c1e00000, 0x0000000100000000)
  region size 1024K, 5 young (5120K), 5 survivors (5120K)
 Metaspace       used 73548K, committed 73856K, reserved 1179648K
  class space    used 8394K, committed 8576K, reserved 1048576K
}
Event: 11.411 GC heap before
{Heap before GC invocations=22 (full 0):
 garbage-first heap   total 117760K, used 101138K [0x00000000c1e00000, 0x0000000100000000)
  region size 1024K, 42 young (43008K), 5 survivors (5120K)
 Metaspace       used 80976K, committed 81408K, reserved 1179648K
  class space    used 9082K, committed 9280K, reserved 1048576K
}
Event: 11.444 GC heap after
{Heap after GC invocations=23 (full 0):
 garbage-first heap   total 117760K, used 66192K [0x00000000c1e00000, 0x0000000100000000)
  region size 1024K, 3 young (3072K), 3 survivors (3072K)
 Metaspace       used 80976K, committed 81408K, reserved 1179648K
  class space    used 9082K, committed 9280K, reserved 1048576K
}
Event: 13.585 GC heap before
{Heap before GC invocations=23 (full 0):
 garbage-first heap   total 117760K, used 103056K [0x00000000c1e00000, 0x0000000100000000)
  region size 1024K, 39 young (39936K), 3 survivors (3072K)
 Metaspace       used 88274K, committed 88576K, reserved 1179648K
  class space    used 9781K, committed 9920K, reserved 1048576K
}
Event: 13.660 GC heap after
{Heap after GC invocations=24 (full 0):
 garbage-first heap   total 117760K, used 68983K [0x00000000c1e00000, 0x0000000100000000)
  region size 1024K, 3 young (3072K), 3 survivors (3072K)
 Metaspace       used 88274K, committed 88576K, reserved 1179648K
  class space    used 9781K, committed 9920K, reserved 1048576K
}

