# JRE version: OpenJDK Runtime Environment (21.0.8) (build 21.0.8+-14196175-b1038.72)
# Java VM: OpenJDK 64-Bit Server VM (21.0.8+-14196175-b1038.72, mixed mode, tiered, compressed oops, compressed class ptrs, g1 gc, windows-amd64)
GC Precious Log:
 CardTable entry size: 512
 Card Set container configuration: InlinePtr #cards 5 size 8 Array Of Cards #cards 12 size 40 Howl #buckets 4 coarsen threshold 1843 Howl Bitmap #cards 512 size 80 coarsen threshold 460 Card regions per heap region 1 cards per card region 2048
 CPUs: 8 total, 8 available
 Memory: 3968M
 Large Page Support: Disabled
 NUMA Support: Disabled
 Compressed Oops: Enabled (32-bit)
 Heap Region Size: 1M
 Heap Min Capacity: 8M
 Heap Initial Capacity: 64M
 Heap Max Capacity: 994M
 Pre-touch: Disabled
 Parallel Workers: 8
 Concurrent Workers: 2
 Concurrent Refinement Workers: 8
 Periodic GC: Disabled
Heap:
 garbage-first heap   total 109568K, used 73134K [0x00000000c1e00000, 0x0000000100000000)
  region size 1024K, 11 young (11264K), 2 survivors (2048K)
 Metaspace       used 95324K, committed 95680K, reserved 1179648K
  class space    used 10750K, committed 10944K, reserved 1048576K
GC Heap History (20 events):
Event: 11.747 GC heap before
{Heap before GC invocations=21 (full 0):
 garbage-first heap   total 60416K, used 51471K [0x00000000c1e00000, 0x0000000100000000)
  region size 1024K, 12 young (12288K), 2 survivors (2048K)
 Metaspace       used 65009K, committed 65344K, reserved 1114112K
  class space    used 7890K, committed 8064K, reserved 1048576K
}
Event: 11.753 GC heap after
{Heap after GC invocations=22 (full 0):
 garbage-first heap   total 79872K, used 42870K [0x00000000c1e00000, 0x0000000100000000)
  region size 1024K, 2 young (2048K), 2 survivors (2048K)
 Metaspace       used 65009K, committed 65344K, reserved 1114112K
  class space    used 7890K, committed 8064K, reserved 1048576K
}
Event: 12.676 GC heap before
{Heap before GC invocations=23 (full 0):
 garbage-first heap   total 79872K, used 63350K [0x00000000c1e00000, 0x0000000100000000)
  region size 1024K, 23 young (23552K), 2 survivors (2048K)
 Metaspace       used 68746K, committed 69056K, reserved 1114112K
  class space    used 8326K, committed 8448K, reserved 1048576K
}
Event: 12.686 GC heap after
{Heap after GC invocations=24 (full 0):
 garbage-first heap   total 79872K, used 46080K [0x00000000c1e00000, 0x0000000100000000)
  region size 1024K, 3 young (3072K), 3 survivors (3072K)
 Metaspace       used 68746K, committed 69056K, reserved 1114112K
  class space    used 8326K, committed 8448K, reserved 1048576K
}
Event: 13.328 GC heap before
{Heap before GC invocations=24 (full 0):
 garbage-first heap   total 79872K, used 67584K [0x00000000c1e00000, 0x0000000100000000)
  region size 1024K, 24 young (24576K), 3 survivors (3072K)
 Metaspace       used 69955K, committed 70208K, reserved 1114112K
  class space    used 8445K, committed 8576K, reserved 1048576K
}
Event: 13.367 GC heap after
{Heap after GC invocations=25 (full 0):
 garbage-first heap   total 79872K, used 50024K [0x00000000c1e00000, 0x0000000100000000)
  region size 1024K, 3 young (3072K), 3 survivors (3072K)
 Metaspace       used 69955K, committed 70208K, reserved 1114112K
  class space    used 8445K, committed 8576K, reserved 1048576K
}
Event: 14.378 GC heap before
{Heap before GC invocations=25 (full 0):
 garbage-first heap   total 79872K, used 68456K [0x00000000c1e00000, 0x0000000100000000)
  region size 1024K, 21 young (21504K), 3 survivors (3072K)
 Metaspace       used 71923K, committed 72256K, reserved 1114112K
  class space    used 8576K, committed 8704K, reserved 1048576K
}
Event: 14.390 GC heap after
{Heap after GC invocations=26 (full 0):
 garbage-first heap   total 79872K, used 52224K [0x00000000c1e00000, 0x0000000100000000)
  region size 1024K, 2 young (2048K), 2 survivors (2048K)
 Metaspace       used 71923K, committed 72256K, reserved 1114112K
  class space    used 8576K, committed 8704K, reserved 1048576K
}
Event: 15.397 GC heap before
{Heap before GC invocations=27 (full 0):
 garbage-first heap   total 87040K, used 69632K [0x00000000c1e00000, 0x0000000100000000)
  region size 1024K, 19 young (19456K), 2 survivors (2048K)
 Metaspace       used 72573K, committed 72896K, reserved 1114112K
  class space    used 8592K, committed 8768K, reserved 1048576K
}
Event: 15.427 GC heap after
{Heap after GC invocations=28 (full 0):
 garbage-first heap   total 87040K, used 55253K [0x00000000c1e00000, 0x0000000100000000)
  region size 1024K, 3 young (3072K), 3 survivors (3072K)
 Metaspace       used 72573K, committed 72896K, reserved 1114112K
  class space    used 8592K, committed 8768K, reserved 1048576K
}
Event: 17.385 GC heap before
{Heap before GC invocations=28 (full 0):
 garbage-first heap   total 87040K, used 74709K [0x00000000c1e00000, 0x0000000100000000)
  region size 1024K, 23 young (23552K), 3 survivors (3072K)
 Metaspace       used 75060K, committed 75456K, reserved 1179648K
  class space    used 8779K, committed 8960K, reserved 1048576K
}
Event: 17.407 GC heap after
{Heap after GC invocations=29 (full 0):
 garbage-first heap   total 87040K, used 57199K [0x00000000c1e00000, 0x0000000100000000)
  region size 1024K, 2 young (2048K), 2 survivors (2048K)
 Metaspace       used 75060K, committed 75456K, reserved 1179648K
  class space    used 8779K, committed 8960K, reserved 1048576K
}
Event: 18.390 GC heap before
{Heap before GC invocations=29 (full 0):
 garbage-first heap   total 87040K, used 77679K [0x00000000c1e00000, 0x0000000100000000)
  region size 1024K, 22 young (22528K), 2 survivors (2048K)
 Metaspace       used 77651K, committed 78016K, reserved 1179648K
  class space    used 8987K, committed 9152K, reserved 1048576K
}
Event: 18.401 GC heap after
{Heap after GC invocations=30 (full 0):
 garbage-first heap   total 87040K, used 59979K [0x00000000c1e00000, 0x0000000100000000)
  region size 1024K, 3 young (3072K), 3 survivors (3072K)
 Metaspace       used 77651K, committed 78016K, reserved 1179648K
  class space    used 8987K, committed 9152K, reserved 1048576K
}
Event: 19.277 GC heap before
{Heap before GC invocations=31 (full 0):
 garbage-first heap   total 101376K, used 76363K [0x00000000c1e00000, 0x0000000100000000)
  region size 1024K, 20 young (20480K), 3 survivors (3072K)
 Metaspace       used 82024K, committed 82368K, reserved 1179648K
  class space    used 9403K, committed 9536K, reserved 1048576K
}
Event: 19.282 GC heap after
{Heap after GC invocations=32 (full 0):
 garbage-first heap   total 101376K, used 61297K [0x00000000c1e00000, 0x0000000100000000)
  region size 1024K, 2 young (2048K), 2 survivors (2048K)
 Metaspace       used 82024K, committed 82368K, reserved 1179648K
  class space    used 9403K, committed 9536K, reserved 1048576K
}
Event: 21.558 GC heap before
{Heap before GC invocations=32 (full 0):
 garbage-first heap   total 101376K, used 88945K [0x00000000c1e00000, 0x0000000100000000)
  region size 1024K, 30 young (30720K), 2 survivors (2048K)
 Metaspace       used 87322K, committed 87616K, reserved 1179648K
  class space    used 9921K, committed 10048K, reserved 1048576K
}
Event: 21.572 GC heap after
{Heap after GC invocations=33 (full 0):
 garbage-first heap   total 101376K, used 62981K [0x00000000c1e00000, 0x0000000100000000)
  region size 1024K, 4 young (4096K), 4 survivors (4096K)
 Metaspace       used 87322K, committed 87616K, reserved 1179648K
  class space    used 9921K, committed 10048K, reserved 1048576K
}
Event: 23.767 GC heap before
{Heap before GC invocations=33 (full 0):
 garbage-first heap   total 101376K, used 90629K [0x00000000c1e00000, 0x0000000100000000)
  region size 1024K, 31 young (31744K), 4 survivors (4096K)
 Metaspace       used 93164K, committed 93568K, reserved 1179648K
  class space    used 10505K, committed 10688K, reserved 1048576K
}
Event: 23.783 GC heap after
{Heap after GC invocations=34 (full 0):
 garbage-first heap   total 101376K, used 64942K [0x00000000c1e00000, 0x0000000100000000)
  region size 1024K, 2 young (2048K), 2 survivors (2048K)
 Metaspace       used 93164K, committed 93568K, reserved 1179648K
  class space    used 10505K, committed 10688K, reserved 1048576K
}

