# JRE version: OpenJDK Runtime Environment (21.0.8) (build 21.0.8+-14196175-b1038.72)
# Java VM: OpenJDK 64-Bit Server VM (21.0.8+-14196175-b1038.72, mixed mode, tiered, compressed oops, compressed class ptrs, g1 gc, windows-amd64)
GC Precious Log:
 CardTable entry size: 512
 Card Set container configuration: InlinePtr #cards 5 size 8 Array Of Cards #cards 12 size 40 Howl #buckets 4 coarsen threshold 1843 Howl Bitmap #cards 512 size 80 coarsen threshold 460 Card regions per heap region 1 cards per card region 2048
 CPUs: 8 total, 8 available
 Memory: 3968M
 Large Page Support: Disabled
 NUMA Support: Disabled
 Compressed Oops: Enabled (32-bit)
 Heap Region Size: 1M
 Heap Min Capacity: 8M
 Heap Initial Capacity: 64M
 Heap Max Capacity: 994M
 Pre-touch: Disabled
 Parallel Workers: 8
 Concurrent Workers: 2
 Concurrent Refinement Workers: 8
 Periodic GC: Disabled
Heap:
 garbage-first heap   total 95232K, used 61245K [0x00000000c1e00000, 0x0000000100000000)
  region size 1024K, 6 young (6144K), 4 survivors (4096K)
 Metaspace       used 83044K, committed 83392K, reserved 1179648K
  class space    used 9494K, committed 9664K, reserved 1048576K
GC Heap History (20 events):
Event: 14.101 GC heap before
{Heap before GC invocations=17 (full 0):
 garbage-first heap   total 54272K, used 33614K [0x00000000c1e00000, 0x0000000100000000)
  region size 1024K, 8 young (8192K), 1 survivors (1024K)
 Metaspace       used 60584K, committed 60864K, reserved 1114112K
  class space    used 7302K, committed 7424K, reserved 1048576K
}
Event: 14.105 GC heap after
{Heap after GC invocations=18 (full 0):
 garbage-first heap   total 54272K, used 28377K [0x00000000c1e00000, 0x0000000100000000)
  region size 1024K, 2 young (2048K), 2 survivors (2048K)
 Metaspace       used 60584K, committed 60864K, reserved 1114112K
  class space    used 7302K, committed 7424K, reserved 1048576K
}
Event: 14.283 GC heap before
{Heap before GC invocations=19 (full 0):
 garbage-first heap   total 54272K, used 47833K [0x00000000c1e00000, 0x0000000100000000)
  region size 1024K, 20 young (20480K), 2 survivors (2048K)
 Metaspace       used 60584K, committed 60864K, reserved 1114112K
  class space    used 7302K, committed 7424K, reserved 1048576K
}
Event: 14.298 GC heap after
{Heap after GC invocations=20 (full 0):
 garbage-first heap   total 57344K, used 36385K [0x00000000c1e00000, 0x0000000100000000)
  region size 1024K, 3 young (3072K), 3 survivors (3072K)
 Metaspace       used 60584K, committed 60864K, reserved 1114112K
  class space    used 7302K, committed 7424K, reserved 1048576K
}
Event: 14.727 GC heap before
{Heap before GC invocations=20 (full 0):
 garbage-first heap   total 57344K, used 48673K [0x00000000c1e00000, 0x0000000100000000)
  region size 1024K, 15 young (15360K), 3 survivors (3072K)
 Metaspace       used 61187K, committed 61504K, reserved 1114112K
  class space    used 7347K, committed 7488K, reserved 1048576K
}
Event: 14.738 GC heap after
{Heap after GC invocations=21 (full 0):
 garbage-first heap   total 57344K, used 40338K [0x00000000c1e00000, 0x0000000100000000)
  region size 1024K, 2 young (2048K), 2 survivors (2048K)
 Metaspace       used 61187K, committed 61504K, reserved 1114112K
  class space    used 7347K, committed 7488K, reserved 1048576K
}
Event: 15.601 GC heap before
{Heap before GC invocations=21 (full 0):
 garbage-first heap   total 57344K, used 49554K [0x00000000c1e00000, 0x0000000100000000)
  region size 1024K, 11 young (11264K), 2 survivors (2048K)
 Metaspace       used 62555K, committed 62848K, reserved 1114112K
  class space    used 7506K, committed 7680K, reserved 1048576K
}
Event: 15.606 GC heap after
{Heap after GC invocations=22 (full 0):
 garbage-first heap   total 57344K, used 42482K [0x00000000c1e00000, 0x0000000100000000)
  region size 1024K, 2 young (2048K), 2 survivors (2048K)
 Metaspace       used 62555K, committed 62848K, reserved 1114112K
  class space    used 7506K, committed 7680K, reserved 1048576K
}
Event: 16.704 GC heap before
{Heap before GC invocations=23 (full 0):
 garbage-first heap   total 71680K, used 50674K [0x00000000c1e00000, 0x0000000100000000)
  region size 1024K, 10 young (10240K), 2 survivors (2048K)
 Metaspace       used 65133K, committed 65408K, reserved 1114112K
  class space    used 7900K, committed 8064K, reserved 1048576K
}
Event: 16.710 GC heap after
{Heap after GC invocations=24 (full 0):
 garbage-first heap   total 95232K, used 43452K [0x00000000c1e00000, 0x0000000100000000)
  region size 1024K, 1 young (1024K), 1 survivors (1024K)
 Metaspace       used 65133K, committed 65408K, reserved 1114112K
  class space    used 7900K, committed 8064K, reserved 1048576K
}
Event: 18.276 GC heap before
{Heap before GC invocations=24 (full 0):
 garbage-first heap   total 95232K, used 76220K [0x00000000c1e00000, 0x0000000100000000)
  region size 1024K, 34 young (34816K), 1 survivors (1024K)
 Metaspace       used 69233K, committed 69504K, reserved 1114112K
  class space    used 8372K, committed 8512K, reserved 1048576K
}
Event: 18.300 GC heap after
{Heap after GC invocations=25 (full 0):
 garbage-first heap   total 95232K, used 48797K [0x00000000c1e00000, 0x0000000100000000)
  region size 1024K, 5 young (5120K), 5 survivors (5120K)
 Metaspace       used 69233K, committed 69504K, reserved 1114112K
  class space    used 8372K, committed 8512K, reserved 1048576K
}
Event: 20.841 GC heap before
{Heap before GC invocations=25 (full 0):
 garbage-first heap   total 95232K, used 79517K [0x00000000c1e00000, 0x0000000100000000)
  region size 1024K, 35 young (35840K), 5 survivors (5120K)
 Metaspace       used 72176K, committed 72512K, reserved 1114112K
  class space    used 8585K, committed 8768K, reserved 1048576K
}
Event: 20.863 GC heap after
{Heap after GC invocations=26 (full 0):
 garbage-first heap   total 95232K, used 53655K [0x00000000c1e00000, 0x0000000100000000)
  region size 1024K, 5 young (5120K), 5 survivors (5120K)
 Metaspace       used 72176K, committed 72512K, reserved 1114112K
  class space    used 8585K, committed 8768K, reserved 1048576K
}
Event: 22.257 GC heap before
{Heap before GC invocations=27 (full 0):
 garbage-first heap   total 95232K, used 80279K [0x00000000c1e00000, 0x0000000100000000)
  region size 1024K, 31 young (31744K), 5 survivors (5120K)
 Metaspace       used 73610K, committed 73984K, reserved 1114112K
  class space    used 8662K, committed 8832K, reserved 1048576K
}
Event: 22.339 GC heap after
{Heap after GC invocations=28 (full 0):
 garbage-first heap   total 95232K, used 57573K [0x00000000c1e00000, 0x0000000100000000)
  region size 1024K, 4 young (4096K), 4 survivors (4096K)
 Metaspace       used 73610K, committed 73984K, reserved 1114112K
  class space    used 8662K, committed 8832K, reserved 1048576K
}
Event: 24.511 GC heap before
{Heap before GC invocations=28 (full 0):
 garbage-first heap   total 95232K, used 82149K [0x00000000c1e00000, 0x0000000100000000)
  region size 1024K, 28 young (28672K), 4 survivors (4096K)
 Metaspace       used 77229K, committed 77504K, reserved 1179648K
  class space    used 8951K, committed 9088K, reserved 1048576K
}
Event: 24.540 GC heap after
{Heap after GC invocations=29 (full 0):
 garbage-first heap   total 95232K, used 58951K [0x00000000c1e00000, 0x0000000100000000)
  region size 1024K, 2 young (2048K), 2 survivors (2048K)
 Metaspace       used 77229K, committed 77504K, reserved 1179648K
  class space    used 8951K, committed 9088K, reserved 1048576K
}
Event: 25.910 GC heap before
{Heap before GC invocations=29 (full 0):
 garbage-first heap   total 95232K, used 83527K [0x00000000c1e00000, 0x0000000100000000)
  region size 1024K, 26 young (26624K), 2 survivors (2048K)
 Metaspace       used 82626K, committed 82944K, reserved 1179648K
  class space    used 9469K, committed 9600K, reserved 1048576K
}
Event: 25.920 GC heap after
{Heap after GC invocations=30 (full 0):
 garbage-first heap   total 95232K, used 61245K [0x00000000c1e00000, 0x0000000100000000)
  region size 1024K, 4 young (4096K), 4 survivors (4096K)
 Metaspace       used 82626K, committed 82944K, reserved 1179648K
  class space    used 9469K, committed 9600K, reserved 1048576K
}

