# JRE version: OpenJDK Runtime Environment (21.0.8) (build 21.0.8+-14196175-b1038.72)
# Java VM: OpenJDK 64-Bit Server VM (21.0.8+-14196175-b1038.72, mixed mode, tiered, compressed oops, compressed class ptrs, g1 gc, windows-amd64)
GC Precious Log:
 CardTable entry size: 512
 Card Set container configuration: InlinePtr #cards 4 size 8 Array Of Cards #cards 32 size 80 Howl #buckets 8 coarsen threshold 7372 Howl Bitmap #cards 1024 size 144 coarsen threshold 921 Card regions per heap region 1 cards per card region 8192
 CPUs: 8 total, 8 available
 Memory: 3968M
 Large Page Support: Disabled
 NUMA Support: Disabled
 Compressed Oops: Enabled (Zero based)
 Heap Region Size: 4M
 Heap Min Capacity: 8M
 Heap Initial Capacity: 64M
 Heap Max Capacity: 8G
 Pre-touch: Disabled
 Parallel Workers: 8
 Concurrent Workers: 2
 Concurrent Refinement Workers: 8
 Periodic GC: Disabled
Heap:
 garbage-first heap   total 1798144K, used 362109K [0x0000000600000000, 0x0000000800000000)
  region size 4096K, 20 young (81920K), 2 survivors (8192K)
 Metaspace       used 219016K, committed 221760K, reserved 1245184K
  class space    used 28548K, committed 29888K, reserved 1048576K
GC Heap History (20 events):
Event: 667.404 GC heap before
{Heap before GC invocations=70 (full 0):
 garbage-first heap   total 860160K, used 290579K [0x0000000600000000, 0x0000000800000000)
  region size 4096K, 20 young (81920K), 2 survivors (8192K)
 Metaspace       used 201575K, committed 204224K, reserved 1245184K
  class space    used 26414K, committed 27712K, reserved 1048576K
}
Event: 667.424 GC heap after
{Heap after GC invocations=71 (full 0):
 garbage-first heap   total 860160K, used 216783K [0x0000000600000000, 0x0000000800000000)
  region size 4096K, 2 young (8192K), 2 survivors (8192K)
 Metaspace       used 201575K, committed 204224K, reserved 1245184K
  class space    used 26414K, committed 27712K, reserved 1048576K
}
Event: 680.498 GC heap before
{Heap before GC invocations=71 (full 0):
 garbage-first heap   total 860160K, used 413391K [0x0000000600000000, 0x0000000800000000)
  region size 4096K, 50 young (204800K), 2 survivors (8192K)
 Metaspace       used 201577K, committed 204224K, reserved 1245184K
  class space    used 26414K, committed 27712K, reserved 1048576K
}
Event: 680.502 GC heap after
{Heap after GC invocations=72 (full 0):
 garbage-first heap   total 860160K, used 216754K [0x0000000600000000, 0x0000000800000000)
  region size 4096K, 2 young (8192K), 2 survivors (8192K)
 Metaspace       used 201577K, committed 204224K, reserved 1245184K
  class space    used 26414K, committed 27712K, reserved 1048576K
}
Event: 691.895 GC heap before
{Heap before GC invocations=72 (full 0):
 garbage-first heap   total 860160K, used 466610K [0x0000000600000000, 0x0000000800000000)
  region size 4096K, 63 young (258048K), 2 survivors (8192K)
 Metaspace       used 209228K, committed 211968K, reserved 1245184K
  class space    used 27417K, committed 28800K, reserved 1048576K
}
Event: 691.932 GC heap after
{Heap after GC invocations=73 (full 0):
 garbage-first heap   total 860160K, used 220908K [0x0000000600000000, 0x0000000800000000)
  region size 4096K, 3 young (12288K), 3 survivors (12288K)
 Metaspace       used 209228K, committed 211968K, reserved 1245184K
  class space    used 27417K, committed 28800K, reserved 1048576K
}
Event: 693.026 GC heap before
{Heap before GC invocations=73 (full 0):
 garbage-first heap   total 860160K, used 319212K [0x0000000600000000, 0x0000000800000000)
  region size 4096K, 27 young (110592K), 3 survivors (12288K)
 Metaspace       used 214120K, committed 216896K, reserved 1245184K
  class space    used 28086K, committed 29440K, reserved 1048576K
}
Event: 693.035 GC heap after
{Heap after GC invocations=74 (full 0):
 garbage-first heap   total 860160K, used 218857K [0x0000000600000000, 0x0000000800000000)
  region size 4096K, 2 young (8192K), 2 survivors (8192K)
 Metaspace       used 214120K, committed 216896K, reserved 1245184K
  class space    used 28086K, committed 29440K, reserved 1048576K
}
Event: 715.956 GC heap before
{Heap before GC invocations=74 (full 0):
 garbage-first heap   total 860160K, used 587497K [0x0000000600000000, 0x0000000800000000)
  region size 4096K, 93 young (380928K), 2 survivors (8192K)
 Metaspace       used 218991K, committed 221760K, reserved 1245184K
  class space    used 28548K, committed 29888K, reserved 1048576K
}
Event: 716.187 GC heap after
{Heap after GC invocations=75 (full 0):
 garbage-first heap   total 860160K, used 235064K [0x0000000600000000, 0x0000000800000000)
  region size 4096K, 6 young (24576K), 6 survivors (24576K)
 Metaspace       used 218991K, committed 221760K, reserved 1245184K
  class space    used 28548K, committed 29888K, reserved 1048576K
}
Event: 716.263 GC heap before
{Heap before GC invocations=75 (full 0):
 garbage-first heap   total 860160K, used 251448K [0x0000000600000000, 0x0000000800000000)
  region size 4096K, 10 young (40960K), 6 survivors (24576K)
 Metaspace       used 218991K, committed 221760K, reserved 1245184K
  class space    used 28548K, committed 29888K, reserved 1048576K
}
Event: 716.330 GC heap after
{Heap after GC invocations=76 (full 0):
 garbage-first heap   total 860160K, used 237484K [0x0000000600000000, 0x0000000800000000)
  region size 4096K, 1 young (4096K), 1 survivors (4096K)
 Metaspace       used 218991K, committed 221760K, reserved 1245184K
  class space    used 28548K, committed 29888K, reserved 1048576K
}
Event: 719.709 GC heap before
{Heap before GC invocations=76 (full 0):
 garbage-first heap   total 860160K, used 749484K [0x0000000600000000, 0x0000000800000000)
  region size 4096K, 126 young (516096K), 1 survivors (4096K)
 Metaspace       used 218997K, committed 221760K, reserved 1245184K
  class space    used 28548K, committed 29888K, reserved 1048576K
}
Event: 719.784 GC heap after
{Heap after GC invocations=77 (full 0):
 garbage-first heap   total 860160K, used 256158K [0x0000000600000000, 0x0000000800000000)
  region size 4096K, 5 young (20480K), 5 survivors (20480K)
 Metaspace       used 218997K, committed 221760K, reserved 1245184K
  class space    used 28548K, committed 29888K, reserved 1048576K
}
Event: 720.678 GC heap before
{Heap before GC invocations=77 (full 0):
 garbage-first heap   total 860160K, used 542878K [0x0000000600000000, 0x0000000800000000)
  region size 4096K, 75 young (307200K), 5 survivors (20480K)
 Metaspace       used 219000K, committed 221760K, reserved 1245184K
  class space    used 28548K, committed 29888K, reserved 1048576K
}
Event: 720.701 GC heap after
{Heap after GC invocations=78 (full 0):
 garbage-first heap   total 860160K, used 262918K [0x0000000600000000, 0x0000000800000000)
  region size 4096K, 6 young (24576K), 6 survivors (24576K)
 Metaspace       used 219000K, committed 221760K, reserved 1245184K
  class space    used 28548K, committed 29888K, reserved 1048576K
}
Event: 722.212 GC heap before
{Heap before GC invocations=78 (full 0):
 garbage-first heap   total 860160K, used 594694K [0x0000000600000000, 0x0000000800000000)
  region size 4096K, 88 young (360448K), 6 survivors (24576K)
 Metaspace       used 219011K, committed 221760K, reserved 1245184K
  class space    used 28548K, committed 29888K, reserved 1048576K
}
Event: 722.323 GC heap after
{Heap after GC invocations=79 (full 0):
 garbage-first heap   total 860160K, used 284742K [0x0000000600000000, 0x0000000800000000)
  region size 4096K, 9 young (36864K), 9 survivors (36864K)
 Metaspace       used 219011K, committed 221760K, reserved 1245184K
  class space    used 28548K, committed 29888K, reserved 1048576K
}
Event: 722.344 GC heap before
{Heap before GC invocations=79 (full 0):
 garbage-first heap   total 860160K, used 292934K [0x0000000600000000, 0x0000000800000000)
  region size 4096K, 11 young (45056K), 9 survivors (36864K)
 Metaspace       used 219011K, committed 221760K, reserved 1245184K
  class space    used 28548K, committed 29888K, reserved 1048576K
}
Event: 722.483 GC heap after
{Heap after GC invocations=80 (full 0):
 garbage-first heap   total 1798144K, used 292477K [0x0000000600000000, 0x0000000800000000)
  region size 4096K, 2 young (8192K), 2 survivors (8192K)
 Metaspace       used 219011K, committed 221760K, reserved 1245184K
  class space    used 28548K, committed 29888K, reserved 1048576K
}

