# JRE version: OpenJDK Runtime Environment (21.0.8) (build 21.0.8+-14196175-b1038.72)
# Java VM: OpenJDK 64-Bit Server VM (21.0.8+-14196175-b1038.72, mixed mode, tiered, compressed oops, compressed class ptrs, g1 gc, windows-amd64)
GC Precious Log:
 CardTable entry size: 512
 Card Set container configuration: InlinePtr #cards 4 size 8 Array Of Cards #cards 32 size 80 Howl #buckets 8 coarsen threshold 7372 Howl Bitmap #cards 1024 size 144 coarsen threshold 921 Card regions per heap region 1 cards per card region 8192
 CPUs: 8 total, 8 available
 Memory: 3968M
 Large Page Support: Disabled
 NUMA Support: Disabled
 Compressed Oops: Enabled (Zero based)
 Heap Region Size: 4M
 Heap Min Capacity: 8M
 Heap Initial Capacity: 64M
 Heap Max Capacity: 8G
 Pre-touch: Disabled
 Parallel Workers: 8
 Concurrent Workers: 2
 Concurrent Refinement Workers: 8
 Periodic GC: Disabled
Heap:
 garbage-first heap   total 1155072K, used 209527K [0x0000000600000000, 0x0000000800000000)
  region size 4096K, 1 young (4096K), 1 survivors (4096K)
 Metaspace       used 173206K, committed 175616K, reserved 1245184K
  class space    used 22354K, committed 23552K, reserved 1048576K
GC Heap History (20 events):
Event: 105.424 GC heap after
{Heap after GC invocations=97 (full 0):
 garbage-first heap   total 753664K, used 143592K [0x0000000600000000, 0x0000000800000000)
  region size 4096K, 6 young (24576K), 6 survivors (24576K)
 Metaspace       used 145857K, committed 147968K, reserved 1179648K
  class space    used 18894K, committed 19904K, reserved 1048576K
}
Event: 110.268 GC heap before
{Heap before GC invocations=97 (full 0):
 garbage-first heap   total 753664K, used 573672K [0x0000000600000000, 0x0000000800000000)
  region size 4096K, 110 young (450560K), 6 survivors (24576K)
 Metaspace       used 149437K, committed 151616K, reserved 1245184K
  class space    used 19508K, committed 20544K, reserved 1048576K
}
Event: 110.299 GC heap after
{Heap after GC invocations=98 (full 0):
 garbage-first heap   total 753664K, used 136890K [0x0000000600000000, 0x0000000800000000)
  region size 4096K, 4 young (16384K), 4 survivors (16384K)
 Metaspace       used 149437K, committed 151616K, reserved 1245184K
  class space    used 19508K, committed 20544K, reserved 1048576K
}
Event: 114.935 GC heap before
{Heap before GC invocations=98 (full 0):
 garbage-first heap   total 753664K, used 579258K [0x0000000600000000, 0x0000000800000000)
  region size 4096K, 110 young (450560K), 4 survivors (16384K)
 Metaspace       used 158592K, committed 160832K, reserved 1245184K
  class space    used 20835K, committed 21888K, reserved 1048576K
}
Event: 115.010 GC heap after
{Heap after GC invocations=99 (full 0):
 garbage-first heap   total 753664K, used 147881K [0x0000000600000000, 0x0000000800000000)
  region size 4096K, 6 young (24576K), 6 survivors (24576K)
 Metaspace       used 158592K, committed 160832K, reserved 1245184K
  class space    used 20835K, committed 21888K, reserved 1048576K
}
Event: 116.740 GC heap before
{Heap before GC invocations=99 (full 0):
 garbage-first heap   total 753664K, used 573865K [0x0000000600000000, 0x0000000800000000)
  region size 4096K, 110 young (450560K), 6 survivors (24576K)
 Metaspace       used 158592K, committed 160832K, reserved 1245184K
  class space    used 20835K, committed 21888K, reserved 1048576K
}
Event: 116.886 GC heap after
{Heap after GC invocations=100 (full 0):
 garbage-first heap   total 753664K, used 154843K [0x0000000600000000, 0x0000000800000000)
  region size 4096K, 7 young (28672K), 7 survivors (28672K)
 Metaspace       used 158592K, committed 160832K, reserved 1245184K
  class space    used 20835K, committed 21888K, reserved 1048576K
}
Event: 124.878 GC heap before
{Heap before GC invocations=100 (full 0):
 garbage-first heap   total 753664K, used 576731K [0x0000000600000000, 0x0000000800000000)
  region size 4096K, 110 young (450560K), 7 survivors (28672K)
 Metaspace       used 160122K, committed 162368K, reserved 1245184K
  class space    used 20958K, committed 22016K, reserved 1048576K
}
Event: 124.976 GC heap after
{Heap after GC invocations=101 (full 0):
 garbage-first heap   total 1155072K, used 147367K [0x0000000600000000, 0x0000000800000000)
  region size 4096K, 6 young (24576K), 6 survivors (24576K)
 Metaspace       used 160122K, committed 162368K, reserved 1245184K
  class space    used 20958K, committed 22016K, reserved 1048576K
}
Event: 127.789 GC heap before
{Heap before GC invocations=101 (full 0):
 garbage-first heap   total 1155072K, used 815015K [0x0000000600000000, 0x0000000800000000)
  region size 4096K, 169 young (692224K), 6 survivors (24576K)
 Metaspace       used 160221K, committed 162432K, reserved 1245184K
  class space    used 20959K, committed 22016K, reserved 1048576K
}
Event: 127.933 GC heap after
{Heap after GC invocations=102 (full 0):
 garbage-first heap   total 1155072K, used 149709K [0x0000000600000000, 0x0000000800000000)
  region size 4096K, 5 young (20480K), 5 survivors (20480K)
 Metaspace       used 160221K, committed 162432K, reserved 1245184K
  class space    used 20959K, committed 22016K, reserved 1048576K
}
Event: 132.298 GC heap before
{Heap before GC invocations=102 (full 0):
 garbage-first heap   total 1155072K, used 821453K [0x0000000600000000, 0x0000000800000000)
  region size 4096K, 169 young (692224K), 5 survivors (20480K)
 Metaspace       used 160222K, committed 162432K, reserved 1245184K
  class space    used 20959K, committed 22016K, reserved 1048576K
}
Event: 132.436 GC heap after
{Heap after GC invocations=103 (full 0):
 garbage-first heap   total 1155072K, used 151298K [0x0000000600000000, 0x0000000800000000)
  region size 4096K, 4 young (16384K), 4 survivors (16384K)
 Metaspace       used 160222K, committed 162432K, reserved 1245184K
  class space    used 20959K, committed 22016K, reserved 1048576K
}
Event: 192.588 GC heap before
{Heap before GC invocations=103 (full 0):
 garbage-first heap   total 1155072K, used 831234K [0x0000000600000000, 0x0000000800000000)
  region size 4096K, 169 young (692224K), 4 survivors (16384K)
 Metaspace       used 170575K, committed 172992K, reserved 1245184K
  class space    used 22109K, committed 23296K, reserved 1048576K
}
Event: 193.344 GC heap after
{Heap after GC invocations=104 (full 0):
 garbage-first heap   total 1155072K, used 195233K [0x0000000600000000, 0x0000000800000000)
  region size 4096K, 15 young (61440K), 15 survivors (61440K)
 Metaspace       used 170575K, committed 172992K, reserved 1245184K
  class space    used 22109K, committed 23296K, reserved 1048576K
}
Event: 193.420 GC heap before
{Heap before GC invocations=104 (full 0):
 garbage-first heap   total 1155072K, used 199329K [0x0000000600000000, 0x0000000800000000)
  region size 4096K, 16 young (65536K), 15 survivors (61440K)
 Metaspace       used 170584K, committed 173056K, reserved 1245184K
  class space    used 22110K, committed 23296K, reserved 1048576K
}
Event: 193.609 GC heap after
{Heap after GC invocations=105 (full 0):
 garbage-first heap   total 1155072K, used 200662K [0x0000000600000000, 0x0000000800000000)
  region size 4096K, 2 young (8192K), 2 survivors (8192K)
 Metaspace       used 170584K, committed 173056K, reserved 1245184K
  class space    used 22110K, committed 23296K, reserved 1048576K
}
Event: 201.506 GC heap before
{Heap before GC invocations=105 (full 0):
 garbage-first heap   total 1155072K, used 880598K [0x0000000600000000, 0x0000000800000000)
  region size 4096K, 169 young (692224K), 2 survivors (8192K)
 Metaspace       used 173200K, committed 175616K, reserved 1245184K
  class space    used 22354K, committed 23552K, reserved 1048576K
}
Event: 201.747 GC heap after
{Heap after GC invocations=106 (full 0):
 garbage-first heap   total 1155072K, used 208608K [0x0000000600000000, 0x0000000800000000)
  region size 4096K, 4 young (16384K), 4 survivors (16384K)
 Metaspace       used 173200K, committed 175616K, reserved 1245184K
  class space    used 22354K, committed 23552K, reserved 1048576K
}
Event: 201.815 GC heap before
{Heap before GC invocations=106 (full 0):
 garbage-first heap   total 1155072K, used 249568K [0x0000000600000000, 0x0000000800000000)
  region size 4096K, 14 young (57344K), 4 survivors (16384K)
 Metaspace       used 173206K, committed 175616K, reserved 1245184K
  class space    used 22354K, committed 23552K, reserved 1048576K
}

