# JRE version: OpenJDK Runtime Environment (21.0.8) (build 21.0.8+-14196175-b1038.72)
# Java VM: OpenJDK 64-Bit Server VM (21.0.8+-14196175-b1038.72, mixed mode, tiered, compressed oops, compressed class ptrs, g1 gc, windows-amd64)
GC Precious Log:
 CardTable entry size: 512
 Card Set container configuration: InlinePtr #cards 5 size 8 Array Of Cards #cards 12 size 40 Howl #buckets 4 coarsen threshold 1843 Howl Bitmap #cards 512 size 80 coarsen threshold 460 Card regions per heap region 1 cards per card region 2048
 CPUs: 8 total, 8 available
 Memory: 3968M
 Large Page Support: Disabled
 NUMA Support: Disabled
 Compressed Oops: Enabled (32-bit)
 Heap Region Size: 1M
 Heap Min Capacity: 8M
 Heap Initial Capacity: 64M
 Heap Max Capacity: 994M
 Pre-touch: Disabled
 Parallel Workers: 8
 Concurrent Workers: 2
 Concurrent Refinement Workers: 8
 Periodic GC: Disabled
Heap:
 garbage-first heap   total 68608K, used 46080K [0x00000000c1e00000, 0x0000000100000000)
  region size 1024K, 8 young (8192K), 2 survivors (2048K)
 Metaspace       used 58636K, committed 58944K, reserved 1114112K
  class space    used 6918K, committed 7040K, reserved 1048576K
GC Heap History (20 events):
Event: 5.699 GC heap before
{Heap before GC invocations=5 (full 0):
 garbage-first heap   total 43008K, used 23439K [0x00000000c1e00000, 0x0000000100000000)
  region size 1024K, 10 young (10240K), 3 survivors (3072K)
 Metaspace       used 35735K, committed 35968K, reserved 1114112K
  class space    used 4542K, committed 4672K, reserved 1048576K
}
Event: 5.707 GC heap after
{Heap after GC invocations=6 (full 0):
 garbage-first heap   total 43008K, used 17946K [0x00000000c1e00000, 0x0000000100000000)
  region size 1024K, 1 young (1024K), 1 survivors (1024K)
 Metaspace       used 35735K, committed 35968K, reserved 1114112K
  class space    used 4542K, committed 4672K, reserved 1048576K
}
Event: 6.077 GC heap before
{Heap before GC invocations=7 (full 0):
 garbage-first heap   total 43008K, used 35354K [0x00000000c1e00000, 0x0000000100000000)
  region size 1024K, 18 young (18432K), 1 survivors (1024K)
 Metaspace       used 38839K, committed 39104K, reserved 1114112K
  class space    used 4905K, committed 4992K, reserved 1048576K
}
Event: 6.085 GC heap after
{Heap after GC invocations=8 (full 0):
 garbage-first heap   total 43008K, used 20365K [0x00000000c1e00000, 0x0000000100000000)
  region size 1024K, 3 young (3072K), 3 survivors (3072K)
 Metaspace       used 38839K, committed 39104K, reserved 1114112K
  class space    used 4905K, committed 4992K, reserved 1048576K
}
Event: 6.578 GC heap before
{Heap before GC invocations=8 (full 0):
 garbage-first heap   total 43008K, used 34701K [0x00000000c1e00000, 0x0000000100000000)
  region size 1024K, 18 young (18432K), 3 survivors (3072K)
 Metaspace       used 41603K, committed 41856K, reserved 1114112K
  class space    used 5190K, committed 5312K, reserved 1048576K
}
Event: 6.589 GC heap after
{Heap after GC invocations=9 (full 0):
 garbage-first heap   total 43008K, used 21414K [0x00000000c1e00000, 0x0000000100000000)
  region size 1024K, 2 young (2048K), 2 survivors (2048K)
 Metaspace       used 41603K, committed 41856K, reserved 1114112K
  class space    used 5190K, committed 5312K, reserved 1048576K
}
Event: 6.961 GC heap before
{Heap before GC invocations=9 (full 0):
 garbage-first heap   total 43008K, used 34726K [0x00000000c1e00000, 0x0000000100000000)
  region size 1024K, 16 young (16384K), 2 survivors (2048K)
 Metaspace       used 45766K, committed 46016K, reserved 1114112K
  class space    used 5583K, committed 5696K, reserved 1048576K
}
Event: 6.966 GC heap after
{Heap after GC invocations=10 (full 0):
 garbage-first heap   total 43008K, used 22295K [0x00000000c1e00000, 0x0000000100000000)
  region size 1024K, 1 young (1024K), 1 survivors (1024K)
 Metaspace       used 45766K, committed 46016K, reserved 1114112K
  class space    used 5583K, committed 5696K, reserved 1048576K
}
Event: 7.921 GC heap before
{Heap before GC invocations=11 (full 0):
 garbage-first heap   total 43008K, used 35607K [0x00000000c1e00000, 0x0000000100000000)
  region size 1024K, 15 young (15360K), 1 survivors (1024K)
 Metaspace       used 48933K, committed 49216K, reserved 1114112K
  class space    used 5917K, committed 6016K, reserved 1048576K
}
Event: 7.928 GC heap after
{Heap after GC invocations=12 (full 0):
 garbage-first heap   total 43008K, used 24390K [0x00000000c1e00000, 0x0000000100000000)
  region size 1024K, 2 young (2048K), 2 survivors (2048K)
 Metaspace       used 48933K, committed 49216K, reserved 1114112K
  class space    used 5917K, committed 6016K, reserved 1048576K
}
Event: 8.298 GC heap before
{Heap before GC invocations=12 (full 0):
 garbage-first heap   total 43008K, used 36678K [0x00000000c1e00000, 0x0000000100000000)
  region size 1024K, 15 young (15360K), 2 survivors (2048K)
 Metaspace       used 52212K, committed 52480K, reserved 1114112K
  class space    used 6253K, committed 6336K, reserved 1048576K
}
Event: 8.311 GC heap after
{Heap after GC invocations=13 (full 0):
 garbage-first heap   total 43008K, used 25023K [0x00000000c1e00000, 0x0000000100000000)
  region size 1024K, 1 young (1024K), 1 survivors (1024K)
 Metaspace       used 52212K, committed 52480K, reserved 1114112K
  class space    used 6253K, committed 6336K, reserved 1048576K
}
Event: 8.782 GC heap before
{Heap before GC invocations=13 (full 0):
 garbage-first heap   total 43008K, used 37311K [0x00000000c1e00000, 0x0000000100000000)
  region size 1024K, 13 young (13312K), 1 survivors (1024K)
 Metaspace       used 54672K, committed 54912K, reserved 1114112K
  class space    used 6508K, committed 6592K, reserved 1048576K
}
Event: 8.789 GC heap after
{Heap after GC invocations=14 (full 0):
 garbage-first heap   total 52224K, used 26624K [0x00000000c1e00000, 0x0000000100000000)
  region size 1024K, 2 young (2048K), 2 survivors (2048K)
 Metaspace       used 54672K, committed 54912K, reserved 1114112K
  class space    used 6508K, committed 6592K, reserved 1048576K
}
Event: 8.972 GC heap before
{Heap before GC invocations=15 (full 0):
 garbage-first heap   total 52224K, used 47104K [0x00000000c1e00000, 0x0000000100000000)
  region size 1024K, 21 young (21504K), 2 survivors (2048K)
 Metaspace       used 54821K, committed 55104K, reserved 1114112K
  class space    used 6525K, committed 6656K, reserved 1048576K
}
Event: 8.988 GC heap after
{Heap after GC invocations=16 (full 0):
 garbage-first heap   total 57344K, used 35326K [0x00000000c1e00000, 0x0000000100000000)
  region size 1024K, 3 young (3072K), 3 survivors (3072K)
 Metaspace       used 54821K, committed 55104K, reserved 1114112K
  class space    used 6525K, committed 6656K, reserved 1048576K
}
Event: 9.332 GC heap before
{Heap before GC invocations=16 (full 0):
 garbage-first heap   total 57344K, used 48638K [0x00000000c1e00000, 0x0000000100000000)
  region size 1024K, 16 young (16384K), 3 survivors (3072K)
 Metaspace       used 55789K, committed 56064K, reserved 1114112K
  class space    used 6624K, committed 6720K, reserved 1048576K
}
Event: 9.343 GC heap after
{Heap after GC invocations=17 (full 0):
 garbage-first heap   total 57344K, used 38831K [0x00000000c1e00000, 0x0000000100000000)
  region size 1024K, 2 young (2048K), 2 survivors (2048K)
 Metaspace       used 55789K, committed 56064K, reserved 1114112K
  class space    used 6624K, committed 6720K, reserved 1048576K
}
Event: 10.302 GC heap before
{Heap before GC invocations=17 (full 0):
 garbage-first heap   total 57344K, used 49071K [0x00000000c1e00000, 0x0000000100000000)
  region size 1024K, 12 young (12288K), 2 survivors (2048K)
 Metaspace       used 57156K, committed 57408K, reserved 1114112K
  class space    used 6767K, committed 6848K, reserved 1048576K
}
Event: 10.311 GC heap after
{Heap after GC invocations=18 (full 0):
 garbage-first heap   total 57344K, used 40960K [0x00000000c1e00000, 0x0000000100000000)
  region size 1024K, 2 young (2048K), 2 survivors (2048K)
 Metaspace       used 57156K, committed 57408K, reserved 1114112K
  class space    used 6767K, committed 6848K, reserved 1048576K
}

