# JRE version: OpenJDK Runtime Environment (21.0.8) (build 21.0.8+-14196175-b1038.72)
# Java VM: OpenJDK 64-Bit Server VM (21.0.8+-14196175-b1038.72, mixed mode, tiered, compressed oops, compressed class ptrs, g1 gc, windows-amd64)
GC Precious Log:
 CardTable entry size: 512
 Card Set container configuration: InlinePtr #cards 5 size 8 Array Of Cards #cards 12 size 40 Howl #buckets 4 coarsen threshold 1843 Howl Bitmap #cards 512 size 80 coarsen threshold 460 Card regions per heap region 1 cards per card region 2048
 CPUs: 8 total, 8 available
 Memory: 3968M
 Large Page Support: Disabled
 NUMA Support: Disabled
 Compressed Oops: Enabled (32-bit)
 Heap Region Size: 1M
 Heap Min Capacity: 8M
 Heap Initial Capacity: 64M
 Heap Max Capacity: 2G
 Pre-touch: Disabled
 Parallel Workers: 8
 Concurrent Workers: 2
 Concurrent Refinement Workers: 8
 Periodic GC: Disabled
Heap:
 garbage-first heap   total 104448K, used 71976K [0x0000000080000000, 0x0000000100000000)
  region size 1024K, 10 young (10240K), 4 survivors (4096K)
 Metaspace       used 84320K, committed 86272K, reserved 557056K
  class space    used 12183K, committed 13184K, reserved 425984K
GC Heap History (20 events):
Event: 26.143 GC heap before
{Heap before GC invocations=20 (full 0):
 garbage-first heap   total 78848K, used 66624K [0x0000000080000000, 0x0000000100000000)
  region size 1024K, 30 young (30720K), 5 survivors (5120K)
 Metaspace       used 62802K, committed 64448K, reserved 491520K
  class space    used 8935K, committed 9728K, reserved 425984K
}
Event: 26.152 GC heap after
{Heap after GC invocations=21 (full 0):
 garbage-first heap   total 78848K, used 43521K [0x0000000080000000, 0x0000000100000000)
  region size 1024K, 2 young (2048K), 2 survivors (2048K)
 Metaspace       used 62802K, committed 64448K, reserved 491520K
  class space    used 8935K, committed 9728K, reserved 425984K
}
Event: 27.119 GC heap before
{Heap before GC invocations=21 (full 0):
 garbage-first heap   total 78848K, used 69121K [0x0000000080000000, 0x0000000100000000)
  region size 1024K, 28 young (28672K), 2 survivors (2048K)
 Metaspace       used 65427K, committed 67200K, reserved 491520K
  class space    used 9378K, committed 10240K, reserved 425984K
}
Event: 27.127 GC heap after
{Heap after GC invocations=22 (full 0):
 garbage-first heap   total 78848K, used 44955K [0x0000000080000000, 0x0000000100000000)
  region size 1024K, 4 young (4096K), 4 survivors (4096K)
 Metaspace       used 65427K, committed 67200K, reserved 491520K
  class space    used 9378K, committed 10240K, reserved 425984K
}
Event: 27.849 GC heap before
{Heap before GC invocations=23 (full 0):
 garbage-first heap   total 83968K, used 75675K [0x0000000080000000, 0x0000000100000000)
  region size 1024K, 27 young (27648K), 4 survivors (4096K)
 Metaspace       used 67901K, committed 69632K, reserved 491520K
  class space    used 9728K, committed 10560K, reserved 425984K
}
Event: 27.860 GC heap after
{Heap after GC invocations=24 (full 0):
 garbage-first heap   total 83968K, used 53760K [0x0000000080000000, 0x0000000100000000)
  region size 1024K, 4 young (4096K), 4 survivors (4096K)
 Metaspace       used 67901K, committed 69632K, reserved 491520K
  class space    used 9728K, committed 10560K, reserved 425984K
}
Event: 28.628 GC heap before
{Heap before GC invocations=24 (full 0):
 garbage-first heap   total 83968K, used 72192K [0x0000000080000000, 0x0000000100000000)
  region size 1024K, 23 young (23552K), 4 survivors (4096K)
 Metaspace       used 69973K, committed 71744K, reserved 491520K
  class space    used 10012K, committed 10880K, reserved 425984K
}
Event: 28.655 GC heap after
{Heap after GC invocations=25 (full 0):
 garbage-first heap   total 83968K, used 54426K [0x0000000080000000, 0x0000000100000000)
  region size 1024K, 1 young (1024K), 1 survivors (1024K)
 Metaspace       used 69973K, committed 71744K, reserved 491520K
  class space    used 10012K, committed 10880K, reserved 425984K
}
Event: 29.876 GC heap before
{Heap before GC invocations=25 (full 0):
 garbage-first heap   total 83968K, used 76954K [0x0000000080000000, 0x0000000100000000)
  region size 1024K, 23 young (23552K), 1 survivors (1024K)
 Metaspace       used 72860K, committed 74688K, reserved 491520K
  class space    used 10434K, committed 11328K, reserved 425984K
}
Event: 29.886 GC heap after
{Heap after GC invocations=26 (full 0):
 garbage-first heap   total 101376K, used 55364K [0x0000000080000000, 0x0000000100000000)
  region size 1024K, 2 young (2048K), 2 survivors (2048K)
 Metaspace       used 72860K, committed 74688K, reserved 491520K
  class space    used 10434K, committed 11328K, reserved 425984K
}
Event: 31.364 GC heap before
{Heap before GC invocations=27 (full 0):
 garbage-first heap   total 101376K, used 94276K [0x0000000080000000, 0x0000000100000000)
  region size 1024K, 37 young (37888K), 2 survivors (2048K)
 Metaspace       used 75511K, committed 77248K, reserved 557056K
  class space    used 10792K, committed 11648K, reserved 425984K
}
Event: 31.376 GC heap after
{Heap after GC invocations=28 (full 0):
 garbage-first heap   total 101376K, used 60242K [0x0000000080000000, 0x0000000100000000)
  region size 1024K, 4 young (4096K), 4 survivors (4096K)
 Metaspace       used 75511K, committed 77248K, reserved 557056K
  class space    used 10792K, committed 11648K, reserved 425984K
}
Event: 32.651 GC heap before
{Heap before GC invocations=28 (full 0):
 garbage-first heap   total 101376K, used 89938K [0x0000000080000000, 0x0000000100000000)
  region size 1024K, 33 young (33792K), 4 survivors (4096K)
 Metaspace       used 77431K, committed 79232K, reserved 557056K
  class space    used 11081K, committed 11968K, reserved 425984K
}
Event: 32.667 GC heap after
{Heap after GC invocations=29 (full 0):
 garbage-first heap   total 101376K, used 60405K [0x0000000080000000, 0x0000000100000000)
  region size 1024K, 3 young (3072K), 3 survivors (3072K)
 Metaspace       used 77431K, committed 79232K, reserved 557056K
  class space    used 11081K, committed 11968K, reserved 425984K
}
Event: 33.988 GC heap before
{Heap before GC invocations=29 (full 0):
 garbage-first heap   total 101376K, used 90101K [0x0000000080000000, 0x0000000100000000)
  region size 1024K, 33 young (33792K), 3 survivors (3072K)
 Metaspace       used 79356K, committed 81088K, reserved 557056K
  class space    used 11366K, committed 12224K, reserved 425984K
}
Event: 34.015 GC heap after
{Heap after GC invocations=30 (full 0):
 garbage-first heap   total 101376K, used 62460K [0x0000000080000000, 0x0000000100000000)
  region size 1024K, 3 young (3072K), 3 survivors (3072K)
 Metaspace       used 79356K, committed 81088K, reserved 557056K
  class space    used 11366K, committed 12224K, reserved 425984K
}
Event: 35.931 GC heap before
{Heap before GC invocations=31 (full 0):
 garbage-first heap   total 104448K, used 92156K [0x0000000080000000, 0x0000000100000000)
  region size 1024K, 32 young (32768K), 3 survivors (3072K)
 Metaspace       used 81707K, committed 83584K, reserved 557056K
  class space    used 11717K, committed 12608K, reserved 425984K
}
Event: 35.944 GC heap after
{Heap after GC invocations=32 (full 0):
 garbage-first heap   total 104448K, used 64229K [0x0000000080000000, 0x0000000100000000)
  region size 1024K, 4 young (4096K), 4 survivors (4096K)
 Metaspace       used 81707K, committed 83584K, reserved 557056K
  class space    used 11717K, committed 12608K, reserved 425984K
}
Event: 37.594 GC heap before
{Heap before GC invocations=32 (full 0):
 garbage-first heap   total 104448K, used 91877K [0x0000000080000000, 0x0000000100000000)
  region size 1024K, 32 young (32768K), 4 survivors (4096K)
 Metaspace       used 84156K, committed 86080K, reserved 557056K
  class space    used 12170K, committed 13120K, reserved 425984K
}
Event: 37.613 GC heap after
{Heap after GC invocations=33 (full 0):
 garbage-first heap   total 104448K, used 66856K [0x0000000080000000, 0x0000000100000000)
  region size 1024K, 4 young (4096K), 4 survivors (4096K)
 Metaspace       used 84156K, committed 86080K, reserved 557056K
  class space    used 12170K, committed 13120K, reserved 425984K
}

