# JRE version: OpenJDK Runtime Environment (21.0.8) (build 21.0.8+-14196175-b1038.72)
# Java VM: OpenJDK 64-Bit Server VM (21.0.8+-14196175-b1038.72, mixed mode, tiered, compressed oops, compressed class ptrs, g1 gc, windows-amd64)
GC Precious Log:
 CardTable entry size: 512
 Card Set container configuration: InlinePtr #cards 5 size 8 Array Of Cards #cards 12 size 40 Howl #buckets 4 coarsen threshold 1843 Howl Bitmap #cards 512 size 80 coarsen threshold 460 Card regions per heap region 1 cards per card region 2048
 CPUs: 8 total, 8 available
 Memory: 3968M
 Large Page Support: Disabled
 NUMA Support: Disabled
 Compressed Oops: Enabled (32-bit)
 Heap Region Size: 1M
 Heap Min Capacity: 8M
 Heap Initial Capacity: 64M
 Heap Max Capacity: 994M
 Pre-touch: Disabled
 Parallel Workers: 8
 Concurrent Workers: 2
 Concurrent Refinement Workers: 8
 Periodic GC: Disabled
Heap:
 garbage-first heap   total 112640K, used 80896K [0x00000000c1e00000, 0x0000000100000000)
  region size 1024K, 26 young (26624K), 3 survivors (3072K)
 Metaspace       used 81911K, committed 82240K, reserved 1179648K
  class space    used 9402K, committed 9536K, reserved 1048576K
GC Heap History (20 events):
Event: 10.367 GC heap before
{Heap before GC invocations=12 (full 0):
 garbage-first heap   total 49152K, used 41219K [0x00000000c1e00000, 0x0000000100000000)
  region size 1024K, 20 young (20480K), 3 survivors (3072K)
 Metaspace       used 52796K, committed 52992K, reserved 1114112K
  class space    used 6329K, committed 6400K, reserved 1048576K
}
Event: 10.376 GC heap after
{Heap after GC invocations=13 (full 0):
 garbage-first heap   total 49152K, used 25965K [0x00000000c1e00000, 0x0000000100000000)
  region size 1024K, 2 young (2048K), 2 survivors (2048K)
 Metaspace       used 52796K, committed 52992K, reserved 1114112K
  class space    used 6329K, committed 6400K, reserved 1048576K
}
Event: 11.250 GC heap before
{Heap before GC invocations=13 (full 0):
 garbage-first heap   total 49152K, used 42349K [0x00000000c1e00000, 0x0000000100000000)
  region size 1024K, 18 young (18432K), 2 survivors (2048K)
 Metaspace       used 56736K, committed 57024K, reserved 1114112K
  class space    used 6785K, committed 6912K, reserved 1048576K
}
Event: 11.258 GC heap after
{Heap after GC invocations=14 (full 0):
 garbage-first heap   total 49152K, used 27330K [0x00000000c1e00000, 0x0000000100000000)
  region size 1024K, 3 young (3072K), 3 survivors (3072K)
 Metaspace       used 56736K, committed 57024K, reserved 1114112K
  class space    used 6785K, committed 6912K, reserved 1048576K
}
Event: 12.136 GC heap before
{Heap before GC invocations=15 (full 0):
 garbage-first heap   total 49152K, used 42690K [0x00000000c1e00000, 0x0000000100000000)
  region size 1024K, 18 young (18432K), 3 survivors (3072K)
 Metaspace       used 60437K, committed 60672K, reserved 1114112K
  class space    used 7302K, committed 7424K, reserved 1048576K
}
Event: 12.147 GC heap after
{Heap after GC invocations=16 (full 0):
 garbage-first heap   total 50176K, used 30825K [0x00000000c1e00000, 0x0000000100000000)
  region size 1024K, 3 young (3072K), 3 survivors (3072K)
 Metaspace       used 60437K, committed 60672K, reserved 1114112K
  class space    used 7302K, committed 7424K, reserved 1048576K
}
Event: 12.237 GC heap before
{Heap before GC invocations=16 (full 0):
 garbage-first heap   total 50176K, used 42089K [0x00000000c1e00000, 0x0000000100000000)
  region size 1024K, 15 young (15360K), 3 survivors (3072K)
 Metaspace       used 60486K, committed 60736K, reserved 1114112K
  class space    used 7302K, committed 7424K, reserved 1048576K
}
Event: 12.256 GC heap after
{Heap after GC invocations=17 (full 0):
 garbage-first heap   total 51200K, used 34645K [0x00000000c1e00000, 0x0000000100000000)
  region size 1024K, 2 young (2048K), 2 survivors (2048K)
 Metaspace       used 60486K, committed 60736K, reserved 1114112K
  class space    used 7302K, committed 7424K, reserved 1048576K
}
Event: 12.490 GC heap before
{Heap before GC invocations=17 (full 0):
 garbage-first heap   total 51200K, used 43861K [0x00000000c1e00000, 0x0000000100000000)
  region size 1024K, 11 young (11264K), 2 survivors (2048K)
 Metaspace       used 61118K, committed 61440K, reserved 1114112K
  class space    used 7347K, committed 7488K, reserved 1048576K
}
Event: 12.495 GC heap after
{Heap after GC invocations=18 (full 0):
 garbage-first heap   total 51200K, used 37739K [0x00000000c1e00000, 0x0000000100000000)
  region size 1024K, 2 young (2048K), 2 survivors (2048K)
 Metaspace       used 61118K, committed 61440K, reserved 1114112K
  class space    used 7347K, committed 7488K, reserved 1048576K
}
Event: 12.634 GC heap before
{Heap before GC invocations=19 (full 0):
 garbage-first heap   total 63488K, used 43883K [0x00000000c1e00000, 0x0000000100000000)
  region size 1024K, 9 young (9216K), 2 survivors (2048K)
 Metaspace       used 61170K, committed 61504K, reserved 1114112K
  class space    used 7350K, committed 7488K, reserved 1048576K
}
Event: 12.641 GC heap after
{Heap after GC invocations=20 (full 0):
 garbage-first heap   total 63488K, used 40207K [0x00000000c1e00000, 0x0000000100000000)
  region size 1024K, 2 young (2048K), 2 survivors (2048K)
 Metaspace       used 61170K, committed 61504K, reserved 1114112K
  class space    used 7350K, committed 7488K, reserved 1048576K
}
Event: 13.413 GC heap before
{Heap before GC invocations=20 (full 0):
 garbage-first heap   total 63488K, used 51471K [0x00000000c1e00000, 0x0000000100000000)
  region size 1024K, 14 young (14336K), 2 survivors (2048K)
 Metaspace       used 64035K, committed 64320K, reserved 1114112K
  class space    used 7742K, committed 7872K, reserved 1048576K
}
Event: 13.423 GC heap after
{Heap after GC invocations=21 (full 0):
 garbage-first heap   total 112640K, used 41803K [0x00000000c1e00000, 0x0000000100000000)
  region size 1024K, 2 young (2048K), 2 survivors (2048K)
 Metaspace       used 64035K, committed 64320K, reserved 1114112K
  class space    used 7742K, committed 7872K, reserved 1048576K
}
Event: 15.095 GC heap before
{Heap before GC invocations=21 (full 0):
 garbage-first heap   total 112640K, used 81739K [0x00000000c1e00000, 0x0000000100000000)
  region size 1024K, 42 young (43008K), 2 survivors (2048K)
 Metaspace       used 69370K, committed 69632K, reserved 1114112K
  class space    used 8380K, committed 8512K, reserved 1048576K
}
Event: 15.128 GC heap after
{Heap after GC invocations=22 (full 0):
 garbage-first heap   total 112640K, used 48898K [0x00000000c1e00000, 0x0000000100000000)
  region size 1024K, 6 young (6144K), 6 survivors (6144K)
 Metaspace       used 69370K, committed 69632K, reserved 1114112K
  class space    used 8380K, committed 8512K, reserved 1048576K
}
Event: 17.767 GC heap before
{Heap before GC invocations=22 (full 0):
 garbage-first heap   total 112640K, used 88834K [0x00000000c1e00000, 0x0000000100000000)
  region size 1024K, 45 young (46080K), 6 survivors (6144K)
 Metaspace       used 72577K, committed 72896K, reserved 1114112K
  class space    used 8592K, committed 8768K, reserved 1048576K
}
Event: 17.870 GC heap after
{Heap after GC invocations=23 (full 0):
 garbage-first heap   total 112640K, used 55774K [0x00000000c1e00000, 0x0000000100000000)
  region size 1024K, 6 young (6144K), 6 survivors (6144K)
 Metaspace       used 72577K, committed 72896K, reserved 1114112K
  class space    used 8592K, committed 8768K, reserved 1048576K
}
Event: 21.077 GC heap before
{Heap before GC invocations=23 (full 0):
 garbage-first heap   total 112640K, used 91614K [0x00000000c1e00000, 0x0000000100000000)
  region size 1024K, 41 young (41984K), 6 survivors (6144K)
 Metaspace       used 76898K, committed 77184K, reserved 1179648K
  class space    used 8894K, committed 9024K, reserved 1048576K
}
Event: 21.208 GC heap after
{Heap after GC invocations=24 (full 0):
 garbage-first heap   total 112640K, used 58368K [0x00000000c1e00000, 0x0000000100000000)
  region size 1024K, 3 young (3072K), 3 survivors (3072K)
 Metaspace       used 76898K, committed 77184K, reserved 1179648K
  class space    used 8894K, committed 9024K, reserved 1048576K
}

