# JRE version: OpenJDK Runtime Environment (21.0.8) (build 21.0.8+-14196175-b1038.72)
# Java VM: OpenJDK 64-Bit Server VM (21.0.8+-14196175-b1038.72, mixed mode, tiered, compressed oops, compressed class ptrs, g1 gc, windows-amd64)
GC Precious Log:
 CardTable entry size: 512
 Card Set container configuration: InlinePtr #cards 4 size 8 Array Of Cards #cards 32 size 80 Howl #buckets 8 coarsen threshold 7372 Howl Bitmap #cards 1024 size 144 coarsen threshold 921 Card regions per heap region 1 cards per card region 8192
 CPUs: 8 total, 8 available
 Memory: 3968M
 Large Page Support: Disabled
 NUMA Support: Disabled
 Compressed Oops: Enabled (Zero based)
 Heap Region Size: 4M
 Heap Min Capacity: 8M
 Heap Initial Capacity: 64M
 Heap Max Capacity: 8G
 Pre-touch: Disabled
 Parallel Workers: 8
 Concurrent Workers: 2
 Concurrent Refinement Workers: 8
 Periodic GC: Disabled
Heap:
 garbage-first heap   total 1060864K, used 174295K [0x0000000600000000, 0x0000000800000000)
  region size 4096K, 11 young (45056K), 11 survivors (45056K)
 Metaspace       used 108506K, committed 110592K, reserved 1179648K
  class space    used 14872K, committed 15872K, reserved 1048576K
GC Heap History (20 events):
Event: 27.266 GC heap after
{Heap after GC invocations=58 (full 0):
 garbage-first heap   total 466944K, used 136412K [0x0000000600000000, 0x0000000800000000)
  region size 4096K, 2 young (8192K), 2 survivors (8192K)
 Metaspace       used 90128K, committed 92032K, reserved 1179648K
  class space    used 12681K, committed 13632K, reserved 1048576K
}
Event: 27.633 GC heap before
{Heap before GC invocations=59 (full 0):
 garbage-first heap   total 466944K, used 402652K [0x0000000600000000, 0x0000000800000000)
  region size 4096K, 68 young (278528K), 2 survivors (8192K)
 Metaspace       used 90137K, committed 92032K, reserved 1179648K
  class space    used 12681K, committed 13632K, reserved 1048576K
}
Event: 27.639 GC heap after
{Heap after GC invocations=60 (full 0):
 garbage-first heap   total 466944K, used 138785K [0x0000000600000000, 0x0000000800000000)
  region size 4096K, 3 young (12288K), 3 survivors (12288K)
 Metaspace       used 90137K, committed 92032K, reserved 1179648K
  class space    used 12681K, committed 13632K, reserved 1048576K
}
Event: 28.634 GC heap before
{Heap before GC invocations=60 (full 0):
 garbage-first heap   total 466944K, used 405025K [0x0000000600000000, 0x0000000800000000)
  region size 4096K, 68 young (278528K), 3 survivors (12288K)
 Metaspace       used 90144K, committed 92096K, reserved 1179648K
  class space    used 12682K, committed 13632K, reserved 1048576K
}
Event: 28.648 GC heap after
{Heap after GC invocations=61 (full 0):
 garbage-first heap   total 1060864K, used 140327K [0x0000000600000000, 0x0000000800000000)
  region size 4096K, 4 young (16384K), 4 survivors (16384K)
 Metaspace       used 90144K, committed 92096K, reserved 1179648K
  class space    used 12682K, committed 13632K, reserved 1048576K
}
Event: 32.585 GC heap before
{Heap before GC invocations=61 (full 0):
 garbage-first heap   total 1060864K, used 758823K [0x0000000600000000, 0x0000000800000000)
  region size 4096K, 155 young (634880K), 4 survivors (16384K)
 Metaspace       used 90152K, committed 92096K, reserved 1179648K
  class space    used 12682K, committed 13632K, reserved 1048576K
}
Event: 32.727 GC heap after
{Heap after GC invocations=62 (full 0):
 garbage-first heap   total 1060864K, used 148700K [0x0000000600000000, 0x0000000800000000)
  region size 4096K, 6 young (24576K), 6 survivors (24576K)
 Metaspace       used 90152K, committed 92096K, reserved 1179648K
  class space    used 12682K, committed 13632K, reserved 1048576K
}
Event: 41.834 GC heap before
{Heap before GC invocations=62 (full 0):
 garbage-first heap   total 1060864K, used 759004K [0x0000000600000000, 0x0000000800000000)
  region size 4096K, 155 young (634880K), 6 survivors (24576K)
 Metaspace       used 90210K, committed 92096K, reserved 1179648K
  class space    used 12688K, committed 13632K, reserved 1048576K
}
Event: 42.088 GC heap after
{Heap after GC invocations=63 (full 0):
 garbage-first heap   total 1060864K, used 150022K [0x0000000600000000, 0x0000000800000000)
  region size 4096K, 8 young (32768K), 8 survivors (32768K)
 Metaspace       used 90210K, committed 92096K, reserved 1179648K
  class space    used 12688K, committed 13632K, reserved 1048576K
}
Event: 116.601 GC heap before
{Heap before GC invocations=63 (full 0):
 garbage-first heap   total 1060864K, used 752134K [0x0000000600000000, 0x0000000800000000)
  region size 4096K, 155 young (634880K), 8 survivors (32768K)
 Metaspace       used 106778K, committed 108800K, reserved 1179648K
  class space    used 14660K, committed 15616K, reserved 1048576K
}
Event: 117.263 GC heap after
{Heap after GC invocations=64 (full 0):
 garbage-first heap   total 1060864K, used 163245K [0x0000000600000000, 0x0000000800000000)
  region size 4096K, 11 young (45056K), 11 survivors (45056K)
 Metaspace       used 106778K, committed 108800K, reserved 1179648K
  class space    used 14660K, committed 15616K, reserved 1048576K
}
Event: 117.271 GC heap before
{Heap before GC invocations=64 (full 0):
 garbage-first heap   total 1060864K, used 167341K [0x0000000600000000, 0x0000000800000000)
  region size 4096K, 12 young (49152K), 11 survivors (45056K)
 Metaspace       used 106778K, committed 108800K, reserved 1179648K
  class space    used 14660K, committed 15616K, reserved 1048576K
}
Event: 117.425 GC heap after
{Heap after GC invocations=65 (full 0):
 garbage-first heap   total 1060864K, used 165585K [0x0000000600000000, 0x0000000800000000)
  region size 4096K, 1 young (4096K), 1 survivors (4096K)
 Metaspace       used 106778K, committed 108800K, reserved 1179648K
  class space    used 14660K, committed 15616K, reserved 1048576K
}
Event: 147.618 GC heap before
{Heap before GC invocations=65 (full 0):
 garbage-first heap   total 1060864K, used 792273K [0x0000000600000000, 0x0000000800000000)
  region size 4096K, 155 young (634880K), 1 survivors (4096K)
 Metaspace       used 107303K, committed 109376K, reserved 1179648K
  class space    used 14715K, committed 15744K, reserved 1048576K
}
Event: 148.127 GC heap after
{Heap after GC invocations=66 (full 0):
 garbage-first heap   total 1060864K, used 186384K [0x0000000600000000, 0x0000000800000000)
  region size 4096K, 6 young (24576K), 6 survivors (24576K)
 Metaspace       used 107303K, committed 109376K, reserved 1179648K
  class space    used 14715K, committed 15744K, reserved 1048576K
}
Event: 148.202 GC heap before
{Heap before GC invocations=66 (full 0):
 garbage-first heap   total 1060864K, used 210960K [0x0000000600000000, 0x0000000800000000)
  region size 4096K, 12 young (49152K), 6 survivors (24576K)
 Metaspace       used 107303K, committed 109376K, reserved 1179648K
  class space    used 14715K, committed 15744K, reserved 1048576K
}
Event: 148.343 GC heap after
{Heap after GC invocations=67 (full 0):
 garbage-first heap   total 1060864K, used 189057K [0x0000000600000000, 0x0000000800000000)
  region size 4096K, 1 young (4096K), 1 survivors (4096K)
 Metaspace       used 107303K, committed 109376K, reserved 1179648K
  class space    used 14715K, committed 15744K, reserved 1048576K
}
Event: 155.844 GC heap before
{Heap before GC invocations=68 (full 0):
 garbage-first heap   total 630784K, used 553601K [0x0000000600000000, 0x0000000800000000)
  region size 4096K, 92 young (376832K), 1 survivors (4096K)
 Metaspace       used 107383K, committed 109440K, reserved 1179648K
  class space    used 14716K, committed 15744K, reserved 1048576K
}
Event: 155.896 GC heap after
{Heap after GC invocations=69 (full 0):
 garbage-first heap   total 630784K, used 194807K [0x0000000600000000, 0x0000000800000000)
  region size 4096K, 4 young (16384K), 4 survivors (16384K)
 Metaspace       used 107383K, committed 109440K, reserved 1179648K
  class space    used 14716K, committed 15744K, reserved 1048576K
}
Event: 158.882 GC heap before
{Heap before GC invocations=69 (full 0):
 garbage-first heap   total 630784K, used 551159K [0x0000000600000000, 0x0000000800000000)
  region size 4096K, 92 young (376832K), 4 survivors (16384K)
 Metaspace       used 108506K, committed 110592K, reserved 1179648K
  class space    used 14872K, committed 15872K, reserved 1048576K
}

