# JRE version: OpenJDK Runtime Environment (21.0.8) (build 21.0.8+-14196175-b1038.72)
# Java VM: OpenJDK 64-Bit Server VM (21.0.8+-14196175-b1038.72, mixed mode, tiered, compressed oops, compressed class ptrs, g1 gc, windows-amd64)
GC Precious Log:
 CardTable entry size: 512
 Card Set container configuration: InlinePtr #cards 5 size 8 Array Of Cards #cards 12 size 40 Howl #buckets 4 coarsen threshold 1843 Howl Bitmap #cards 512 size 80 coarsen threshold 460 Card regions per heap region 1 cards per card region 2048
 CPUs: 8 total, 8 available
 Memory: 3968M
 Large Page Support: Disabled
 NUMA Support: Disabled
 Compressed Oops: Enabled (32-bit)
 Heap Region Size: 1M
 Heap Min Capacity: 8M
 Heap Initial Capacity: 64M
 Heap Max Capacity: 994M
 Pre-touch: Disabled
 Parallel Workers: 8
 Concurrent Workers: 2
 Concurrent Refinement Workers: 8
 Periodic GC: Disabled
Heap:
 garbage-first heap   total 126976K, used 63488K [0x00000000c1e00000, 0x0000000100000000)
  region size 1024K, 7 young (7168K), 3 survivors (3072K)
 Metaspace       used 72357K, committed 72704K, reserved 1114112K
  class space    used 8234K, committed 8384K, reserved 1048576K
GC Heap History (20 events):
Event: 12.661 GC heap before
{Heap before GC invocations=16 (full 0):
 garbage-first heap   total 43008K, used 37040K [0x00000000c1e00000, 0x0000000100000000)
  region size 1024K, 10 young (10240K), 2 survivors (2048K)
 Metaspace       used 54557K, committed 54784K, reserved 1114112K
  class space    used 6507K, committed 6592K, reserved 1048576K
}
Event: 12.671 GC heap after
{Heap after GC invocations=17 (full 0):
 garbage-first heap   total 52224K, used 31735K [0x00000000c1e00000, 0x0000000100000000)
  region size 1024K, 2 young (2048K), 2 survivors (2048K)
 Metaspace       used 54557K, committed 54784K, reserved 1114112K
  class space    used 6507K, committed 6592K, reserved 1048576K
}
Event: 13.025 GC heap before
{Heap before GC invocations=17 (full 0):
 garbage-first heap   total 52224K, used 45047K [0x00000000c1e00000, 0x0000000100000000)
  region size 1024K, 15 young (15360K), 2 survivors (2048K)
 Metaspace       used 55442K, committed 55744K, reserved 1114112K
  class space    used 6589K, committed 6720K, reserved 1048576K
}
Event: 13.035 GC heap after
{Heap after GC invocations=18 (full 0):
 garbage-first heap   total 52224K, used 35840K [0x00000000c1e00000, 0x0000000100000000)
  region size 1024K, 2 young (2048K), 2 survivors (2048K)
 Metaspace       used 55442K, committed 55744K, reserved 1114112K
  class space    used 6589K, committed 6720K, reserved 1048576K
}
Event: 13.429 GC heap before
{Heap before GC invocations=19 (full 0):
 garbage-first heap   total 60416K, used 45056K [0x00000000c1e00000, 0x0000000100000000)
  region size 1024K, 11 young (11264K), 2 survivors (2048K)
 Metaspace       used 55814K, committed 56064K, reserved 1114112K
  class space    used 6626K, committed 6720K, reserved 1048576K
}
Event: 13.441 GC heap after
{Heap after GC invocations=20 (full 0):
 garbage-first heap   total 60416K, used 38912K [0x00000000c1e00000, 0x0000000100000000)
  region size 1024K, 2 young (2048K), 2 survivors (2048K)
 Metaspace       used 55814K, committed 56064K, reserved 1114112K
  class space    used 6626K, committed 6720K, reserved 1048576K
}
Event: 14.607 GC heap before
{Heap before GC invocations=20 (full 0):
 garbage-first heap   total 60416K, used 50176K [0x00000000c1e00000, 0x0000000100000000)
  region size 1024K, 14 young (14336K), 2 survivors (2048K)
 Metaspace       used 57784K, committed 58048K, reserved 1114112K
  class space    used 6850K, committed 6976K, reserved 1048576K
}
Event: 14.614 GC heap after
{Heap after GC invocations=21 (full 0):
 garbage-first heap   total 60416K, used 40857K [0x00000000c1e00000, 0x0000000100000000)
  region size 1024K, 2 young (2048K), 2 survivors (2048K)
 Metaspace       used 57784K, committed 58048K, reserved 1114112K
  class space    used 6850K, committed 6976K, reserved 1048576K
}
Event: 16.112 GC heap before
{Heap before GC invocations=21 (full 0):
 garbage-first heap   total 60416K, used 52121K [0x00000000c1e00000, 0x0000000100000000)
  region size 1024K, 13 young (13312K), 2 survivors (2048K)
 Metaspace       used 60396K, committed 60608K, reserved 1114112K
  class space    used 7146K, committed 7232K, reserved 1048576K
}
Event: 16.120 GC heap after
{Heap after GC invocations=22 (full 0):
 garbage-first heap   total 60416K, used 42171K [0x00000000c1e00000, 0x0000000100000000)
  region size 1024K, 2 young (2048K), 2 survivors (2048K)
 Metaspace       used 60396K, committed 60608K, reserved 1114112K
  class space    used 7146K, committed 7232K, reserved 1048576K
}
Event: 16.964 GC heap before
{Heap before GC invocations=23 (full 0):
 garbage-first heap   total 71680K, used 51387K [0x00000000c1e00000, 0x0000000100000000)
  region size 1024K, 12 young (12288K), 2 survivors (2048K)
 Metaspace       used 61456K, committed 61760K, reserved 1114112K
  class space    used 7283K, committed 7424K, reserved 1048576K
}
Event: 16.974 GC heap after
{Heap after GC invocations=24 (full 0):
 garbage-first heap   total 71680K, used 44032K [0x00000000c1e00000, 0x0000000100000000)
  region size 1024K, 2 young (2048K), 2 survivors (2048K)
 Metaspace       used 61456K, committed 61760K, reserved 1114112K
  class space    used 7283K, committed 7424K, reserved 1048576K
}
Event: 17.522 GC heap before
{Heap before GC invocations=24 (full 0):
 garbage-first heap   total 71680K, used 61440K [0x00000000c1e00000, 0x0000000100000000)
  region size 1024K, 19 young (19456K), 2 survivors (2048K)
 Metaspace       used 62191K, committed 62464K, reserved 1114112K
  class space    used 7362K, committed 7488K, reserved 1048576K
}
Event: 17.536 GC heap after
{Heap after GC invocations=25 (full 0):
 garbage-first heap   total 71680K, used 48128K [0x00000000c1e00000, 0x0000000100000000)
  region size 1024K, 3 young (3072K), 3 survivors (3072K)
 Metaspace       used 62191K, committed 62464K, reserved 1114112K
  class space    used 7362K, committed 7488K, reserved 1048576K
}
Event: 18.667 GC heap before
{Heap before GC invocations=25 (full 0):
 garbage-first heap   total 71680K, used 61440K [0x00000000c1e00000, 0x0000000100000000)
  region size 1024K, 17 young (17408K), 3 survivors (3072K)
 Metaspace       used 63412K, committed 63680K, reserved 1114112K
  class space    used 7426K, committed 7552K, reserved 1048576K
}
Event: 18.678 GC heap after
{Heap after GC invocations=26 (full 0):
 garbage-first heap   total 126976K, used 51525K [0x00000000c1e00000, 0x0000000100000000)
  region size 1024K, 3 young (3072K), 3 survivors (3072K)
 Metaspace       used 63412K, committed 63680K, reserved 1114112K
  class space    used 7426K, committed 7552K, reserved 1048576K
}
Event: 22.403 GC heap before
{Heap before GC invocations=27 (full 0):
 garbage-first heap   total 126976K, used 93509K [0x00000000c1e00000, 0x0000000100000000)
  region size 1024K, 44 young (45056K), 3 survivors (3072K)
 Metaspace       used 68644K, committed 68928K, reserved 1114112K
  class space    used 7991K, committed 8064K, reserved 1048576K
}
Event: 22.423 GC heap after
{Heap after GC invocations=28 (full 0):
 garbage-first heap   total 126976K, used 57344K [0x00000000c1e00000, 0x0000000100000000)
  region size 1024K, 6 young (6144K), 6 survivors (6144K)
 Metaspace       used 68644K, committed 68928K, reserved 1114112K
  class space    used 7991K, committed 8064K, reserved 1048576K
}
Event: 25.322 GC heap before
{Heap before GC invocations=28 (full 0):
 garbage-first heap   total 126976K, used 100352K [0x00000000c1e00000, 0x0000000100000000)
  region size 1024K, 48 young (49152K), 6 survivors (6144K)
 Metaspace       used 72077K, committed 72448K, reserved 1114112K
  class space    used 8199K, committed 8384K, reserved 1048576K
}
Event: 25.365 GC heap after
{Heap after GC invocations=29 (full 0):
 garbage-first heap   total 126976K, used 60416K [0x00000000c1e00000, 0x0000000100000000)
  region size 1024K, 3 young (3072K), 3 survivors (3072K)
 Metaspace       used 72077K, committed 72448K, reserved 1114112K
  class space    used 8199K, committed 8384K, reserved 1048576K
}

