# JRE version: OpenJDK Runtime Environment (21.0.8) (build 21.0.8+-14196175-b1038.72)
# Java VM: OpenJDK 64-Bit Server VM (21.0.8+-14196175-b1038.72, mixed mode, tiered, compressed oops, compressed class ptrs, g1 gc, windows-amd64)
GC Precious Log:
 CardTable entry size: 512
 Card Set container configuration: InlinePtr #cards 5 size 8 Array Of Cards #cards 12 size 40 Howl #buckets 4 coarsen threshold 1843 Howl Bitmap #cards 512 size 80 coarsen threshold 460 Card regions per heap region 1 cards per card region 2048
 CPUs: 8 total, 8 available
 Memory: 3968M
 Large Page Support: Disabled
 NUMA Support: Disabled
 Compressed Oops: Enabled (32-bit)
 Heap Region Size: 1M
 Heap Min Capacity: 8M
 Heap Initial Capacity: 64M
 Heap Max Capacity: 2G
 Pre-touch: Disabled
 Parallel Workers: 8
 Concurrent Workers: 2
 Concurrent Refinement Workers: 8
 Periodic GC: Disabled
Heap:
 garbage-first heap   total 400384K, used 233927K [0x0000000080000000, 0x0000000100000000)
  region size 1024K, 24 young (24576K), 7 survivors (7168K)
 Metaspace       used 157292K, committed 159872K, reserved 622592K
  class space    used 21492K, committed 22720K, reserved 425984K
GC Heap History (20 events):
Event: 61.467 GC heap before
{Heap before GC invocations=57 (full 0):
 garbage-first heap   total 258048K, used 234623K [0x0000000080000000, 0x0000000100000000)
  region size 1024K, 72 young (73728K), 5 survivors (5120K)
 Metaspace       used 134399K, committed 136704K, reserved 557056K
  class space    used 18998K, committed 20096K, reserved 425984K
}
Event: 61.513 GC heap after
{Heap after GC invocations=58 (full 0):
 garbage-first heap   total 258048K, used 172700K [0x0000000080000000, 0x0000000100000000)
  region size 1024K, 9 young (9216K), 9 survivors (9216K)
 Metaspace       used 134399K, committed 136704K, reserved 557056K
  class space    used 18998K, committed 20096K, reserved 425984K
}
Event: 72.780 GC heap before
{Heap before GC invocations=59 (full 0):
 garbage-first heap   total 288768K, used 237212K [0x0000000080000000, 0x0000000100000000)
  region size 1024K, 68 young (69632K), 9 survivors (9216K)
 Metaspace       used 139027K, committed 141376K, reserved 557056K
  class space    used 19468K, committed 20608K, reserved 425984K
}
Event: 72.801 GC heap after
{Heap after GC invocations=60 (full 0):
 garbage-first heap   total 288768K, used 175425K [0x0000000080000000, 0x0000000100000000)
  region size 1024K, 3 young (3072K), 3 survivors (3072K)
 Metaspace       used 139027K, committed 141376K, reserved 557056K
  class space    used 19468K, committed 20608K, reserved 425984K
}
Event: 73.287 GC heap before
{Heap before GC invocations=60 (full 0):
 garbage-first heap   total 312320K, used 310593K [0x0000000080000000, 0x0000000100000000)
  region size 1024K, 52 young (53248K), 3 survivors (3072K)
 Metaspace       used 139294K, committed 141696K, reserved 557056K
  class space    used 19498K, committed 20672K, reserved 425984K
}
Event: 73.297 GC heap after
{Heap after GC invocations=61 (full 0):
 garbage-first heap   total 321536K, used 204218K [0x0000000080000000, 0x0000000100000000)
  region size 1024K, 7 young (7168K), 7 survivors (7168K)
 Metaspace       used 139294K, committed 141696K, reserved 557056K
  class space    used 19498K, committed 20672K, reserved 425984K
}
Event: 75.023 GC heap before
{Heap before GC invocations=61 (full 0):
 garbage-first heap   total 321536K, used 289210K [0x0000000080000000, 0x0000000100000000)
  region size 1024K, 91 young (93184K), 7 survivors (7168K)
 Metaspace       used 141737K, committed 144128K, reserved 557056K
  class space    used 19829K, committed 20992K, reserved 425984K
}
Event: 75.031 GC heap after
{Heap after GC invocations=62 (full 0):
 garbage-first heap   total 321536K, used 180631K [0x0000000080000000, 0x0000000100000000)
  region size 1024K, 10 young (10240K), 10 survivors (10240K)
 Metaspace       used 141737K, committed 144128K, reserved 557056K
  class space    used 19829K, committed 20992K, reserved 425984K
}
Event: 79.900 GC heap before
{Heap before GC invocations=62 (full 0):
 garbage-first heap   total 321536K, used 284055K [0x0000000080000000, 0x0000000100000000)
  region size 1024K, 112 young (114688K), 10 survivors (10240K)
 Metaspace       used 145503K, committed 147904K, reserved 557056K
  class space    used 20301K, committed 21504K, reserved 425984K
}
Event: 79.918 GC heap after
{Heap after GC invocations=63 (full 0):
 garbage-first heap   total 321536K, used 187646K [0x0000000080000000, 0x0000000100000000)
  region size 1024K, 14 young (14336K), 14 survivors (14336K)
 Metaspace       used 145503K, committed 147904K, reserved 557056K
  class space    used 20301K, committed 21504K, reserved 425984K
}
Event: 82.775 GC heap before
{Heap before GC invocations=63 (full 0):
 garbage-first heap   total 321536K, used 287998K [0x0000000080000000, 0x0000000100000000)
  region size 1024K, 113 young (115712K), 14 survivors (14336K)
 Metaspace       used 146888K, committed 149376K, reserved 557056K
  class space    used 20426K, committed 21632K, reserved 425984K
}
Event: 82.796 GC heap after
{Heap after GC invocations=64 (full 0):
 garbage-first heap   total 321536K, used 200704K [0x0000000080000000, 0x0000000100000000)
  region size 1024K, 15 young (15360K), 15 survivors (15360K)
 Metaspace       used 146888K, committed 149376K, reserved 557056K
  class space    used 20426K, committed 21632K, reserved 425984K
}
Event: 85.763 GC heap before
{Heap before GC invocations=65 (full 0):
 garbage-first heap   total 334848K, used 301056K [0x0000000080000000, 0x0000000100000000)
  region size 1024K, 101 young (103424K), 15 survivors (15360K)
 Metaspace       used 148739K, committed 151104K, reserved 557056K
  class space    used 20565K, committed 21696K, reserved 425984K
}
Event: 85.780 GC heap after
{Heap after GC invocations=66 (full 0):
 garbage-first heap   total 334848K, used 214872K [0x0000000080000000, 0x0000000100000000)
  region size 1024K, 13 young (13312K), 13 survivors (13312K)
 Metaspace       used 148739K, committed 151104K, reserved 557056K
  class space    used 20565K, committed 21696K, reserved 425984K
}
Event: 87.016 GC heap before
{Heap before GC invocations=66 (full 0):
 garbage-first heap   total 334848K, used 300888K [0x0000000080000000, 0x0000000100000000)
  region size 1024K, 98 young (100352K), 13 survivors (13312K)
 Metaspace       used 151804K, committed 154240K, reserved 622592K
  class space    used 20854K, committed 22016K, reserved 425984K
}
Event: 87.029 GC heap after
{Heap after GC invocations=67 (full 0):
 garbage-first heap   total 334848K, used 218028K [0x0000000080000000, 0x0000000100000000)
  region size 1024K, 8 young (8192K), 8 survivors (8192K)
 Metaspace       used 151804K, committed 154240K, reserved 622592K
  class space    used 20854K, committed 22016K, reserved 425984K
}
Event: 93.991 GC heap before
{Heap before GC invocations=67 (full 0):
 garbage-first heap   total 334848K, used 304044K [0x0000000080000000, 0x0000000100000000)
  region size 1024K, 93 young (95232K), 8 survivors (8192K)
 Metaspace       used 153835K, committed 156352K, reserved 622592K
  class space    used 21111K, committed 22336K, reserved 425984K
}
Event: 94.008 GC heap after
{Heap after GC invocations=68 (full 0):
 garbage-first heap   total 334848K, used 214809K [0x0000000080000000, 0x0000000100000000)
  region size 1024K, 3 young (3072K), 3 survivors (3072K)
 Metaspace       used 153835K, committed 156352K, reserved 622592K
  class space    used 21111K, committed 22336K, reserved 425984K
}
Event: 124.372 GC heap before
{Heap before GC invocations=69 (full 0):
 garbage-first heap   total 393216K, used 391961K [0x0000000080000000, 0x0000000100000000)
  region size 1024K, 83 young (84992K), 3 survivors (3072K)
 Metaspace       used 155385K, committed 157888K, reserved 622592K
  class space    used 21320K, committed 22528K, reserved 425984K
}
Event: 124.734 GC heap after
{Heap after GC invocations=70 (full 0):
 garbage-first heap   total 400384K, used 218567K [0x0000000080000000, 0x0000000100000000)
  region size 1024K, 7 young (7168K), 7 survivors (7168K)
 Metaspace       used 155385K, committed 157888K, reserved 622592K
  class space    used 21320K, committed 22528K, reserved 425984K
}

