# JRE version: OpenJDK Runtime Environment (21.0.8) (build 21.0.8+-14196175-b1038.72)
# Java VM: OpenJDK 64-Bit Server VM (21.0.8+-14196175-b1038.72, mixed mode, tiered, compressed oops, compressed class ptrs, g1 gc, windows-amd64)
GC Precious Log:
 CardTable entry size: 512
 Card Set container configuration: InlinePtr #cards 5 size 8 Array Of Cards #cards 12 size 40 Howl #buckets 4 coarsen threshold 1843 Howl Bitmap #cards 512 size 80 coarsen threshold 460 Card regions per heap region 1 cards per card region 2048
 CPUs: 8 total, 8 available
 Memory: 3968M
 Large Page Support: Disabled
 NUMA Support: Disabled
 Compressed Oops: Enabled (32-bit)
 Heap Region Size: 1M
 Heap Min Capacity: 8M
 Heap Initial Capacity: 64M
 Heap Max Capacity: 994M
 Pre-touch: Disabled
 Parallel Workers: 8
 Concurrent Workers: 2
 Concurrent Refinement Workers: 8
 Periodic GC: Disabled
Heap:
 garbage-first heap   total 69632K, used 47616K [0x00000000c1e00000, 0x0000000100000000)
  region size 1024K, 2 young (2048K), 2 survivors (2048K)
 Metaspace       used 55281K, committed 55616K, reserved 1114112K
  class space    used 6506K, committed 6656K, reserved 1048576K
GC Heap History (20 events):
Event: 3.239 GC heap after
{Heap after GC invocations=7 (full 0):
 garbage-first heap   total 47104K, used 19107K [0x00000000c1e00000, 0x0000000100000000)
  region size 1024K, 2 young (2048K), 2 survivors (2048K)
 Metaspace       used 35753K, committed 35968K, reserved 1114112K
  class space    used 4407K, committed 4544K, reserved 1048576K
}
Event: 3.240 GC heap before
{Heap before GC invocations=7 (full 0):
 garbage-first heap   total 47104K, used 19107K [0x00000000c1e00000, 0x0000000100000000)
  region size 1024K, 3 young (3072K), 2 survivors (2048K)
 Metaspace       used 35761K, committed 35968K, reserved 1114112K
  class space    used 4407K, committed 4544K, reserved 1048576K
}
Event: 3.243 GC heap after
{Heap after GC invocations=8 (full 0):
 garbage-first heap   total 47104K, used 18824K [0x00000000c1e00000, 0x0000000100000000)
  region size 1024K, 2 young (2048K), 2 survivors (2048K)
 Metaspace       used 35761K, committed 35968K, reserved 1114112K
  class space    used 4407K, committed 4544K, reserved 1048576K
}
Event: 3.581 GC heap before
{Heap before GC invocations=9 (full 0):
 garbage-first heap   total 47104K, used 38280K [0x00000000c1e00000, 0x0000000100000000)
  region size 1024K, 21 young (21504K), 2 survivors (2048K)
 Metaspace       used 41020K, committed 41280K, reserved 1114112K
  class space    used 4965K, committed 5056K, reserved 1048576K
}
Event: 3.585 GC heap after
{Heap after GC invocations=10 (full 0):
 garbage-first heap   total 47104K, used 19995K [0x00000000c1e00000, 0x0000000100000000)
  region size 1024K, 3 young (3072K), 3 survivors (3072K)
 Metaspace       used 41020K, committed 41280K, reserved 1114112K
  class space    used 4965K, committed 5056K, reserved 1048576K
}
Event: 3.902 GC heap before
{Heap before GC invocations=10 (full 0):
 garbage-first heap   total 47104K, used 39451K [0x00000000c1e00000, 0x0000000100000000)
  region size 1024K, 22 young (22528K), 3 survivors (3072K)
 Metaspace       used 45123K, committed 45376K, reserved 1114112K
  class space    used 5378K, committed 5504K, reserved 1048576K
}
Event: 3.909 GC heap after
{Heap after GC invocations=11 (full 0):
 garbage-first heap   total 47104K, used 21642K [0x00000000c1e00000, 0x0000000100000000)
  region size 1024K, 3 young (3072K), 3 survivors (3072K)
 Metaspace       used 45123K, committed 45376K, reserved 1114112K
  class space    used 5378K, committed 5504K, reserved 1048576K
}
Event: 4.123 GC heap before
{Heap before GC invocations=11 (full 0):
 garbage-first heap   total 47104K, used 41098K [0x00000000c1e00000, 0x0000000100000000)
  region size 1024K, 21 young (21504K), 3 survivors (3072K)
 Metaspace       used 48032K, committed 48320K, reserved 1114112K
  class space    used 5673K, committed 5824K, reserved 1048576K
}
Event: 4.131 GC heap after
{Heap after GC invocations=12 (full 0):
 garbage-first heap   total 48128K, used 25937K [0x00000000c1e00000, 0x0000000100000000)
  region size 1024K, 3 young (3072K), 3 survivors (3072K)
 Metaspace       used 48032K, committed 48320K, reserved 1114112K
  class space    used 5673K, committed 5824K, reserved 1048576K
}
Event: 4.192 GC heap before
{Heap before GC invocations=12 (full 0):
 garbage-first heap   total 48128K, used 40273K [0x00000000c1e00000, 0x0000000100000000)
  region size 1024K, 18 young (18432K), 3 survivors (3072K)
 Metaspace       used 48214K, committed 48512K, reserved 1114112K
  class space    used 5683K, committed 5824K, reserved 1048576K
}
Event: 4.204 GC heap after
{Heap after GC invocations=13 (full 0):
 garbage-first heap   total 60416K, used 31609K [0x00000000c1e00000, 0x0000000100000000)
  region size 1024K, 3 young (3072K), 3 survivors (3072K)
 Metaspace       used 48214K, committed 48512K, reserved 1114112K
  class space    used 5683K, committed 5824K, reserved 1048576K
}
Event: 4.476 GC heap before
{Heap before GC invocations=14 (full 0):
 garbage-first heap   total 60416K, used 49017K [0x00000000c1e00000, 0x0000000100000000)
  region size 1024K, 20 young (20480K), 3 survivors (3072K)
 Metaspace       used 49349K, committed 49600K, reserved 1114112K
  class space    used 5793K, committed 5888K, reserved 1048576K
}
Event: 4.486 GC heap after
{Heap after GC invocations=15 (full 0):
 garbage-first heap   total 60416K, used 36285K [0x00000000c1e00000, 0x0000000100000000)
  region size 1024K, 3 young (3072K), 3 survivors (3072K)
 Metaspace       used 49349K, committed 49600K, reserved 1114112K
  class space    used 5793K, committed 5888K, reserved 1048576K
}
Event: 4.698 GC heap before
{Heap before GC invocations=15 (full 0):
 garbage-first heap   total 60416K, used 49597K [0x00000000c1e00000, 0x0000000100000000)
  region size 1024K, 16 young (16384K), 3 survivors (3072K)
 Metaspace       used 51933K, committed 52160K, reserved 1114112K
  class space    used 6100K, committed 6208K, reserved 1048576K
}
Event: 4.705 GC heap after
{Heap after GC invocations=16 (full 0):
 garbage-first heap   total 60416K, used 38287K [0x00000000c1e00000, 0x0000000100000000)
  region size 1024K, 2 young (2048K), 2 survivors (2048K)
 Metaspace       used 51933K, committed 52160K, reserved 1114112K
  class space    used 6100K, committed 6208K, reserved 1048576K
}
Event: 5.320 GC heap before
{Heap before GC invocations=16 (full 0):
 garbage-first heap   total 60416K, used 51599K [0x00000000c1e00000, 0x0000000100000000)
  region size 1024K, 15 young (15360K), 2 survivors (2048K)
 Metaspace       used 53990K, committed 54272K, reserved 1114112K
  class space    used 6380K, committed 6528K, reserved 1048576K
}
Event: 5.326 GC heap after
{Heap after GC invocations=17 (full 0):
 garbage-first heap   total 60416K, used 40323K [0x00000000c1e00000, 0x0000000100000000)
  region size 1024K, 2 young (2048K), 2 survivors (2048K)
 Metaspace       used 53990K, committed 54272K, reserved 1114112K
  class space    used 6380K, committed 6528K, reserved 1048576K
}
Event: 5.412 GC heap before
{Heap before GC invocations=18 (full 0):
 garbage-first heap   total 68608K, used 52611K [0x00000000c1e00000, 0x0000000100000000)
  region size 1024K, 14 young (14336K), 2 survivors (2048K)
 Metaspace       used 54236K, committed 54464K, reserved 1114112K
  class space    used 6413K, committed 6528K, reserved 1048576K
}
Event: 5.421 GC heap after
{Heap after GC invocations=19 (full 0):
 garbage-first heap   total 68608K, used 44437K [0x00000000c1e00000, 0x0000000100000000)
  region size 1024K, 2 young (2048K), 2 survivors (2048K)
 Metaspace       used 54236K, committed 54464K, reserved 1114112K
  class space    used 6413K, committed 6528K, reserved 1048576K
}
Event: 5.738 GC heap before
{Heap before GC invocations=19 (full 0):
 garbage-first heap   total 68608K, used 58773K [0x00000000c1e00000, 0x0000000100000000)
  region size 1024K, 16 young (16384K), 2 survivors (2048K)
 Metaspace       used 55281K, committed 55616K, reserved 1114112K
  class space    used 6506K, committed 6656K, reserved 1048576K
}

