{"D:\\IT Projects\\budolEcosystem\\budolID-0.1.0\\check-apps.js": {"path":"D:\\IT Projects\\budolEcosystem\\budolID-0.1.0\\check-apps.js","statementMap":{"0":{"start":{"line":1,"column":25},"end":{"line":1,"column":54}},"1":{"start":{"line":2,"column":15},"end":{"line":2,"column":33}},"2":{"start":{"line":5,"column":4},"end":{"line":18,"column":5}},"3":{"start":{"line":6,"column":21},"end":{"line":6,"column":57}},"4":{"start":{"line":7,"column":8},"end":{"line":7,"column":57}},"5":{"start":{"line":8,"column":8},"end":{"line":13,"column":11}},"6":{"start":{"line":9,"column":12},"end":{"line":9,"column":44}},"7":{"start":{"line":10,"column":12},"end":{"line":10,"column":52}},"8":{"start":{"line":11,"column":12},"end":{"line":11,"column":62}},"9":{"start":{"line":12,"column":12},"end":{"line":12,"column":55}},"10":{"start":{"line":15,"column":8},"end":{"line":15,"column":53}},"11":{"start":{"line":17,"column":8},"end":{"line":17,"column":35}},"12":{"start":{"line":21,"column":0},"end":{"line":21,"column":12}}},"fnMap":{"0":{"name":"checkApps","decl":{"start":{"line":4,"column":15},"end":{"line":4,"column":24}},"loc":{"start":{"line":4,"column":27},"end":{"line":19,"column":1}},"line":4},"1":{"name":"(anonymous_1)","decl":{"start":{"line":8,"column":21},"end":{"line":8,"column":22}},"loc":{"start":{"line":8,"column":28},"end":{"line":13,"column":9}},"line":8}},"branchMap":{},"s":{"0":0,"1":0,"2":0,"3":0,"4":0,"5":0,"6":0,"7":0,"8":0,"9":0,"10":0,"11":0,"12":0},"f":{"0":0,"1":0},"b":{}}
,"D:\\IT Projects\\budolEcosystem\\budolID-0.1.0\\check-cols.js": {"path":"D:\\IT Projects\\budolEcosystem\\budolID-0.1.0\\check-cols.js","statementMap":{"0":{"start":{"line":2,"column":25},"end":{"line":2,"column":54}},"1":{"start":{"line":3,"column":15},"end":{"line":3,"column":33}},"2":{"start":{"line":6,"column":4},"end":{"line":28,"column":5}},"3":{"start":{"line":7,"column":27},"end":{"line":7,"column":36}},"4":{"start":{"line":8,"column":8},"end":{"line":8,"column":60}},"5":{"start":{"line":9,"column":20},"end":{"line":14,"column":9}},"6":{"start":{"line":15,"column":8},"end":{"line":15,"column":67}},"7":{"start":{"line":15,"column":51},"end":{"line":15,"column":64}},"8":{"start":{"line":17,"column":21},"end":{"line":22,"column":9}},"9":{"start":{"line":23,"column":8},"end":{"line":23,"column":75}},"10":{"start":{"line":23,"column":59},"end":{"line":23,"column":72}},"11":{"start":{"line":25,"column":8},"end":{"line":25,"column":43}},"12":{"start":{"line":27,"column":8},"end":{"line":27,"column":35}},"13":{"start":{"line":31,"column":0},"end":{"line":31,"column":7}}},"fnMap":{"0":{"name":"main","decl":{"start":{"line":5,"column":15},"end":{"line":5,"column":19}},"loc":{"start":{"line":5,"column":22},"end":{"line":29,"column":1}},"line":5},"1":{"name":"(anonymous_1)","decl":{"start":{"line":15,"column":46},"end":{"line":15,"column":47}},"loc":{"start":{"line":15,"column":51},"end":{"line":15,"column":64}},"line":15},"2":{"name":"(anonymous_2)","decl":{"start":{"line":23,"column":54},"end":{"line":23,"column":55}},"loc":{"start":{"line":23,"column":59},"end":{"line":23,"column":72}},"line":23}},"branchMap":{},"s":{"0":0,"1":0,"2":0,"3":0,"4":0,"5":0,"6":0,"7":0,"8":0,"9":0,"10":0,"11":0,"12":0,"13":0},"f":{"0":0,"1":0,"2":0},"b":{}}
,"D:\\IT Projects\\budolEcosystem\\budolID-0.1.0\\check-db.js": {"path":"D:\\IT Projects\\budolEcosystem\\budolID-0.1.0\\check-db.js","statementMap":{"0":{"start":{"line":1,"column":25},"end":{"line":1,"column":54}},"1":{"start":{"line":2,"column":15},"end":{"line":8,"column":2}},"2":{"start":{"line":10,"column":17},"end":{"line":10,"column":53}},"3":{"start":{"line":11,"column":4},"end":{"line":14,"column":7}},"4":{"start":{"line":12,"column":8},"end":{"line":12,"column":78}},"5":{"start":{"line":13,"column":8},"end":{"line":13,"column":56}},"6":{"start":{"line":16,"column":0},"end":{"line":16,"column":64}},"7":{"start":{"line":16,"column":42},"end":{"line":16,"column":62}}},"fnMap":{"0":{"name":"main","decl":{"start":{"line":9,"column":15},"end":{"line":9,"column":19}},"loc":{"start":{"line":9,"column":22},"end":{"line":15,"column":1}},"line":9},"1":{"name":"(anonymous_1)","decl":{"start":{"line":11,"column":17},"end":{"line":11,"column":18}},"loc":{"start":{"line":11,"column":24},"end":{"line":14,"column":5}},"line":11},"2":{"name":"(anonymous_2)","decl":{"start":{"line":16,"column":36},"end":{"line":16,"column":37}},"loc":{"start":{"line":16,"column":42},"end":{"line":16,"column":62}},"line":16}},"branchMap":{},"s":{"0":0,"1":0,"2":0,"3":0,"4":0,"5":0,"6":0,"7":0},"f":{"0":0,"1":0,"2":0},"b":{}}
,"D:\\IT Projects\\budolEcosystem\\budolID-0.1.0\\check-target-user.js": {"path":"D:\\IT Projects\\budolEcosystem\\budolID-0.1.0\\check-target-user.js","statementMap":{"0":{"start":{"line":1,"column":25},"end":{"line":1,"column":54}},"1":{"start":{"line":2,"column":15},"end":{"line":8,"column":2}},"2":{"start":{"line":11,"column":24},"end":{"line":11,"column":50}},"3":{"start":{"line":12,"column":4},"end":{"line":28,"column":5}},"4":{"start":{"line":13,"column":8},"end":{"line":13,"column":79}},"5":{"start":{"line":14,"column":21},"end":{"line":16,"column":10}},"6":{"start":{"line":18,"column":8},"end":{"line":23,"column":9}},"7":{"start":{"line":19,"column":12},"end":{"line":19,"column":41}},"8":{"start":{"line":20,"column":12},"end":{"line":20,"column":55}},"9":{"start":{"line":22,"column":12},"end":{"line":22,"column":44}},"10":{"start":{"line":25,"column":8},"end":{"line":25,"column":61}},"11":{"start":{"line":27,"column":8},"end":{"line":27,"column":35}},"12":{"start":{"line":31,"column":0},"end":{"line":31,"column":7}}},"fnMap":{"0":{"name":"main","decl":{"start":{"line":10,"column":15},"end":{"line":10,"column":19}},"loc":{"start":{"line":10,"column":22},"end":{"line":29,"column":1}},"line":10}},"branchMap":{"0":{"loc":{"start":{"line":18,"column":8},"end":{"line":23,"column":9}},"type":"if","locations":[{"start":{"line":18,"column":8},"end":{"line":23,"column":9}},{"start":{"line":21,"column":15},"end":{"line":23,"column":9}}],"line":18}},"s":{"0":0,"1":0,"2":0,"3":0,"4":0,"5":0,"6":0,"7":0,"8":0,"9":0,"10":0,"11":0,"12":0},"f":{"0":0},"b":{"0":[0,0]}}
,"D:\\IT Projects\\budolEcosystem\\budolID-0.1.0\\check-users-budolid.js": {"path":"D:\\IT Projects\\budolEcosystem\\budolID-0.1.0\\check-users-budolid.js","statementMap":{"0":{"start":{"line":1,"column":25},"end":{"line":1,"column":54}},"1":{"start":{"line":2,"column":15},"end":{"line":8,"column":2}},"2":{"start":{"line":11,"column":4},"end":{"line":22,"column":5}},"3":{"start":{"line":12,"column":8},"end":{"line":12,"column":57}},"4":{"start":{"line":13,"column":22},"end":{"line":13,"column":50}},"5":{"start":{"line":14,"column":8},"end":{"line":14,"column":50}},"6":{"start":{"line":15,"column":8},"end":{"line":17,"column":11}},"7":{"start":{"line":16,"column":12},"end":{"line":16,"column":75}},"8":{"start":{"line":19,"column":8},"end":{"line":19,"column":53}},"9":{"start":{"line":21,"column":8},"end":{"line":21,"column":35}},"10":{"start":{"line":25,"column":0},"end":{"line":25,"column":7}}},"fnMap":{"0":{"name":"main","decl":{"start":{"line":10,"column":15},"end":{"line":10,"column":19}},"loc":{"start":{"line":10,"column":22},"end":{"line":23,"column":1}},"line":10},"1":{"name":"(anonymous_1)","decl":{"start":{"line":15,"column":22},"end":{"line":15,"column":23}},"loc":{"start":{"line":15,"column":27},"end":{"line":17,"column":9}},"line":15}},"branchMap":{},"s":{"0":0,"1":0,"2":0,"3":0,"4":0,"5":0,"6":0,"7":0,"8":0,"9":0,"10":0},"f":{"0":0,"1":0},"b":{}}
,"D:\\IT Projects\\budolEcosystem\\budolID-0.1.0\\index.js": {"path":"D:\\IT Projects\\budolEcosystem\\budolID-0.1.0\\index.js","statementMap":{"0":{"start":{"line":1,"column":0},"end":{"line":1,"column":27}},"1":{"start":{"line":2,"column":16},"end":{"line":2,"column":34}},"2":{"start":{"line":3,"column":25},"end":{"line":3,"column":54}},"3":{"start":{"line":4,"column":12},"end":{"line":4,"column":35}},"4":{"start":{"line":5,"column":15},"end":{"line":5,"column":34}},"5":{"start":{"line":6,"column":13},"end":{"line":6,"column":28}},"6":{"start":{"line":7,"column":55},"end":{"line":7,"column":92}},"7":{"start":{"line":9,"column":15},"end":{"line":15,"column":2}},"8":{"start":{"line":18,"column":0},"end":{"line":29,"column":7}},"9":{"start":{"line":20,"column":8},"end":{"line":20,"column":47}},"10":{"start":{"line":21,"column":8},"end":{"line":21,"column":57}},"11":{"start":{"line":24,"column":8},"end":{"line":24,"column":51}},"12":{"start":{"line":27,"column":8},"end":{"line":27,"column":67}},"13":{"start":{"line":28,"column":8},"end":{"line":28,"column":135}},"14":{"start":{"line":30,"column":12},"end":{"line":30,"column":21}},"15":{"start":{"line":31,"column":13},"end":{"line":31,"column":37}},"16":{"start":{"line":32,"column":19},"end":{"line":32,"column":91}},"17":{"start":{"line":34,"column":0},"end":{"line":34,"column":16}},"18":{"start":{"line":35,"column":0},"end":{"line":35,"column":24}},"19":{"start":{"line":37,"column":0},"end":{"line":41,"column":3}},"20":{"start":{"line":38,"column":20},"end":{"line":38,"column":57}},"21":{"start":{"line":39,"column":4},"end":{"line":39,"column":73}},"22":{"start":{"line":40,"column":4},"end":{"line":40,"column":65}},"23":{"start":{"line":44,"column":0},"end":{"line":47,"column":3}},"24":{"start":{"line":45,"column":4},"end":{"line":45,"column":72}},"25":{"start":{"line":46,"column":4},"end":{"line":46,"column":11}},"26":{"start":{"line":50,"column":0},"end":{"line":76,"column":3}},"27":{"start":{"line":51,"column":23},"end":{"line":51,"column":32}},"28":{"start":{"line":52,"column":4},"end":{"line":75,"column":7}},"29":{"start":{"line":79,"column":0},"end":{"line":79,"column":48}},"30":{"start":{"line":80,"column":0},"end":{"line":118,"column":3}},"31":{"start":{"line":81,"column":40},"end":{"line":81,"column":48}},"32":{"start":{"line":83,"column":4},"end":{"line":117,"column":5}},"33":{"start":{"line":84,"column":29},"end":{"line":84,"column":88}},"34":{"start":{"line":85,"column":8},"end":{"line":85,"column":83}},"35":{"start":{"line":85,"column":27},"end":{"line":85,"column":83}},"36":{"start":{"line":87,"column":21},"end":{"line":87,"column":71}},"37":{"start":{"line":88,"column":8},"end":{"line":90,"column":9}},"38":{"start":{"line":89,"column":12},"end":{"line":89,"column":63}},"39":{"start":{"line":92,"column":22},"end":{"line":103,"column":9}},"40":{"start":{"line":105,"column":8},"end":{"line":112,"column":11}},"41":{"start":{"line":114,"column":8},"end":{"line":114,"column":67}},"42":{"start":{"line":116,"column":8},"end":{"line":116,"column":44}},"43":{"start":{"line":121,"column":0},"end":{"line":136,"column":3}},"44":{"start":{"line":122,"column":34},"end":{"line":122,"column":42}},"45":{"start":{"line":123,"column":4},"end":{"line":135,"column":5}},"46":{"start":{"line":124,"column":20},"end":{"line":131,"column":10}},"47":{"start":{"line":132,"column":8},"end":{"line":132,"column":34}},"48":{"start":{"line":134,"column":8},"end":{"line":134,"column":55}},"49":{"start":{"line":139,"column":0},"end":{"line":156,"column":3}},"50":{"start":{"line":140,"column":22},"end":{"line":140,"column":31}},"51":{"start":{"line":141,"column":4},"end":{"line":141,"column":76}},"52":{"start":{"line":141,"column":16},"end":{"line":141,"column":76}},"53":{"start":{"line":143,"column":4},"end":{"line":155,"column":5}},"54":{"start":{"line":144,"column":21},"end":{"line":147,"column":10}},"55":{"start":{"line":149,"column":8},"end":{"line":152,"column":11}},"56":{"start":{"line":154,"column":8},"end":{"line":154,"column":55}},"57":{"start":{"line":159,"column":0},"end":{"line":183,"column":3}},"58":{"start":{"line":160,"column":22},"end":{"line":160,"column":31}},"59":{"start":{"line":161,"column":4},"end":{"line":161,"column":83}},"60":{"start":{"line":161,"column":16},"end":{"line":161,"column":83}},"61":{"start":{"line":163,"column":4},"end":{"line":182,"column":5}},"62":{"start":{"line":165,"column":32},"end":{"line":165,"column":63}},"63":{"start":{"line":166,"column":8},"end":{"line":168,"column":9}},"64":{"start":{"line":167,"column":12},"end":{"line":167,"column":82}},"65":{"start":{"line":170,"column":21},"end":{"line":173,"column":10}},"66":{"start":{"line":175,"column":8},"end":{"line":179,"column":11}},"67":{"start":{"line":181,"column":8},"end":{"line":181,"column":55}},"68":{"start":{"line":186,"column":0},"end":{"line":237,"column":3}},"69":{"start":{"line":187,"column":66},"end":{"line":187,"column":74}},"70":{"start":{"line":188,"column":4},"end":{"line":236,"column":5}},"71":{"start":{"line":190,"column":30},"end":{"line":190,"column":34}},"72":{"start":{"line":191,"column":8},"end":{"line":196,"column":9}},"73":{"start":{"line":192,"column":12},"end":{"line":192,"column":68}},"74":{"start":{"line":193,"column":12},"end":{"line":195,"column":13}},"75":{"start":{"line":194,"column":16},"end":{"line":194,"column":86}},"76":{"start":{"line":199,"column":36},"end":{"line":199,"column":86}},"77":{"start":{"line":200,"column":8},"end":{"line":206,"column":9}},"78":{"start":{"line":201,"column":12},"end":{"line":205,"column":15}},"79":{"start":{"line":209,"column":8},"end":{"line":218,"column":9}},"80":{"start":{"line":210,"column":40},"end":{"line":210,"column":112}},"81":{"start":{"line":211,"column":12},"end":{"line":217,"column":13}},"82":{"start":{"line":212,"column":16},"end":{"line":216,"column":19}},"83":{"start":{"line":220,"column":31},"end":{"line":220,"column":62}},"84":{"start":{"line":221,"column":21},"end":{"line":229,"column":10}},"85":{"start":{"line":230,"column":8},"end":{"line":230,"column":86}},"86":{"start":{"line":232,"column":8},"end":{"line":234,"column":9}},"87":{"start":{"line":233,"column":12},"end":{"line":233,"column":110}},"88":{"start":{"line":235,"column":8},"end":{"line":235,"column":55}},"89":{"start":{"line":240,"column":0},"end":{"line":330,"column":3}},"90":{"start":{"line":241,"column":40},"end":{"line":241,"column":48}},"91":{"start":{"line":242,"column":4},"end":{"line":242,"column":79}},"92":{"start":{"line":244,"column":4},"end":{"line":329,"column":5}},"93":{"start":{"line":246,"column":29},"end":{"line":246,"column":88}},"94":{"start":{"line":247,"column":8},"end":{"line":250,"column":9}},"95":{"start":{"line":248,"column":12},"end":{"line":248,"column":67}},"96":{"start":{"line":249,"column":12},"end":{"line":249,"column":79}},"97":{"start":{"line":257,"column":27},"end":{"line":257,"column":43}},"98":{"start":{"line":258,"column":30},"end":{"line":258,"column":75}},"99":{"start":{"line":260,"column":8},"end":{"line":278,"column":9}},"100":{"start":{"line":262,"column":36},"end":{"line":262,"column":67}},"101":{"start":{"line":263,"column":12},"end":{"line":265,"column":13}},"102":{"start":{"line":264,"column":16},"end":{"line":264,"column":86}},"103":{"start":{"line":268,"column":12},"end":{"line":270,"column":15}},"104":{"start":{"line":271,"column":12},"end":{"line":271,"column":37}},"105":{"start":{"line":274,"column":12},"end":{"line":276,"column":15}},"106":{"start":{"line":277,"column":12},"end":{"line":277,"column":37}},"107":{"start":{"line":281,"column":8},"end":{"line":284,"column":9}},"108":{"start":{"line":282,"column":12},"end":{"line":282,"column":93}},"109":{"start":{"line":283,"column":12},"end":{"line":283,"column":74}},"110":{"start":{"line":287,"column":22},"end":{"line":301,"column":9}},"111":{"start":{"line":304,"column":8},"end":{"line":311,"column":11}},"112":{"start":{"line":313,"column":8},"end":{"line":313,"column":77}},"113":{"start":{"line":314,"column":8},"end":{"line":325,"column":11}},"114":{"start":{"line":327,"column":8},"end":{"line":327,"column":55}},"115":{"start":{"line":328,"column":8},"end":{"line":328,"column":55}},"116":{"start":{"line":333,"column":0},"end":{"line":371,"column":3}},"117":{"start":{"line":334,"column":23},"end":{"line":334,"column":48}},"118":{"start":{"line":335,"column":18},"end":{"line":335,"column":43}},"119":{"start":{"line":337,"column":4},"end":{"line":337,"column":48}},"120":{"start":{"line":339,"column":4},"end":{"line":342,"column":5}},"121":{"start":{"line":340,"column":8},"end":{"line":340,"column":47}},"122":{"start":{"line":341,"column":8},"end":{"line":341,"column":59}},"123":{"start":{"line":344,"column":4},"end":{"line":370,"column":5}},"124":{"start":{"line":345,"column":24},"end":{"line":345,"column":53}},"125":{"start":{"line":348,"column":21},"end":{"line":358,"column":10}},"126":{"start":{"line":360,"column":8},"end":{"line":363,"column":9}},"127":{"start":{"line":361,"column":12},"end":{"line":361,"column":72}},"128":{"start":{"line":362,"column":12},"end":{"line":362,"column":69}},"129":{"start":{"line":365,"column":8},"end":{"line":365,"column":57}},"130":{"start":{"line":366,"column":8},"end":{"line":366,"column":40}},"131":{"start":{"line":368,"column":8},"end":{"line":368,"column":56}},"132":{"start":{"line":369,"column":8},"end":{"line":369,"column":81}}},"fnMap":{"0":{"name":"(anonymous_0)","decl":{"start":{"line":19,"column":10},"end":{"line":19,"column":11}},"loc":{"start":{"line":19,"column":16},"end":{"line":22,"column":5}},"line":19},"1":{"name":"(anonymous_1)","decl":{"start":{"line":23,"column":10},"end":{"line":23,"column":11}},"loc":{"start":{"line":23,"column":20},"end":{"line":25,"column":5}},"line":23},"2":{"name":"(anonymous_2)","decl":{"start":{"line":26,"column":11},"end":{"line":26,"column":12}},"loc":{"start":{"line":26,"column":18},"end":{"line":29,"column":5}},"line":26},"3":{"name":"(anonymous_3)","decl":{"start":{"line":37,"column":28},"end":{"line":37,"column":29}},"loc":{"start":{"line":37,"column":34},"end":{"line":41,"column":1}},"line":37},"4":{"name":"(anonymous_4)","decl":{"start":{"line":44,"column":8},"end":{"line":44,"column":9}},"loc":{"start":{"line":44,"column":28},"end":{"line":47,"column":1}},"line":44},"5":{"name":"(anonymous_5)","decl":{"start":{"line":50,"column":18},"end":{"line":50,"column":19}},"loc":{"start":{"line":50,"column":32},"end":{"line":76,"column":1}},"line":50},"6":{"name":"(anonymous_6)","decl":{"start":{"line":80,"column":33},"end":{"line":80,"column":34}},"loc":{"start":{"line":80,"column":53},"end":{"line":118,"column":1}},"line":80},"7":{"name":"(anonymous_7)","decl":{"start":{"line":121,"column":27},"end":{"line":121,"column":28}},"loc":{"start":{"line":121,"column":47},"end":{"line":136,"column":1}},"line":121},"8":{"name":"(anonymous_8)","decl":{"start":{"line":139,"column":29},"end":{"line":139,"column":30}},"loc":{"start":{"line":139,"column":49},"end":{"line":156,"column":1}},"line":139},"9":{"name":"(anonymous_9)","decl":{"start":{"line":159,"column":29},"end":{"line":159,"column":30}},"loc":{"start":{"line":159,"column":49},"end":{"line":183,"column":1}},"line":159},"10":{"name":"(anonymous_10)","decl":{"start":{"line":186,"column":27},"end":{"line":186,"column":28}},"loc":{"start":{"line":186,"column":47},"end":{"line":237,"column":1}},"line":186},"11":{"name":"(anonymous_11)","decl":{"start":{"line":240,"column":28},"end":{"line":240,"column":29}},"loc":{"start":{"line":240,"column":48},"end":{"line":330,"column":1}},"line":240},"12":{"name":"(anonymous_12)","decl":{"start":{"line":333,"column":24},"end":{"line":333,"column":25}},"loc":{"start":{"line":333,"column":44},"end":{"line":371,"column":1}},"line":333}},"branchMap":{"0":{"loc":{"start":{"line":28,"column":38},"end":{"line":28,"column":133}},"type":"cond-expr","locations":[{"start":{"line":28,"column":65},"end":{"line":28,"column":119}},{"start":{"line":28,"column":122},"end":{"line":28,"column":133}}],"line":28},"1":{"loc":{"start":{"line":31,"column":13},"end":{"line":31,"column":37}},"type":"binary-expr","locations":[{"start":{"line":31,"column":13},"end":{"line":31,"column":29}},{"start":{"line":31,"column":33},"end":{"line":31,"column":37}}],"line":31},"2":{"loc":{"start":{"line":32,"column":19},"end":{"line":32,"column":91}},"type":"binary-expr","locations":[{"start":{"line":32,"column":19},"end":{"line":32,"column":41}},{"start":{"line":32,"column":45},"end":{"line":32,"column":91}}],"line":32},"3":{"loc":{"start":{"line":38,"column":20},"end":{"line":38,"column":57}},"type":"binary-expr","locations":[{"start":{"line":38,"column":20},"end":{"line":38,"column":40}},{"start":{"line":38,"column":44},"end":{"line":38,"column":57}}],"line":38},"4":{"loc":{"start":{"line":85,"column":8},"end":{"line":85,"column":83}},"type":"if","locations":[{"start":{"line":85,"column":8},"end":{"line":85,"column":83}},{"start":{},"end":{}}],"line":85},"5":{"loc":{"start":{"line":88,"column":8},"end":{"line":90,"column":9}},"type":"if","locations":[{"start":{"line":88,"column":8},"end":{"line":90,"column":9}},{"start":{},"end":{}}],"line":88},"6":{"loc":{"start":{"line":88,"column":12},"end":{"line":88,"column":69}},"type":"binary-expr","locations":[{"start":{"line":88,"column":12},"end":{"line":88,"column":17}},{"start":{"line":88,"column":21},"end":{"line":88,"column":69}}],"line":88},"7":{"loc":{"start":{"line":141,"column":4},"end":{"line":141,"column":76}},"type":"if","locations":[{"start":{"line":141,"column":4},"end":{"line":141,"column":76}},{"start":{},"end":{}}],"line":141},"8":{"loc":{"start":{"line":151,"column":21},"end":{"line":151,"column":94}},"type":"cond-expr","locations":[{"start":{"line":151,"column":28},"end":{"line":151,"column":71}},{"start":{"line":151,"column":74},"end":{"line":151,"column":94}}],"line":151},"9":{"loc":{"start":{"line":161,"column":4},"end":{"line":161,"column":83}},"type":"if","locations":[{"start":{"line":161,"column":4},"end":{"line":161,"column":83}},{"start":{},"end":{}}],"line":161},"10":{"loc":{"start":{"line":166,"column":8},"end":{"line":168,"column":9}},"type":"if","locations":[{"start":{"line":166,"column":8},"end":{"line":168,"column":9}},{"start":{},"end":{}}],"line":166},"11":{"loc":{"start":{"line":178,"column":21},"end":{"line":178,"column":108}},"type":"cond-expr","locations":[{"start":{"line":178,"column":28},"end":{"line":178,"column":78}},{"start":{"line":178,"column":81},"end":{"line":178,"column":108}}],"line":178},"12":{"loc":{"start":{"line":191,"column":8},"end":{"line":196,"column":9}},"type":"if","locations":[{"start":{"line":191,"column":8},"end":{"line":196,"column":9}},{"start":{},"end":{}}],"line":191},"13":{"loc":{"start":{"line":193,"column":12},"end":{"line":195,"column":13}},"type":"if","locations":[{"start":{"line":193,"column":12},"end":{"line":195,"column":13}},{"start":{},"end":{}}],"line":193},"14":{"loc":{"start":{"line":200,"column":8},"end":{"line":206,"column":9}},"type":"if","locations":[{"start":{"line":200,"column":8},"end":{"line":206,"column":9}},{"start":{},"end":{}}],"line":200},"15":{"loc":{"start":{"line":209,"column":8},"end":{"line":218,"column":9}},"type":"if","locations":[{"start":{"line":209,"column":8},"end":{"line":218,"column":9}},{"start":{},"end":{}}],"line":209},"16":{"loc":{"start":{"line":211,"column":12},"end":{"line":217,"column":13}},"type":"if","locations":[{"start":{"line":211,"column":12},"end":{"line":217,"column":13}},{"start":{},"end":{}}],"line":211},"17":{"loc":{"start":{"line":232,"column":8},"end":{"line":234,"column":9}},"type":"if","locations":[{"start":{"line":232,"column":8},"end":{"line":234,"column":9}},{"start":{},"end":{}}],"line":232},"18":{"loc":{"start":{"line":247,"column":8},"end":{"line":250,"column":9}},"type":"if","locations":[{"start":{"line":247,"column":8},"end":{"line":250,"column":9}},{"start":{},"end":{}}],"line":247},"19":{"loc":{"start":{"line":258,"column":30},"end":{"line":258,"column":75}},"type":"binary-expr","locations":[{"start":{"line":258,"column":30},"end":{"line":258,"column":52}},{"start":{"line":258,"column":56},"end":{"line":258,"column":75}}],"line":258},"20":{"loc":{"start":{"line":260,"column":8},"end":{"line":278,"column":9}},"type":"if","locations":[{"start":{"line":260,"column":8},"end":{"line":278,"column":9}},{"start":{"line":272,"column":15},"end":{"line":278,"column":9}}],"line":260},"21":{"loc":{"start":{"line":263,"column":12},"end":{"line":265,"column":13}},"type":"if","locations":[{"start":{"line":263,"column":12},"end":{"line":265,"column":13}},{"start":{},"end":{}}],"line":263},"22":{"loc":{"start":{"line":281,"column":8},"end":{"line":284,"column":9}},"type":"if","locations":[{"start":{"line":281,"column":8},"end":{"line":284,"column":9}},{"start":{},"end":{}}],"line":281},"23":{"loc":{"start":{"line":281,"column":12},"end":{"line":281,"column":69}},"type":"binary-expr","locations":[{"start":{"line":281,"column":12},"end":{"line":281,"column":17}},{"start":{"line":281,"column":21},"end":{"line":281,"column":69}}],"line":281},"24":{"loc":{"start":{"line":339,"column":4},"end":{"line":342,"column":5}},"type":"if","locations":[{"start":{"line":339,"column":4},"end":{"line":342,"column":5}},{"start":{},"end":{}}],"line":339},"25":{"loc":{"start":{"line":360,"column":8},"end":{"line":363,"column":9}},"type":"if","locations":[{"start":{"line":360,"column":8},"end":{"line":363,"column":9}},{"start":{},"end":{}}],"line":360}},"s":{"0":0,"1":0,"2":0,"3":0,"4":0,"5":0,"6":0,"7":0,"8":0,"9":0,"10":0,"11":0,"12":0,"13":0,"14":0,"15":0,"16":0,"17":0,"18":0,"19":0,"20":0,"21":0,"22":0,"23":0,"24":0,"25":0,"26":0,"27":0,"28":0,"29":0,"30":0,"31":0,"32":0,"33":0,"34":0,"35":0,"36":0,"37":0,"38":0,"39":0,"40":0,"41":0,"42":0,"43":0,"44":0,"45":0,"46":0,"47":0,"48":0,"49":0,"50":0,"51":0,"52":0,"53":0,"54":0,"55":0,"56":0,"57":0,"58":0,"59":0,"60":0,"61":0,"62":0,"63":0,"64":0,"65":0,"66":0,"67":0,"68":0,"69":0,"70":0,"71":0,"72":0,"73":0,"74":0,"75":0,"76":0,"77":0,"78":0,"79":0,"80":0,"81":0,"82":0,"83":0,"84":0,"85":0,"86":0,"87":0,"88":0,"89":0,"90":0,"91":0,"92":0,"93":0,"94":0,"95":0,"96":0,"97":0,"98":0,"99":0,"100":0,"101":0,"102":0,"103":0,"104":0,"105":0,"106":0,"107":0,"108":0,"109":0,"110":0,"111":0,"112":0,"113":0,"114":0,"115":0,"116":0,"117":0,"118":0,"119":0,"120":0,"121":0,"122":0,"123":0,"124":0,"125":0,"126":0,"127":0,"128":0,"129":0,"130":0,"131":0,"132":0},"f":{"0":0,"1":0,"2":0,"3":0,"4":0,"5":0,"6":0,"7":0,"8":0,"9":0,"10":0,"11":0,"12":0},"b":{"0":[0,0],"1":[0,0],"2":[0,0],"3":[0,0],"4":[0,0],"5":[0,0],"6":[0,0],"7":[0,0],"8":[0,0],"9":[0,0],"10":[0,0],"11":[0,0],"12":[0,0],"13":[0,0],"14":[0,0],"15":[0,0],"16":[0,0],"17":[0,0],"18":[0,0],"19":[0,0],"20":[0,0],"21":[0,0],"22":[0,0],"23":[0,0],"24":[0,0],"25":[0,0]}}
,"D:\\IT Projects\\budolEcosystem\\budolID-0.1.0\\seed-apps.js": {"path":"D:\\IT Projects\\budolEcosystem\\budolID-0.1.0\\seed-apps.js","statementMap":{"0":{"start":{"line":1,"column":25},"end":{"line":1,"column":54}},"1":{"start":{"line":2,"column":15},"end":{"line":8,"column":2}},"2":{"start":{"line":11,"column":4},"end":{"line":34,"column":5}},"3":{"start":{"line":12,"column":8},"end":{"line":12,"column":67}},"4":{"start":{"line":14,"column":20},"end":{"line":27,"column":10}},"5":{"start":{"line":29,"column":8},"end":{"line":29,"column":71}},"6":{"start":{"line":31,"column":8},"end":{"line":31,"column":35}},"7":{"start":{"line":33,"column":8},"end":{"line":33,"column":35}},"8":{"start":{"line":37,"column":0},"end":{"line":37,"column":7}}},"fnMap":{"0":{"name":"main","decl":{"start":{"line":10,"column":15},"end":{"line":10,"column":19}},"loc":{"start":{"line":10,"column":22},"end":{"line":35,"column":1}},"line":10}},"branchMap":{},"s":{"0":0,"1":0,"2":0,"3":0,"4":0,"5":0,"6":0,"7":0,"8":0},"f":{"0":0},"b":{}}
,"D:\\IT Projects\\budolEcosystem\\budolID-0.1.0\\seed-tony-budolid.js": {"path":"D:\\IT Projects\\budolEcosystem\\budolID-0.1.0\\seed-tony-budolid.js","statementMap":{"0":{"start":{"line":1,"column":0},"end":{"line":1,"column":27}},"1":{"start":{"line":2,"column":25},"end":{"line":2,"column":54}},"2":{"start":{"line":3,"column":15},"end":{"line":3,"column":34}},"3":{"start":{"line":4,"column":15},"end":{"line":10,"column":2}},"4":{"start":{"line":13,"column":4},"end":{"line":38,"column":5}},"5":{"start":{"line":14,"column":22},"end":{"line":14,"column":37}},"6":{"start":{"line":15,"column":25},"end":{"line":15,"column":38}},"7":{"start":{"line":16,"column":31},"end":{"line":16,"column":62}},"8":{"start":{"line":18,"column":8},"end":{"line":18,"column":60}},"9":{"start":{"line":20,"column":21},"end":{"line":31,"column":10}},"10":{"start":{"line":33,"column":8},"end":{"line":33,"column":70}},"11":{"start":{"line":35,"column":8},"end":{"line":35,"column":35}},"12":{"start":{"line":37,"column":8},"end":{"line":37,"column":35}},"13":{"start":{"line":41,"column":0},"end":{"line":41,"column":7}}},"fnMap":{"0":{"name":"main","decl":{"start":{"line":12,"column":15},"end":{"line":12,"column":19}},"loc":{"start":{"line":12,"column":22},"end":{"line":39,"column":1}},"line":12}},"branchMap":{},"s":{"0":0,"1":0,"2":0,"3":0,"4":0,"5":0,"6":0,"7":0,"8":0,"9":0,"10":0,"11":0,"12":0,"13":0},"f":{"0":0},"b":{}}
,"D:\\IT Projects\\budolEcosystem\\budolID-0.1.0\\update-to-localhost.js": {"path":"D:\\IT Projects\\budolEcosystem\\budolID-0.1.0\\update-to-localhost.js","statementMap":{"0":{"start":{"line":1,"column":25},"end":{"line":1,"column":50}},"1":{"start":{"line":2,"column":15},"end":{"line":2,"column":33}},"2":{"start":{"line":6,"column":4},"end":{"line":9,"column":7}},"3":{"start":{"line":12,"column":4},"end":{"line":15,"column":7}},"4":{"start":{"line":18,"column":4},"end":{"line":21,"column":7}},"5":{"start":{"line":23,"column":4},"end":{"line":23,"column":67}},"6":{"start":{"line":26,"column":0},"end":{"line":28,"column":53}},"7":{"start":{"line":27,"column":16},"end":{"line":27,"column":32}},"8":{"start":{"line":28,"column":25},"end":{"line":28,"column":51}}},"fnMap":{"0":{"name":"main","decl":{"start":{"line":4,"column":15},"end":{"line":4,"column":19}},"loc":{"start":{"line":4,"column":22},"end":{"line":24,"column":1}},"line":4},"1":{"name":"(anonymous_1)","decl":{"start":{"line":27,"column":11},"end":{"line":27,"column":12}},"loc":{"start":{"line":27,"column":16},"end":{"line":27,"column":32}},"line":27},"2":{"name":"(anonymous_2)","decl":{"start":{"line":28,"column":13},"end":{"line":28,"column":14}},"loc":{"start":{"line":28,"column":25},"end":{"line":28,"column":51}},"line":28}},"branchMap":{},"s":{"0":0,"1":0,"2":0,"3":0,"4":0,"5":0,"6":0,"7":0,"8":0},"f":{"0":0,"1":0,"2":0},"b":{}}
,"D:\\IT Projects\\budolEcosystem\\budolID-0.1.0\\verify-fix.js": {"path":"D:\\IT Projects\\budolEcosystem\\budolID-0.1.0\\verify-fix.js","statementMap":{"0":{"start":{"line":1,"column":25},"end":{"line":1,"column":50}},"1":{"start":{"line":2,"column":15},"end":{"line":2,"column":34}},"2":{"start":{"line":3,"column":15},"end":{"line":3,"column":33}},"3":{"start":{"line":6,"column":16},"end":{"line":6,"column":36}},"4":{"start":{"line":7,"column":19},"end":{"line":7,"column":29}},"5":{"start":{"line":8,"column":25},"end":{"line":8,"column":56}},"6":{"start":{"line":10,"column":2},"end":{"line":10,"column":49}},"7":{"start":{"line":12,"column":2},"end":{"line":15,"column":5}},"8":{"start":{"line":17,"column":15},"end":{"line":17,"column":65}},"9":{"start":{"line":18,"column":18},"end":{"line":18,"column":67}},"10":{"start":{"line":19,"column":2},"end":{"line":19,"column":46}},"11":{"start":{"line":22,"column":0},"end":{"line":24,"column":51}},"12":{"start":{"line":23,"column":14},"end":{"line":23,"column":30}},"13":{"start":{"line":24,"column":23},"end":{"line":24,"column":49}}},"fnMap":{"0":{"name":"main","decl":{"start":{"line":5,"column":15},"end":{"line":5,"column":19}},"loc":{"start":{"line":5,"column":22},"end":{"line":20,"column":1}},"line":5},"1":{"name":"(anonymous_1)","decl":{"start":{"line":23,"column":9},"end":{"line":23,"column":10}},"loc":{"start":{"line":23,"column":14},"end":{"line":23,"column":30}},"line":23},"2":{"name":"(anonymous_2)","decl":{"start":{"line":24,"column":11},"end":{"line":24,"column":12}},"loc":{"start":{"line":24,"column":23},"end":{"line":24,"column":49}},"line":24}},"branchMap":{},"s":{"0":0,"1":0,"2":0,"3":0,"4":0,"5":0,"6":0,"7":0,"8":0,"9":0,"10":0,"11":0,"12":0,"13":0},"f":{"0":0,"1":0,"2":0},"b":{}}
,"D:\\IT Projects\\budolEcosystem\\budolID-0.1.0\\utils\\phoneNormalization.js": {"path":"D:\\IT Projects\\budolEcosystem\\budolID-0.1.0\\utils\\phoneNormalization.js","statementMap":{"0":{"start":{"line":10,"column":2},"end":{"line":10,"column":26}},"1":{"start":{"line":10,"column":14},"end":{"line":10,"column":26}},"2":{"start":{"line":13,"column":15},"end":{"line":13,"column":43}},"3":{"start":{"line":16,"column":2},"end":{"line":28,"column":3}},"4":{"start":{"line":18,"column":4},"end":{"line":18,"column":40}},"5":{"start":{"line":19,"column":9},"end":{"line":28,"column":3}},"6":{"start":{"line":22,"column":9},"end":{"line":28,"column":3}},"7":{"start":{"line":24,"column":4},"end":{"line":24,"column":27}},"8":{"start":{"line":25,"column":9},"end":{"line":28,"column":3}},"9":{"start":{"line":27,"column":4},"end":{"line":27,"column":26}},"10":{"start":{"line":31,"column":2},"end":{"line":33,"column":3}},"11":{"start":{"line":32,"column":4},"end":{"line":32,"column":24}},"12":{"start":{"line":35,"column":2},"end":{"line":35,"column":14}},"13":{"start":{"line":44,"column":2},"end":{"line":44,"column":27}},"14":{"start":{"line":44,"column":14},"end":{"line":44,"column":27}},"15":{"start":{"line":45,"column":2},"end":{"line":45,"column":39}},"16":{"start":{"line":54,"column":2},"end":{"line":54,"column":55}},"17":{"start":{"line":54,"column":42},"end":{"line":54,"column":55}},"18":{"start":{"line":57,"column":16},"end":{"line":57,"column":69}},"19":{"start":{"line":58,"column":2},"end":{"line":60,"column":3}},"20":{"start":{"line":59,"column":4},"end":{"line":59,"column":61}},"21":{"start":{"line":62,"column":2},"end":{"line":62,"column":15}},"22":{"start":{"line":65,"column":0},"end":{"line":69,"column":2}}},"fnMap":{"0":{"name":"normalizePhilippinePhone","decl":{"start":{"line":9,"column":9},"end":{"line":9,"column":33}},"loc":{"start":{"line":9,"column":41},"end":{"line":36,"column":1}},"line":9},"1":{"name":"isValidE164Phone","decl":{"start":{"line":43,"column":9},"end":{"line":43,"column":25}},"loc":{"start":{"line":43,"column":33},"end":{"line":46,"column":1}},"line":43},"2":{"name":"formatPhoneForDisplay","decl":{"start":{"line":53,"column":9},"end":{"line":53,"column":30}},"loc":{"start":{"line":53,"column":38},"end":{"line":63,"column":1}},"line":53}},"branchMap":{"0":{"loc":{"start":{"line":10,"column":2},"end":{"line":10,"column":26}},"type":"if","locations":[{"start":{"line":10,"column":2},"end":{"line":10,"column":26}},{"start":{},"end":{}}],"line":10},"1":{"loc":{"start":{"line":16,"column":2},"end":{"line":28,"column":3}},"type":"if","locations":[{"start":{"line":16,"column":2},"end":{"line":28,"column":3}},{"start":{"line":19,"column":9},"end":{"line":28,"column":3}}],"line":16},"2":{"loc":{"start":{"line":19,"column":9},"end":{"line":28,"column":3}},"type":"if","locations":[{"start":{"line":19,"column":9},"end":{"line":28,"column":3}},{"start":{"line":22,"column":9},"end":{"line":28,"column":3}}],"line":19},"3":{"loc":{"start":{"line":19,"column":13},"end":{"line":19,"column":60}},"type":"binary-expr","locations":[{"start":{"line":19,"column":13},"end":{"line":19,"column":36}},{"start":{"line":19,"column":40},"end":{"line":19,"column":60}}],"line":19},"4":{"loc":{"start":{"line":22,"column":9},"end":{"line":28,"column":3}},"type":"if","locations":[{"start":{"line":22,"column":9},"end":{"line":28,"column":3}},{"start":{"line":25,"column":9},"end":{"line":28,"column":3}}],"line":22},"5":{"loc":{"start":{"line":22,"column":13},"end":{"line":22,"column":59}},"type":"binary-expr","locations":[{"start":{"line":22,"column":13},"end":{"line":22,"column":35}},{"start":{"line":22,"column":39},"end":{"line":22,"column":59}}],"line":22},"6":{"loc":{"start":{"line":25,"column":9},"end":{"line":28,"column":3}},"type":"if","locations":[{"start":{"line":25,"column":9},"end":{"line":28,"column":3}},{"start":{},"end":{}}],"line":25},"7":{"loc":{"start":{"line":25,"column":13},"end":{"line":25,"column":59}},"type":"binary-expr","locations":[{"start":{"line":25,"column":13},"end":{"line":25,"column":35}},{"start":{"line":25,"column":39},"end":{"line":25,"column":59}}],"line":25},"8":{"loc":{"start":{"line":31,"column":2},"end":{"line":33,"column":3}},"type":"if","locations":[{"start":{"line":31,"column":2},"end":{"line":33,"column":3}},{"start":{},"end":{}}],"line":31},"9":{"loc":{"start":{"line":44,"column":2},"end":{"line":44,"column":27}},"type":"if","locations":[{"start":{"line":44,"column":2},"end":{"line":44,"column":27}},{"start":{},"end":{}}],"line":44},"10":{"loc":{"start":{"line":54,"column":2},"end":{"line":54,"column":55}},"type":"if","locations":[{"start":{"line":54,"column":2},"end":{"line":54,"column":55}},{"start":{},"end":{}}],"line":54},"11":{"loc":{"start":{"line":54,"column":6},"end":{"line":54,"column":40}},"type":"binary-expr","locations":[{"start":{"line":54,"column":6},"end":{"line":54,"column":12}},{"start":{"line":54,"column":16},"end":{"line":54,"column":40}}],"line":54},"12":{"loc":{"start":{"line":58,"column":2},"end":{"line":60,"column":3}},"type":"if","locations":[{"start":{"line":58,"column":2},"end":{"line":60,"column":3}},{"start":{},"end":{}}],"line":58}},"s":{"0":20,"1":3,"2":17,"3":17,"4":6,"5":11,"6":11,"7":2,"8":9,"9":0,"10":17,"11":13,"12":4,"13":14,"14":3,"15":11,"16":6,"17":4,"18":2,"19":2,"20":2,"21":0,"22":3},"f":{"0":20,"1":14,"2":6},"b":{"0":[3,17],"1":[6,11],"2":[0,11],"3":[11,6],"4":[2,9],"5":[11,2],"6":[0,9],"7":[9,0],"8":[13,4],"9":[3,11],"10":[4,2],"11":[6,4],"12":[2,0]},"_coverageSchema":"1a1c01bbd47fc00a2c39e90264f33305004495a9","hash":"4e72fb3a840790ed7623ca833d3733309fbc32f5"}
}
