{"D:\\IT Projects\\clone\\budolEcosystem\\budolID-0.1.0\\check-apps.js": {"path":"D:\\IT Projects\\clone\\budolEcosystem\\budolID-0.1.0\\check-apps.js","statementMap":{"0":{"start":{"line":1,"column":25},"end":{"line":1,"column":54}},"1":{"start":{"line":2,"column":15},"end":{"line":2,"column":33}},"2":{"start":{"line":5,"column":4},"end":{"line":18,"column":5}},"3":{"start":{"line":6,"column":21},"end":{"line":6,"column":57}},"4":{"start":{"line":7,"column":8},"end":{"line":7,"column":57}},"5":{"start":{"line":8,"column":8},"end":{"line":13,"column":11}},"6":{"start":{"line":9,"column":12},"end":{"line":9,"column":44}},"7":{"start":{"line":10,"column":12},"end":{"line":10,"column":52}},"8":{"start":{"line":11,"column":12},"end":{"line":11,"column":62}},"9":{"start":{"line":12,"column":12},"end":{"line":12,"column":55}},"10":{"start":{"line":15,"column":8},"end":{"line":15,"column":53}},"11":{"start":{"line":17,"column":8},"end":{"line":17,"column":35}},"12":{"start":{"line":21,"column":0},"end":{"line":21,"column":12}}},"fnMap":{"0":{"name":"checkApps","decl":{"start":{"line":4,"column":15},"end":{"line":4,"column":24}},"loc":{"start":{"line":4,"column":27},"end":{"line":19,"column":1}},"line":4},"1":{"name":"(anonymous_1)","decl":{"start":{"line":8,"column":21},"end":{"line":8,"column":22}},"loc":{"start":{"line":8,"column":28},"end":{"line":13,"column":9}},"line":8}},"branchMap":{},"s":{"0":0,"1":0,"2":0,"3":0,"4":0,"5":0,"6":0,"7":0,"8":0,"9":0,"10":0,"11":0,"12":0},"f":{"0":0,"1":0},"b":{}}
,"D:\\IT Projects\\clone\\budolEcosystem\\budolID-0.1.0\\check-cols.js": {"path":"D:\\IT Projects\\clone\\budolEcosystem\\budolID-0.1.0\\check-cols.js","statementMap":{"0":{"start":{"line":2,"column":25},"end":{"line":2,"column":54}},"1":{"start":{"line":3,"column":15},"end":{"line":3,"column":33}},"2":{"start":{"line":6,"column":4},"end":{"line":28,"column":5}},"3":{"start":{"line":7,"column":27},"end":{"line":7,"column":36}},"4":{"start":{"line":8,"column":8},"end":{"line":8,"column":60}},"5":{"start":{"line":9,"column":20},"end":{"line":14,"column":9}},"6":{"start":{"line":15,"column":8},"end":{"line":15,"column":67}},"7":{"start":{"line":15,"column":51},"end":{"line":15,"column":64}},"8":{"start":{"line":17,"column":21},"end":{"line":22,"column":9}},"9":{"start":{"line":23,"column":8},"end":{"line":23,"column":75}},"10":{"start":{"line":23,"column":59},"end":{"line":23,"column":72}},"11":{"start":{"line":25,"column":8},"end":{"line":25,"column":43}},"12":{"start":{"line":27,"column":8},"end":{"line":27,"column":35}},"13":{"start":{"line":31,"column":0},"end":{"line":31,"column":7}}},"fnMap":{"0":{"name":"main","decl":{"start":{"line":5,"column":15},"end":{"line":5,"column":19}},"loc":{"start":{"line":5,"column":22},"end":{"line":29,"column":1}},"line":5},"1":{"name":"(anonymous_1)","decl":{"start":{"line":15,"column":46},"end":{"line":15,"column":47}},"loc":{"start":{"line":15,"column":51},"end":{"line":15,"column":64}},"line":15},"2":{"name":"(anonymous_2)","decl":{"start":{"line":23,"column":54},"end":{"line":23,"column":55}},"loc":{"start":{"line":23,"column":59},"end":{"line":23,"column":72}},"line":23}},"branchMap":{},"s":{"0":0,"1":0,"2":0,"3":0,"4":0,"5":0,"6":0,"7":0,"8":0,"9":0,"10":0,"11":0,"12":0,"13":0},"f":{"0":0,"1":0,"2":0},"b":{}}
,"D:\\IT Projects\\clone\\budolEcosystem\\budolID-0.1.0\\check-db.js": {"path":"D:\\IT Projects\\clone\\budolEcosystem\\budolID-0.1.0\\check-db.js","statementMap":{"0":{"start":{"line":1,"column":25},"end":{"line":1,"column":54}},"1":{"start":{"line":2,"column":15},"end":{"line":8,"column":2}},"2":{"start":{"line":10,"column":17},"end":{"line":10,"column":53}},"3":{"start":{"line":11,"column":4},"end":{"line":14,"column":7}},"4":{"start":{"line":12,"column":8},"end":{"line":12,"column":78}},"5":{"start":{"line":13,"column":8},"end":{"line":13,"column":56}},"6":{"start":{"line":16,"column":0},"end":{"line":16,"column":64}},"7":{"start":{"line":16,"column":42},"end":{"line":16,"column":62}}},"fnMap":{"0":{"name":"main","decl":{"start":{"line":9,"column":15},"end":{"line":9,"column":19}},"loc":{"start":{"line":9,"column":22},"end":{"line":15,"column":1}},"line":9},"1":{"name":"(anonymous_1)","decl":{"start":{"line":11,"column":17},"end":{"line":11,"column":18}},"loc":{"start":{"line":11,"column":24},"end":{"line":14,"column":5}},"line":11},"2":{"name":"(anonymous_2)","decl":{"start":{"line":16,"column":36},"end":{"line":16,"column":37}},"loc":{"start":{"line":16,"column":42},"end":{"line":16,"column":62}},"line":16}},"branchMap":{},"s":{"0":0,"1":0,"2":0,"3":0,"4":0,"5":0,"6":0,"7":0},"f":{"0":0,"1":0,"2":0},"b":{}}
,"D:\\IT Projects\\clone\\budolEcosystem\\budolID-0.1.0\\check-target-user.js": {"path":"D:\\IT Projects\\clone\\budolEcosystem\\budolID-0.1.0\\check-target-user.js","statementMap":{"0":{"start":{"line":1,"column":25},"end":{"line":1,"column":54}},"1":{"start":{"line":2,"column":15},"end":{"line":8,"column":2}},"2":{"start":{"line":11,"column":24},"end":{"line":11,"column":50}},"3":{"start":{"line":12,"column":4},"end":{"line":28,"column":5}},"4":{"start":{"line":13,"column":8},"end":{"line":13,"column":79}},"5":{"start":{"line":14,"column":21},"end":{"line":16,"column":10}},"6":{"start":{"line":18,"column":8},"end":{"line":23,"column":9}},"7":{"start":{"line":19,"column":12},"end":{"line":19,"column":41}},"8":{"start":{"line":20,"column":12},"end":{"line":20,"column":55}},"9":{"start":{"line":22,"column":12},"end":{"line":22,"column":44}},"10":{"start":{"line":25,"column":8},"end":{"line":25,"column":61}},"11":{"start":{"line":27,"column":8},"end":{"line":27,"column":35}},"12":{"start":{"line":31,"column":0},"end":{"line":31,"column":7}}},"fnMap":{"0":{"name":"main","decl":{"start":{"line":10,"column":15},"end":{"line":10,"column":19}},"loc":{"start":{"line":10,"column":22},"end":{"line":29,"column":1}},"line":10}},"branchMap":{"0":{"loc":{"start":{"line":18,"column":8},"end":{"line":23,"column":9}},"type":"if","locations":[{"start":{"line":18,"column":8},"end":{"line":23,"column":9}},{"start":{"line":21,"column":15},"end":{"line":23,"column":9}}],"line":18}},"s":{"0":0,"1":0,"2":0,"3":0,"4":0,"5":0,"6":0,"7":0,"8":0,"9":0,"10":0,"11":0,"12":0},"f":{"0":0},"b":{"0":[0,0]}}
,"D:\\IT Projects\\clone\\budolEcosystem\\budolID-0.1.0\\check-users-budolid.js": {"path":"D:\\IT Projects\\clone\\budolEcosystem\\budolID-0.1.0\\check-users-budolid.js","statementMap":{"0":{"start":{"line":1,"column":25},"end":{"line":1,"column":54}},"1":{"start":{"line":2,"column":15},"end":{"line":8,"column":2}},"2":{"start":{"line":11,"column":4},"end":{"line":22,"column":5}},"3":{"start":{"line":12,"column":8},"end":{"line":12,"column":57}},"4":{"start":{"line":13,"column":22},"end":{"line":13,"column":50}},"5":{"start":{"line":14,"column":8},"end":{"line":14,"column":50}},"6":{"start":{"line":15,"column":8},"end":{"line":17,"column":11}},"7":{"start":{"line":16,"column":12},"end":{"line":16,"column":75}},"8":{"start":{"line":19,"column":8},"end":{"line":19,"column":53}},"9":{"start":{"line":21,"column":8},"end":{"line":21,"column":35}},"10":{"start":{"line":25,"column":0},"end":{"line":25,"column":7}}},"fnMap":{"0":{"name":"main","decl":{"start":{"line":10,"column":15},"end":{"line":10,"column":19}},"loc":{"start":{"line":10,"column":22},"end":{"line":23,"column":1}},"line":10},"1":{"name":"(anonymous_1)","decl":{"start":{"line":15,"column":22},"end":{"line":15,"column":23}},"loc":{"start":{"line":15,"column":27},"end":{"line":17,"column":9}},"line":15}},"branchMap":{},"s":{"0":0,"1":0,"2":0,"3":0,"4":0,"5":0,"6":0,"7":0,"8":0,"9":0,"10":0},"f":{"0":0,"1":0},"b":{}}
,"D:\\IT Projects\\clone\\budolEcosystem\\budolID-0.1.0\\check_all.js": {"path":"D:\\IT Projects\\clone\\budolEcosystem\\budolID-0.1.0\\check_all.js","statementMap":{"0":{"start":{"line":1,"column":25},"end":{"line":1,"column":54}},"1":{"start":{"line":2,"column":15},"end":{"line":2,"column":33}},"2":{"start":{"line":4,"column":0},"end":{"line":4,"column":37}},"3":{"start":{"line":7,"column":16},"end":{"line":9,"column":4}},"4":{"start":{"line":10,"column":2},"end":{"line":10,"column":60}},"5":{"start":{"line":13,"column":0},"end":{"line":15,"column":51}},"6":{"start":{"line":14,"column":14},"end":{"line":14,"column":30}},"7":{"start":{"line":15,"column":23},"end":{"line":15,"column":49}}},"fnMap":{"0":{"name":"main","decl":{"start":{"line":6,"column":15},"end":{"line":6,"column":19}},"loc":{"start":{"line":6,"column":22},"end":{"line":11,"column":1}},"line":6},"1":{"name":"(anonymous_1)","decl":{"start":{"line":14,"column":9},"end":{"line":14,"column":10}},"loc":{"start":{"line":14,"column":14},"end":{"line":14,"column":30}},"line":14},"2":{"name":"(anonymous_2)","decl":{"start":{"line":15,"column":11},"end":{"line":15,"column":12}},"loc":{"start":{"line":15,"column":23},"end":{"line":15,"column":49}},"line":15}},"branchMap":{},"s":{"0":0,"1":0,"2":0,"3":0,"4":0,"5":0,"6":0,"7":0},"f":{"0":0,"1":0,"2":0},"b":{}}
,"D:\\IT Projects\\clone\\budolEcosystem\\budolID-0.1.0\\check_db_tables.js": {"path":"D:\\IT Projects\\clone\\budolEcosystem\\budolID-0.1.0\\check_db_tables.js","statementMap":{"0":{"start":{"line":1,"column":19},"end":{"line":1,"column":32}},"1":{"start":{"line":2,"column":15},"end":{"line":5,"column":2}},"2":{"start":{"line":7,"column":0},"end":{"line":22,"column":31}},"3":{"start":{"line":9,"column":4},"end":{"line":9,"column":50}},"4":{"start":{"line":10,"column":4},"end":{"line":10,"column":105}},"5":{"start":{"line":13,"column":4},"end":{"line":13,"column":46}},"6":{"start":{"line":14,"column":4},"end":{"line":14,"column":61}},"7":{"start":{"line":14,"column":26},"end":{"line":14,"column":59}},"8":{"start":{"line":15,"column":4},"end":{"line":19,"column":5}},"9":{"start":{"line":15,"column":27},"end":{"line":15,"column":58}},"10":{"start":{"line":16,"column":8},"end":{"line":18,"column":11}},"11":{"start":{"line":17,"column":12},"end":{"line":17,"column":68}},"12":{"start":{"line":22,"column":17},"end":{"line":22,"column":29}}},"fnMap":{"0":{"name":"(anonymous_0)","decl":{"start":{"line":8,"column":8},"end":{"line":8,"column":9}},"loc":{"start":{"line":8,"column":14},"end":{"line":11,"column":3}},"line":8},"1":{"name":"(anonymous_1)","decl":{"start":{"line":12,"column":8},"end":{"line":12,"column":9}},"loc":{"start":{"line":12,"column":15},"end":{"line":20,"column":3}},"line":12},"2":{"name":"(anonymous_2)","decl":{"start":{"line":14,"column":21},"end":{"line":14,"column":22}},"loc":{"start":{"line":14,"column":26},"end":{"line":14,"column":59}},"line":14},"3":{"name":"(anonymous_3)","decl":{"start":{"line":15,"column":22},"end":{"line":15,"column":23}},"loc":{"start":{"line":15,"column":27},"end":{"line":15,"column":58}},"line":15},"4":{"name":"(anonymous_4)","decl":{"start":{"line":16,"column":75},"end":{"line":16,"column":76}},"loc":{"start":{"line":16,"column":80},"end":{"line":18,"column":9}},"line":16},"5":{"name":"(anonymous_5)","decl":{"start":{"line":22,"column":11},"end":{"line":22,"column":12}},"loc":{"start":{"line":22,"column":17},"end":{"line":22,"column":29}},"line":22}},"branchMap":{"0":{"loc":{"start":{"line":15,"column":4},"end":{"line":19,"column":5}},"type":"if","locations":[{"start":{"line":15,"column":4},"end":{"line":19,"column":5}},{"start":{},"end":{}}],"line":15}},"s":{"0":0,"1":0,"2":0,"3":0,"4":0,"5":0,"6":0,"7":0,"8":0,"9":0,"10":0,"11":0,"12":0},"f":{"0":0,"1":0,"2":0,"3":0,"4":0,"5":0},"b":{"0":[0,0]}}
,"D:\\IT Projects\\clone\\budolEcosystem\\budolID-0.1.0\\check_marijoy.js": {"path":"D:\\IT Projects\\clone\\budolEcosystem\\budolID-0.1.0\\check_marijoy.js","statementMap":{"0":{"start":{"line":1,"column":25},"end":{"line":1,"column":54}},"1":{"start":{"line":2,"column":15},"end":{"line":2,"column":33}},"2":{"start":{"line":4,"column":0},"end":{"line":4,"column":33}},"3":{"start":{"line":7,"column":16},"end":{"line":9,"column":4}},"4":{"start":{"line":10,"column":2},"end":{"line":10,"column":31}},"5":{"start":{"line":13,"column":0},"end":{"line":15,"column":51}},"6":{"start":{"line":14,"column":14},"end":{"line":14,"column":30}},"7":{"start":{"line":15,"column":23},"end":{"line":15,"column":49}}},"fnMap":{"0":{"name":"main","decl":{"start":{"line":6,"column":15},"end":{"line":6,"column":19}},"loc":{"start":{"line":6,"column":22},"end":{"line":11,"column":1}},"line":6},"1":{"name":"(anonymous_1)","decl":{"start":{"line":14,"column":9},"end":{"line":14,"column":10}},"loc":{"start":{"line":14,"column":14},"end":{"line":14,"column":30}},"line":14},"2":{"name":"(anonymous_2)","decl":{"start":{"line":15,"column":11},"end":{"line":15,"column":12}},"loc":{"start":{"line":15,"column":23},"end":{"line":15,"column":49}},"line":15}},"branchMap":{},"s":{"0":0,"1":0,"2":0,"3":0,"4":0,"5":0,"6":0,"7":0},"f":{"0":0,"1":0,"2":0},"b":{}}
,"D:\\IT Projects\\clone\\budolEcosystem\\budolID-0.1.0\\check_marijoy_id.js": {"path":"D:\\IT Projects\\clone\\budolEcosystem\\budolID-0.1.0\\check_marijoy_id.js","statementMap":{"0":{"start":{"line":2,"column":25},"end":{"line":2,"column":54}},"1":{"start":{"line":3,"column":15},"end":{"line":3,"column":33}},"2":{"start":{"line":5,"column":0},"end":{"line":5,"column":61}},"3":{"start":{"line":8,"column":2},"end":{"line":17,"column":3}},"4":{"start":{"line":9,"column":17},"end":{"line":11,"column":6}},"5":{"start":{"line":12,"column":4},"end":{"line":12,"column":42}},"6":{"start":{"line":14,"column":4},"end":{"line":14,"column":31}},"7":{"start":{"line":16,"column":4},"end":{"line":16,"column":31}},"8":{"start":{"line":20,"column":0},"end":{"line":20,"column":7}}},"fnMap":{"0":{"name":"main","decl":{"start":{"line":7,"column":15},"end":{"line":7,"column":19}},"loc":{"start":{"line":7,"column":22},"end":{"line":18,"column":1}},"line":7}},"branchMap":{},"s":{"0":0,"1":0,"2":0,"3":0,"4":0,"5":0,"6":0,"7":0,"8":0},"f":{"0":0},"b":{}}
,"D:\\IT Projects\\clone\\budolEcosystem\\budolID-0.1.0\\create-admins.js": {"path":"D:\\IT Projects\\clone\\budolEcosystem\\budolID-0.1.0\\create-admins.js","statementMap":{"0":{"start":{"line":1,"column":25},"end":{"line":1,"column":54}},"1":{"start":{"line":2,"column":15},"end":{"line":2,"column":33}},"2":{"start":{"line":3,"column":15},"end":{"line":3,"column":34}},"3":{"start":{"line":6,"column":17},"end":{"line":21,"column":3}},"4":{"start":{"line":23,"column":2},"end":{"line":23,"column":58}},"5":{"start":{"line":25,"column":2},"end":{"line":48,"column":3}},"6":{"start":{"line":26,"column":27},"end":{"line":26,"column":64}},"7":{"start":{"line":28,"column":17},"end":{"line":45,"column":6}},"8":{"start":{"line":47,"column":4},"end":{"line":47,"column":77}},"9":{"start":{"line":50,"column":2},"end":{"line":50,"column":30}},"10":{"start":{"line":53,"column":0},"end":{"line":55,"column":39}},"11":{"start":{"line":55,"column":17},"end":{"line":55,"column":37}}},"fnMap":{"0":{"name":"createAdminAccounts","decl":{"start":{"line":5,"column":15},"end":{"line":5,"column":34}},"loc":{"start":{"line":5,"column":37},"end":{"line":51,"column":1}},"line":5},"1":{"name":"(anonymous_1)","decl":{"start":{"line":55,"column":11},"end":{"line":55,"column":12}},"loc":{"start":{"line":55,"column":17},"end":{"line":55,"column":37}},"line":55}},"branchMap":{},"s":{"0":0,"1":0,"2":0,"3":0,"4":0,"5":0,"6":0,"7":0,"8":0,"9":0,"10":0,"11":0},"f":{"0":0,"1":0},"b":{}}
,"D:\\IT Projects\\clone\\budolEcosystem\\budolID-0.1.0\\create_admin.js": {"path":"D:\\IT Projects\\clone\\budolEcosystem\\budolID-0.1.0\\create_admin.js","statementMap":{"0":{"start":{"line":1,"column":25},"end":{"line":1,"column":54}},"1":{"start":{"line":2,"column":15},"end":{"line":2,"column":34}},"2":{"start":{"line":4,"column":15},"end":{"line":4,"column":33}},"3":{"start":{"line":7,"column":16},"end":{"line":7,"column":39}},"4":{"start":{"line":8,"column":19},"end":{"line":8,"column":35}},"5":{"start":{"line":9,"column":25},"end":{"line":9,"column":56}},"6":{"start":{"line":11,"column":15},"end":{"line":30,"column":4}},"7":{"start":{"line":32,"column":2},"end":{"line":32,"column":76}},"8":{"start":{"line":35,"column":0},"end":{"line":35,"column":64}},"9":{"start":{"line":35,"column":42},"end":{"line":35,"column":62}}},"fnMap":{"0":{"name":"main","decl":{"start":{"line":6,"column":15},"end":{"line":6,"column":19}},"loc":{"start":{"line":6,"column":22},"end":{"line":33,"column":1}},"line":6},"1":{"name":"(anonymous_1)","decl":{"start":{"line":35,"column":36},"end":{"line":35,"column":37}},"loc":{"start":{"line":35,"column":42},"end":{"line":35,"column":62}},"line":35}},"branchMap":{},"s":{"0":0,"1":0,"2":0,"3":0,"4":0,"5":0,"6":0,"7":0,"8":0,"9":0},"f":{"0":0,"1":0},"b":{}}
,"D:\\IT Projects\\clone\\budolEcosystem\\budolID-0.1.0\\create_admin_prod.js": {"path":"D:\\IT Projects\\clone\\budolEcosystem\\budolID-0.1.0\\create_admin_prod.js","statementMap":{"0":{"start":{"line":1,"column":25},"end":{"line":1,"column":54}},"1":{"start":{"line":2,"column":15},"end":{"line":2,"column":34}},"2":{"start":{"line":4,"column":15},"end":{"line":10,"column":2}},"3":{"start":{"line":13,"column":16},"end":{"line":13,"column":39}},"4":{"start":{"line":14,"column":19},"end":{"line":14,"column":35}},"5":{"start":{"line":15,"column":25},"end":{"line":15,"column":56}},"6":{"start":{"line":17,"column":15},"end":{"line":36,"column":4}},"7":{"start":{"line":38,"column":2},"end":{"line":38,"column":81}},"8":{"start":{"line":41,"column":0},"end":{"line":41,"column":64}},"9":{"start":{"line":41,"column":42},"end":{"line":41,"column":62}}},"fnMap":{"0":{"name":"main","decl":{"start":{"line":12,"column":15},"end":{"line":12,"column":19}},"loc":{"start":{"line":12,"column":22},"end":{"line":39,"column":1}},"line":12},"1":{"name":"(anonymous_1)","decl":{"start":{"line":41,"column":36},"end":{"line":41,"column":37}},"loc":{"start":{"line":41,"column":42},"end":{"line":41,"column":62}},"line":41}},"branchMap":{},"s":{"0":0,"1":0,"2":0,"3":0,"4":0,"5":0,"6":0,"7":0,"8":0,"9":0},"f":{"0":0,"1":0},"b":{}}
,"D:\\IT Projects\\clone\\budolEcosystem\\budolID-0.1.0\\index.js": {"path":"D:\\IT Projects\\clone\\budolEcosystem\\budolID-0.1.0\\index.js","statementMap":{"0":{"start":{"line":1,"column":0},"end":{"line":1,"column":27}},"1":{"start":{"line":2,"column":16},"end":{"line":2,"column":34}},"2":{"start":{"line":3,"column":25},"end":{"line":3,"column":54}},"3":{"start":{"line":4,"column":33},"end":{"line":4,"column":60}},"4":{"start":{"line":5,"column":12},"end":{"line":5,"column":35}},"5":{"start":{"line":6,"column":15},"end":{"line":6,"column":34}},"6":{"start":{"line":7,"column":13},"end":{"line":7,"column":28}},"7":{"start":{"line":8,"column":55},"end":{"line":8,"column":92}},"8":{"start":{"line":10,"column":15},"end":{"line":16,"column":2}},"9":{"start":{"line":19,"column":0},"end":{"line":64,"column":7}},"10":{"start":{"line":21,"column":8},"end":{"line":21,"column":47}},"11":{"start":{"line":24,"column":24},"end":{"line":24,"column":61}},"12":{"start":{"line":25,"column":23},"end":{"line":25,"column":90}},"13":{"start":{"line":27,"column":25},"end":{"line":30,"column":9}},"14":{"start":{"line":32,"column":8},"end":{"line":53,"column":9}},"15":{"start":{"line":33,"column":32},"end":{"line":33,"column":103}},"16":{"start":{"line":35,"column":12},"end":{"line":52,"column":13}},"17":{"start":{"line":36,"column":16},"end":{"line":36,"column":69}},"18":{"start":{"line":37,"column":16},"end":{"line":44,"column":19}},"19":{"start":{"line":45,"column":19},"end":{"line":52,"column":13}},"20":{"start":{"line":47,"column":16},"end":{"line":47,"column":94}},"21":{"start":{"line":48,"column":16},"end":{"line":51,"column":19}},"22":{"start":{"line":54,"column":8},"end":{"line":54,"column":61}},"23":{"start":{"line":56,"column":8},"end":{"line":56,"column":57}},"24":{"start":{"line":59,"column":8},"end":{"line":59,"column":51}},"25":{"start":{"line":62,"column":8},"end":{"line":62,"column":67}},"26":{"start":{"line":63,"column":8},"end":{"line":63,"column":135}},"27":{"start":{"line":65,"column":12},"end":{"line":65,"column":21}},"28":{"start":{"line":66,"column":13},"end":{"line":66,"column":37}},"29":{"start":{"line":67,"column":19},"end":{"line":67,"column":91}},"30":{"start":{"line":70,"column":16},"end":{"line":98,"column":1}},"31":{"start":{"line":71,"column":4},"end":{"line":71,"column":27}},"32":{"start":{"line":71,"column":14},"end":{"line":71,"column":27}},"33":{"start":{"line":74,"column":4},"end":{"line":78,"column":5}},"34":{"start":{"line":75,"column":8},"end":{"line":77,"column":27}},"35":{"start":{"line":75,"column":31},"end":{"line":75,"column":46}},"36":{"start":{"line":76,"column":13},"end":{"line":77,"column":27}},"37":{"start":{"line":76,"column":52},"end":{"line":76,"column":67}},"38":{"start":{"line":77,"column":13},"end":{"line":77,"column":27}},"39":{"start":{"line":80,"column":4},"end":{"line":83,"column":5}},"40":{"start":{"line":81,"column":31},"end":{"line":81,"column":45}},"41":{"start":{"line":82,"column":8},"end":{"line":82,"column":88}},"42":{"start":{"line":85,"column":4},"end":{"line":91,"column":5}},"43":{"start":{"line":86,"column":23},"end":{"line":86,"column":45}},"44":{"start":{"line":87,"column":8},"end":{"line":89,"column":9}},"45":{"start":{"line":88,"column":12},"end":{"line":88,"column":111}},"46":{"start":{"line":90,"column":8},"end":{"line":90,"column":40}},"47":{"start":{"line":93,"column":4},"end":{"line":95,"column":5}},"48":{"start":{"line":94,"column":8},"end":{"line":94,"column":76}},"49":{"start":{"line":97,"column":4},"end":{"line":97,"column":17}},"50":{"start":{"line":100,"column":0},"end":{"line":100,"column":16}},"51":{"start":{"line":101,"column":0},"end":{"line":101,"column":24}},"52":{"start":{"line":103,"column":0},"end":{"line":107,"column":3}},"53":{"start":{"line":104,"column":20},"end":{"line":104,"column":57}},"54":{"start":{"line":105,"column":4},"end":{"line":105,"column":73}},"55":{"start":{"line":106,"column":4},"end":{"line":106,"column":65}},"56":{"start":{"line":110,"column":0},"end":{"line":113,"column":3}},"57":{"start":{"line":111,"column":4},"end":{"line":111,"column":72}},"58":{"start":{"line":112,"column":4},"end":{"line":112,"column":11}},"59":{"start":{"line":116,"column":0},"end":{"line":232,"column":3}},"60":{"start":{"line":117,"column":37},"end":{"line":117,"column":46}},"61":{"start":{"line":118,"column":25},"end":{"line":118,"column":48}},"62":{"start":{"line":119,"column":30},"end":{"line":119,"column":48}},"63":{"start":{"line":121,"column":4},"end":{"line":231,"column":7}},"64":{"start":{"line":235,"column":0},"end":{"line":835,"column":3}},"65":{"start":{"line":236,"column":23},"end":{"line":236,"column":32}},"66":{"start":{"line":237,"column":23},"end":{"line":237,"column":47}},"67":{"start":{"line":238,"column":25},"end":{"line":238,"column":53}},"68":{"start":{"line":239,"column":22},"end":{"line":239,"column":47}},"69":{"start":{"line":240,"column":25},"end":{"line":240,"column":48}},"70":{"start":{"line":242,"column":4},"end":{"line":834,"column":7}},"71":{"start":{"line":838,"column":0},"end":{"line":939,"column":3}},"72":{"start":{"line":839,"column":23},"end":{"line":839,"column":32}},"73":{"start":{"line":840,"column":25},"end":{"line":840,"column":48}},"74":{"start":{"line":842,"column":4},"end":{"line":938,"column":7}},"75":{"start":{"line":942,"column":0},"end":{"line":1104,"column":3}},"76":{"start":{"line":943,"column":30},"end":{"line":943,"column":39}},"77":{"start":{"line":944,"column":25},"end":{"line":944,"column":48}},"78":{"start":{"line":946,"column":4},"end":{"line":1103,"column":7}},"79":{"start":{"line":1107,"column":0},"end":{"line":1107,"column":48}},"80":{"start":{"line":1108,"column":0},"end":{"line":1180,"column":3}},"81":{"start":{"line":1109,"column":54},"end":{"line":1109,"column":62}},"82":{"start":{"line":1112,"column":25},"end":{"line":1112,"column":48}},"83":{"start":{"line":1114,"column":4},"end":{"line":1179,"column":5}},"84":{"start":{"line":1115,"column":29},"end":{"line":1115,"column":102}},"85":{"start":{"line":1116,"column":8},"end":{"line":1116,"column":100}},"86":{"start":{"line":1116,"column":27},"end":{"line":1116,"column":100}},"87":{"start":{"line":1118,"column":21},"end":{"line":1118,"column":71}},"88":{"start":{"line":1119,"column":8},"end":{"line":1121,"column":9}},"89":{"start":{"line":1120,"column":12},"end":{"line":1120,"column":63}},"90":{"start":{"line":1123,"column":22},"end":{"line":1134,"column":9}},"91":{"start":{"line":1136,"column":8},"end":{"line":1143,"column":11}},"92":{"start":{"line":1146,"column":8},"end":{"line":1150,"column":11}},"93":{"start":{"line":1153,"column":32},"end":{"line":1153,"column":56}},"94":{"start":{"line":1155,"column":8},"end":{"line":1174,"column":9}},"95":{"start":{"line":1156,"column":12},"end":{"line":1173,"column":13}},"96":{"start":{"line":1157,"column":37},"end":{"line":1157,"column":58}},"97":{"start":{"line":1158,"column":35},"end":{"line":1158,"column":68}},"98":{"start":{"line":1162,"column":16},"end":{"line":1170,"column":17}},"99":{"start":{"line":1166,"column":20},"end":{"line":1166,"column":53}},"100":{"start":{"line":1167,"column":20},"end":{"line":1167,"column":96}},"101":{"start":{"line":1169,"column":20},"end":{"line":1169,"column":144}},"102":{"start":{"line":1172,"column":16},"end":{"line":1172,"column":90}},"103":{"start":{"line":1176,"column":8},"end":{"line":1176,"column":105}},"104":{"start":{"line":1178,"column":8},"end":{"line":1178,"column":44}},"105":{"start":{"line":1185,"column":0},"end":{"line":1212,"column":3}},"106":{"start":{"line":1186,"column":22},"end":{"line":1186,"column":30}},"107":{"start":{"line":1187,"column":4},"end":{"line":1211,"column":5}},"108":{"start":{"line":1188,"column":21},"end":{"line":1188,"column":71}},"109":{"start":{"line":1189,"column":8},"end":{"line":1192,"column":9}},"110":{"start":{"line":1191,"column":12},"end":{"line":1191,"column":106}},"111":{"start":{"line":1194,"column":20},"end":{"line":1194,"column":74}},"112":{"start":{"line":1195,"column":27},"end":{"line":1195,"column":63}},"113":{"start":{"line":1197,"column":8},"end":{"line":1200,"column":11}},"114":{"start":{"line":1203,"column":8},"end":{"line":1203,"column":62}},"115":{"start":{"line":1204,"column":8},"end":{"line":1204,"column":129}},"116":{"start":{"line":1205,"column":8},"end":{"line":1205,"column":143}},"117":{"start":{"line":1206,"column":8},"end":{"line":1206,"column":62}},"118":{"start":{"line":1208,"column":8},"end":{"line":1208,"column":95}},"119":{"start":{"line":1210,"column":8},"end":{"line":1210,"column":55}},"120":{"start":{"line":1215,"column":0},"end":{"line":1242,"column":3}},"121":{"start":{"line":1216,"column":27},"end":{"line":1216,"column":35}},"122":{"start":{"line":1217,"column":4},"end":{"line":1241,"column":5}},"123":{"start":{"line":1218,"column":21},"end":{"line":1218,"column":71}},"124":{"start":{"line":1220,"column":8},"end":{"line":1222,"column":9}},"125":{"start":{"line":1221,"column":12},"end":{"line":1221,"column":78}},"126":{"start":{"line":1225,"column":27},"end":{"line":1225,"column":76}},"127":{"start":{"line":1226,"column":34},"end":{"line":1226,"column":71}},"128":{"start":{"line":1228,"column":8},"end":{"line":1236,"column":11}},"129":{"start":{"line":1238,"column":8},"end":{"line":1238,"column":33}},"130":{"start":{"line":1240,"column":8},"end":{"line":1240,"column":55}},"131":{"start":{"line":1245,"column":0},"end":{"line":1269,"column":3}},"132":{"start":{"line":1246,"column":40},"end":{"line":1246,"column":48}},"133":{"start":{"line":1247,"column":4},"end":{"line":1268,"column":5}},"134":{"start":{"line":1248,"column":21},"end":{"line":1248,"column":76}},"135":{"start":{"line":1250,"column":8},"end":{"line":1252,"column":9}},"136":{"start":{"line":1251,"column":12},"end":{"line":1251,"column":86}},"137":{"start":{"line":1254,"column":31},"end":{"line":1254,"column":65}},"138":{"start":{"line":1256,"column":8},"end":{"line":1263,"column":11}},"139":{"start":{"line":1265,"column":8},"end":{"line":1265,"column":79}},"140":{"start":{"line":1267,"column":8},"end":{"line":1267,"column":55}},"141":{"start":{"line":1272,"column":0},"end":{"line":1287,"column":3}},"142":{"start":{"line":1273,"column":34},"end":{"line":1273,"column":42}},"143":{"start":{"line":1274,"column":4},"end":{"line":1286,"column":5}},"144":{"start":{"line":1275,"column":20},"end":{"line":1282,"column":10}},"145":{"start":{"line":1283,"column":8},"end":{"line":1283,"column":34}},"146":{"start":{"line":1285,"column":8},"end":{"line":1285,"column":55}},"147":{"start":{"line":1290,"column":0},"end":{"line":1307,"column":3}},"148":{"start":{"line":1291,"column":22},"end":{"line":1291,"column":31}},"149":{"start":{"line":1292,"column":4},"end":{"line":1292,"column":76}},"150":{"start":{"line":1292,"column":16},"end":{"line":1292,"column":76}},"151":{"start":{"line":1294,"column":4},"end":{"line":1306,"column":5}},"152":{"start":{"line":1295,"column":21},"end":{"line":1298,"column":10}},"153":{"start":{"line":1300,"column":8},"end":{"line":1303,"column":11}},"154":{"start":{"line":1305,"column":8},"end":{"line":1305,"column":55}},"155":{"start":{"line":1310,"column":0},"end":{"line":1400,"column":3}},"156":{"start":{"line":1311,"column":22},"end":{"line":1311,"column":31}},"157":{"start":{"line":1312,"column":4},"end":{"line":1312,"column":66}},"158":{"start":{"line":1314,"column":4},"end":{"line":1314,"column":83}},"159":{"start":{"line":1314,"column":16},"end":{"line":1314,"column":83}},"160":{"start":{"line":1316,"column":4},"end":{"line":1399,"column":5}},"161":{"start":{"line":1318,"column":32},"end":{"line":1318,"column":63}},"162":{"start":{"line":1319,"column":8},"end":{"line":1319,"column":72}},"163":{"start":{"line":1321,"column":8},"end":{"line":1324,"column":9}},"164":{"start":{"line":1322,"column":12},"end":{"line":1322,"column":76}},"165":{"start":{"line":1323,"column":12},"end":{"line":1323,"column":82}},"166":{"start":{"line":1327,"column":24},"end":{"line":1327,"column":45}},"167":{"start":{"line":1328,"column":19},"end":{"line":1328,"column":23}},"168":{"start":{"line":1329,"column":26},"end":{"line":1329,"column":30}},"169":{"start":{"line":1331,"column":8},"end":{"line":1378,"column":9}},"170":{"start":{"line":1332,"column":12},"end":{"line":1332,"column":93}},"171":{"start":{"line":1334,"column":12},"end":{"line":1377,"column":13}},"172":{"start":{"line":1336,"column":32},"end":{"line":1339,"column":17}},"173":{"start":{"line":1341,"column":16},"end":{"line":1346,"column":17}},"174":{"start":{"line":1342,"column":20},"end":{"line":1342,"column":38}},"175":{"start":{"line":1343,"column":20},"end":{"line":1343,"column":41}},"176":{"start":{"line":1344,"column":20},"end":{"line":1344,"column":75}},"177":{"start":{"line":1345,"column":20},"end":{"line":1345,"column":26}},"178":{"start":{"line":1349,"column":34},"end":{"line":1349,"column":62}},"179":{"start":{"line":1350,"column":35},"end":{"line":1350,"column":37}},"180":{"start":{"line":1351,"column":16},"end":{"line":1355,"column":17}},"181":{"start":{"line":1352,"column":20},"end":{"line":1352,"column":66}},"182":{"start":{"line":1353,"column":23},"end":{"line":1355,"column":17}},"183":{"start":{"line":1354,"column":20},"end":{"line":1354,"column":47}},"184":{"start":{"line":1357,"column":16},"end":{"line":1369,"column":17}},"185":{"start":{"line":1358,"column":20},"end":{"line":1358,"column":97}},"186":{"start":{"line":1359,"column":39},"end":{"line":1362,"column":21}},"187":{"start":{"line":1363,"column":20},"end":{"line":1368,"column":21}},"188":{"start":{"line":1364,"column":24},"end":{"line":1364,"column":45}},"189":{"start":{"line":1365,"column":24},"end":{"line":1365,"column":45}},"190":{"start":{"line":1366,"column":24},"end":{"line":1366,"column":89}},"191":{"start":{"line":1367,"column":24},"end":{"line":1367,"column":30}},"192":{"start":{"line":1371,"column":16},"end":{"line":1371,"column":32}},"193":{"start":{"line":1371,"column":26},"end":{"line":1371,"column":32}},"194":{"start":{"line":1375,"column":16},"end":{"line":1375,"column":108}},"195":{"start":{"line":1376,"column":16},"end":{"line":1376,"column":25}},"196":{"start":{"line":1380,"column":8},"end":{"line":1382,"column":9}},"197":{"start":{"line":1381,"column":12},"end":{"line":1381,"column":81}},"198":{"start":{"line":1384,"column":8},"end":{"line":1395,"column":11}},"199":{"start":{"line":1397,"column":8},"end":{"line":1397,"column":66}},"200":{"start":{"line":1398,"column":8},"end":{"line":1398,"column":55}},"201":{"start":{"line":1403,"column":0},"end":{"line":1466,"column":3}},"202":{"start":{"line":1404,"column":66},"end":{"line":1404,"column":74}},"203":{"start":{"line":1405,"column":4},"end":{"line":1465,"column":5}},"204":{"start":{"line":1408,"column":27},"end":{"line":1408,"column":101}},"205":{"start":{"line":1409,"column":30},"end":{"line":1409,"column":85}},"206":{"start":{"line":1410,"column":8},"end":{"line":1412,"column":9}},"207":{"start":{"line":1411,"column":12},"end":{"line":1411,"column":239}},"208":{"start":{"line":1415,"column":30},"end":{"line":1415,"column":34}},"209":{"start":{"line":1416,"column":8},"end":{"line":1421,"column":9}},"210":{"start":{"line":1417,"column":12},"end":{"line":1417,"column":68}},"211":{"start":{"line":1418,"column":12},"end":{"line":1420,"column":13}},"212":{"start":{"line":1419,"column":16},"end":{"line":1419,"column":86}},"213":{"start":{"line":1424,"column":36},"end":{"line":1424,"column":86}},"214":{"start":{"line":1425,"column":8},"end":{"line":1427,"column":9}},"215":{"start":{"line":1426,"column":12},"end":{"line":1426,"column":94}},"216":{"start":{"line":1429,"column":8},"end":{"line":1434,"column":9}},"217":{"start":{"line":1430,"column":40},"end":{"line":1430,"column":112}},"218":{"start":{"line":1431,"column":12},"end":{"line":1433,"column":13}},"219":{"start":{"line":1432,"column":16},"end":{"line":1432,"column":105}},"220":{"start":{"line":1437,"column":31},"end":{"line":1437,"column":62}},"221":{"start":{"line":1439,"column":21},"end":{"line":1447,"column":10}},"222":{"start":{"line":1450,"column":8},"end":{"line":1450,"column":160}},"223":{"start":{"line":1453,"column":8},"end":{"line":1456,"column":11}},"224":{"start":{"line":1458,"column":8},"end":{"line":1458,"column":86}},"225":{"start":{"line":1460,"column":8},"end":{"line":1460,"column":62}},"226":{"start":{"line":1461,"column":8},"end":{"line":1463,"column":9}},"227":{"start":{"line":1462,"column":12},"end":{"line":1462,"column":110}},"228":{"start":{"line":1464,"column":8},"end":{"line":1464,"column":85}},"229":{"start":{"line":1469,"column":0},"end":{"line":1510,"column":3}},"230":{"start":{"line":1470,"column":49},"end":{"line":1470,"column":57}},"231":{"start":{"line":1471,"column":4},"end":{"line":1471,"column":57}},"232":{"start":{"line":1473,"column":4},"end":{"line":1509,"column":5}},"233":{"start":{"line":1474,"column":32},"end":{"line":1474,"column":69}},"234":{"start":{"line":1475,"column":8},"end":{"line":1477,"column":9}},"235":{"start":{"line":1476,"column":12},"end":{"line":1476,"column":82}},"236":{"start":{"line":1480,"column":29},"end":{"line":1480,"column":101}},"237":{"start":{"line":1481,"column":8},"end":{"line":1483,"column":9}},"238":{"start":{"line":1482,"column":12},"end":{"line":1482,"column":111}},"239":{"start":{"line":1487,"column":29},"end":{"line":1487,"column":68}},"240":{"start":{"line":1488,"column":31},"end":{"line":1488,"column":66}},"241":{"start":{"line":1490,"column":21},"end":{"line":1498,"column":10}},"242":{"start":{"line":1500,"column":8},"end":{"line":1500,"column":57}},"243":{"start":{"line":1501,"column":8},"end":{"line":1505,"column":11}},"244":{"start":{"line":1507,"column":8},"end":{"line":1507,"column":59}},"245":{"start":{"line":1508,"column":8},"end":{"line":1508,"column":55}},"246":{"start":{"line":1513,"column":0},"end":{"line":1611,"column":3}},"247":{"start":{"line":1514,"column":40},"end":{"line":1514,"column":48}},"248":{"start":{"line":1515,"column":4},"end":{"line":1515,"column":79}},"249":{"start":{"line":1517,"column":4},"end":{"line":1610,"column":5}},"250":{"start":{"line":1519,"column":29},"end":{"line":1519,"column":88}},"251":{"start":{"line":1520,"column":8},"end":{"line":1523,"column":9}},"252":{"start":{"line":1521,"column":12},"end":{"line":1521,"column":67}},"253":{"start":{"line":1522,"column":12},"end":{"line":1522,"column":79}},"254":{"start":{"line":1530,"column":27},"end":{"line":1530,"column":43}},"255":{"start":{"line":1531,"column":30},"end":{"line":1531,"column":75}},"256":{"start":{"line":1533,"column":8},"end":{"line":1551,"column":9}},"257":{"start":{"line":1535,"column":36},"end":{"line":1535,"column":67}},"258":{"start":{"line":1536,"column":12},"end":{"line":1538,"column":13}},"259":{"start":{"line":1537,"column":16},"end":{"line":1537,"column":86}},"260":{"start":{"line":1541,"column":12},"end":{"line":1543,"column":15}},"261":{"start":{"line":1544,"column":12},"end":{"line":1544,"column":37}},"262":{"start":{"line":1547,"column":12},"end":{"line":1549,"column":15}},"263":{"start":{"line":1550,"column":12},"end":{"line":1550,"column":37}},"264":{"start":{"line":1554,"column":8},"end":{"line":1557,"column":9}},"265":{"start":{"line":1555,"column":12},"end":{"line":1555,"column":93}},"266":{"start":{"line":1556,"column":12},"end":{"line":1556,"column":74}},"267":{"start":{"line":1560,"column":22},"end":{"line":1574,"column":9}},"268":{"start":{"line":1577,"column":8},"end":{"line":1584,"column":11}},"269":{"start":{"line":1587,"column":8},"end":{"line":1592,"column":11}},"270":{"start":{"line":1594,"column":8},"end":{"line":1594,"column":77}},"271":{"start":{"line":1595,"column":8},"end":{"line":1606,"column":11}},"272":{"start":{"line":1608,"column":8},"end":{"line":1608,"column":55}},"273":{"start":{"line":1609,"column":8},"end":{"line":1609,"column":55}},"274":{"start":{"line":1614,"column":0},"end":{"line":1652,"column":3}},"275":{"start":{"line":1615,"column":23},"end":{"line":1615,"column":48}},"276":{"start":{"line":1616,"column":18},"end":{"line":1616,"column":43}},"277":{"start":{"line":1618,"column":4},"end":{"line":1618,"column":48}},"278":{"start":{"line":1620,"column":4},"end":{"line":1623,"column":5}},"279":{"start":{"line":1621,"column":8},"end":{"line":1621,"column":47}},"280":{"start":{"line":1622,"column":8},"end":{"line":1622,"column":59}},"281":{"start":{"line":1625,"column":4},"end":{"line":1651,"column":5}},"282":{"start":{"line":1626,"column":24},"end":{"line":1626,"column":53}},"283":{"start":{"line":1629,"column":21},"end":{"line":1639,"column":10}},"284":{"start":{"line":1641,"column":8},"end":{"line":1644,"column":9}},"285":{"start":{"line":1642,"column":12},"end":{"line":1642,"column":72}},"286":{"start":{"line":1643,"column":12},"end":{"line":1643,"column":69}},"287":{"start":{"line":1646,"column":8},"end":{"line":1646,"column":57}},"288":{"start":{"line":1647,"column":8},"end":{"line":1647,"column":40}},"289":{"start":{"line":1649,"column":8},"end":{"line":1649,"column":56}},"290":{"start":{"line":1650,"column":8},"end":{"line":1650,"column":81}}},"fnMap":{"0":{"name":"(anonymous_0)","decl":{"start":{"line":20,"column":10},"end":{"line":20,"column":11}},"loc":{"start":{"line":20,"column":22},"end":{"line":57,"column":5}},"line":20},"1":{"name":"(anonymous_1)","decl":{"start":{"line":58,"column":10},"end":{"line":58,"column":11}},"loc":{"start":{"line":58,"column":20},"end":{"line":60,"column":5}},"line":58},"2":{"name":"(anonymous_2)","decl":{"start":{"line":61,"column":11},"end":{"line":61,"column":12}},"loc":{"start":{"line":61,"column":18},"end":{"line":64,"column":5}},"line":61},"3":{"name":"(anonymous_3)","decl":{"start":{"line":70,"column":16},"end":{"line":70,"column":17}},"loc":{"start":{"line":70,"column":40},"end":{"line":98,"column":1}},"line":70},"4":{"name":"(anonymous_4)","decl":{"start":{"line":103,"column":28},"end":{"line":103,"column":29}},"loc":{"start":{"line":103,"column":34},"end":{"line":107,"column":1}},"line":103},"5":{"name":"(anonymous_5)","decl":{"start":{"line":110,"column":8},"end":{"line":110,"column":9}},"loc":{"start":{"line":110,"column":28},"end":{"line":113,"column":1}},"line":110},"6":{"name":"(anonymous_6)","decl":{"start":{"line":116,"column":18},"end":{"line":116,"column":19}},"loc":{"start":{"line":116,"column":32},"end":{"line":232,"column":1}},"line":116},"7":{"name":"(anonymous_7)","decl":{"start":{"line":235,"column":21},"end":{"line":235,"column":22}},"loc":{"start":{"line":235,"column":35},"end":{"line":835,"column":1}},"line":235},"8":{"name":"(anonymous_8)","decl":{"start":{"line":838,"column":28},"end":{"line":838,"column":29}},"loc":{"start":{"line":838,"column":42},"end":{"line":939,"column":1}},"line":838},"9":{"name":"(anonymous_9)","decl":{"start":{"line":942,"column":27},"end":{"line":942,"column":28}},"loc":{"start":{"line":942,"column":41},"end":{"line":1104,"column":1}},"line":942},"10":{"name":"(anonymous_10)","decl":{"start":{"line":1108,"column":33},"end":{"line":1108,"column":34}},"loc":{"start":{"line":1108,"column":53},"end":{"line":1180,"column":1}},"line":1108},"11":{"name":"(anonymous_11)","decl":{"start":{"line":1185,"column":34},"end":{"line":1185,"column":35}},"loc":{"start":{"line":1185,"column":54},"end":{"line":1212,"column":1}},"line":1185},"12":{"name":"(anonymous_12)","decl":{"start":{"line":1215,"column":29},"end":{"line":1215,"column":30}},"loc":{"start":{"line":1215,"column":49},"end":{"line":1242,"column":1}},"line":1215},"13":{"name":"(anonymous_13)","decl":{"start":{"line":1245,"column":33},"end":{"line":1245,"column":34}},"loc":{"start":{"line":1245,"column":53},"end":{"line":1269,"column":1}},"line":1245},"14":{"name":"(anonymous_14)","decl":{"start":{"line":1272,"column":27},"end":{"line":1272,"column":28}},"loc":{"start":{"line":1272,"column":47},"end":{"line":1287,"column":1}},"line":1272},"15":{"name":"(anonymous_15)","decl":{"start":{"line":1290,"column":29},"end":{"line":1290,"column":30}},"loc":{"start":{"line":1290,"column":49},"end":{"line":1307,"column":1}},"line":1290},"16":{"name":"(anonymous_16)","decl":{"start":{"line":1310,"column":29},"end":{"line":1310,"column":30}},"loc":{"start":{"line":1310,"column":49},"end":{"line":1400,"column":1}},"line":1310},"17":{"name":"(anonymous_17)","decl":{"start":{"line":1403,"column":27},"end":{"line":1403,"column":28}},"loc":{"start":{"line":1403,"column":47},"end":{"line":1466,"column":1}},"line":1403},"18":{"name":"(anonymous_18)","decl":{"start":{"line":1469,"column":33},"end":{"line":1469,"column":34}},"loc":{"start":{"line":1469,"column":53},"end":{"line":1510,"column":1}},"line":1469},"19":{"name":"(anonymous_19)","decl":{"start":{"line":1513,"column":28},"end":{"line":1513,"column":29}},"loc":{"start":{"line":1513,"column":48},"end":{"line":1611,"column":1}},"line":1513},"20":{"name":"(anonymous_20)","decl":{"start":{"line":1614,"column":24},"end":{"line":1614,"column":25}},"loc":{"start":{"line":1614,"column":44},"end":{"line":1652,"column":1}},"line":1614}},"branchMap":{"0":{"loc":{"start":{"line":24,"column":24},"end":{"line":24,"column":61}},"type":"binary-expr","locations":[{"start":{"line":24,"column":24},"end":{"line":24,"column":44}},{"start":{"line":24,"column":48},"end":{"line":24,"column":61}}],"line":24},"1":{"loc":{"start":{"line":25,"column":23},"end":{"line":25,"column":90}},"type":"binary-expr","locations":[{"start":{"line":25,"column":23},"end":{"line":25,"column":60}},{"start":{"line":25,"column":64},"end":{"line":25,"column":90}}],"line":25},"2":{"loc":{"start":{"line":35,"column":12},"end":{"line":52,"column":13}},"type":"if","locations":[{"start":{"line":35,"column":12},"end":{"line":52,"column":13}},{"start":{"line":45,"column":19},"end":{"line":52,"column":13}}],"line":35},"3":{"loc":{"start":{"line":45,"column":19},"end":{"line":52,"column":13}},"type":"if","locations":[{"start":{"line":45,"column":19},"end":{"line":52,"column":13}},{"start":{},"end":{}}],"line":45},"4":{"loc":{"start":{"line":63,"column":38},"end":{"line":63,"column":133}},"type":"cond-expr","locations":[{"start":{"line":63,"column":65},"end":{"line":63,"column":119}},{"start":{"line":63,"column":122},"end":{"line":63,"column":133}}],"line":63},"5":{"loc":{"start":{"line":66,"column":13},"end":{"line":66,"column":37}},"type":"binary-expr","locations":[{"start":{"line":66,"column":13},"end":{"line":66,"column":29}},{"start":{"line":66,"column":33},"end":{"line":66,"column":37}}],"line":66},"6":{"loc":{"start":{"line":67,"column":19},"end":{"line":67,"column":91}},"type":"binary-expr","locations":[{"start":{"line":67,"column":19},"end":{"line":67,"column":41}},{"start":{"line":67,"column":45},"end":{"line":67,"column":91}}],"line":67},"7":{"loc":{"start":{"line":70,"column":22},"end":{"line":70,"column":35}},"type":"default-arg","locations":[{"start":{"line":70,"column":29},"end":{"line":70,"column":35}}],"line":70},"8":{"loc":{"start":{"line":71,"column":4},"end":{"line":71,"column":27}},"type":"if","locations":[{"start":{"line":71,"column":4},"end":{"line":71,"column":27}},{"start":{},"end":{}}],"line":71},"9":{"loc":{"start":{"line":74,"column":4},"end":{"line":78,"column":5}},"type":"if","locations":[{"start":{"line":74,"column":4},"end":{"line":78,"column":5}},{"start":{},"end":{}}],"line":74},"10":{"loc":{"start":{"line":75,"column":8},"end":{"line":77,"column":27}},"type":"if","locations":[{"start":{"line":75,"column":8},"end":{"line":77,"column":27}},{"start":{"line":76,"column":13},"end":{"line":77,"column":27}}],"line":75},"11":{"loc":{"start":{"line":76,"column":13},"end":{"line":77,"column":27}},"type":"if","locations":[{"start":{"line":76,"column":13},"end":{"line":77,"column":27}},{"start":{"line":77,"column":13},"end":{"line":77,"column":27}}],"line":76},"12":{"loc":{"start":{"line":76,"column":17},"end":{"line":76,"column":50}},"type":"binary-expr","locations":[{"start":{"line":76,"column":17},"end":{"line":76,"column":31}},{"start":{"line":76,"column":35},"end":{"line":76,"column":50}}],"line":76},"13":{"loc":{"start":{"line":80,"column":4},"end":{"line":83,"column":5}},"type":"if","locations":[{"start":{"line":80,"column":4},"end":{"line":83,"column":5}},{"start":{},"end":{}}],"line":80},"14":{"loc":{"start":{"line":85,"column":4},"end":{"line":91,"column":5}},"type":"if","locations":[{"start":{"line":85,"column":4},"end":{"line":91,"column":5}},{"start":{},"end":{}}],"line":85},"15":{"loc":{"start":{"line":87,"column":8},"end":{"line":89,"column":9}},"type":"if","locations":[{"start":{"line":87,"column":8},"end":{"line":89,"column":9}},{"start":{},"end":{}}],"line":87},"16":{"loc":{"start":{"line":93,"column":4},"end":{"line":95,"column":5}},"type":"if","locations":[{"start":{"line":93,"column":4},"end":{"line":95,"column":5}},{"start":{},"end":{}}],"line":93},"17":{"loc":{"start":{"line":104,"column":20},"end":{"line":104,"column":57}},"type":"binary-expr","locations":[{"start":{"line":104,"column":20},"end":{"line":104,"column":40}},{"start":{"line":104,"column":44},"end":{"line":104,"column":57}}],"line":104},"18":{"loc":{"start":{"line":118,"column":25},"end":{"line":118,"column":48}},"type":"binary-expr","locations":[{"start":{"line":118,"column":25},"end":{"line":118,"column":31}},{"start":{"line":118,"column":35},"end":{"line":118,"column":48}}],"line":118},"19":{"loc":{"start":{"line":119,"column":30},"end":{"line":119,"column":48}},"type":"binary-expr","locations":[{"start":{"line":119,"column":30},"end":{"line":119,"column":42}},{"start":{"line":119,"column":46},"end":{"line":119,"column":48}}],"line":119},"20":{"loc":{"start":{"line":238,"column":25},"end":{"line":238,"column":53}},"type":"cond-expr","locations":[{"start":{"line":238,"column":38},"end":{"line":238,"column":44}},{"start":{"line":238,"column":47},"end":{"line":238,"column":53}}],"line":238},"21":{"loc":{"start":{"line":239,"column":22},"end":{"line":239,"column":47}},"type":"cond-expr","locations":[{"start":{"line":239,"column":35},"end":{"line":239,"column":40}},{"start":{"line":239,"column":43},"end":{"line":239,"column":47}}],"line":239},"22":{"loc":{"start":{"line":240,"column":25},"end":{"line":240,"column":48}},"type":"binary-expr","locations":[{"start":{"line":240,"column":25},"end":{"line":240,"column":31}},{"start":{"line":240,"column":35},"end":{"line":240,"column":48}}],"line":240},"23":{"loc":{"start":{"line":840,"column":25},"end":{"line":840,"column":48}},"type":"binary-expr","locations":[{"start":{"line":840,"column":25},"end":{"line":840,"column":31}},{"start":{"line":840,"column":35},"end":{"line":840,"column":48}}],"line":840},"24":{"loc":{"start":{"line":944,"column":25},"end":{"line":944,"column":48}},"type":"binary-expr","locations":[{"start":{"line":944,"column":25},"end":{"line":944,"column":31}},{"start":{"line":944,"column":35},"end":{"line":944,"column":48}}],"line":944},"25":{"loc":{"start":{"line":1112,"column":25},"end":{"line":1112,"column":48}},"type":"binary-expr","locations":[{"start":{"line":1112,"column":25},"end":{"line":1112,"column":31}},{"start":{"line":1112,"column":35},"end":{"line":1112,"column":48}}],"line":1112},"26":{"loc":{"start":{"line":1116,"column":8},"end":{"line":1116,"column":100}},"type":"if","locations":[{"start":{"line":1116,"column":8},"end":{"line":1116,"column":100}},{"start":{},"end":{}}],"line":1116},"27":{"loc":{"start":{"line":1119,"column":8},"end":{"line":1121,"column":9}},"type":"if","locations":[{"start":{"line":1119,"column":8},"end":{"line":1121,"column":9}},{"start":{},"end":{}}],"line":1119},"28":{"loc":{"start":{"line":1119,"column":12},"end":{"line":1119,"column":69}},"type":"binary-expr","locations":[{"start":{"line":1119,"column":12},"end":{"line":1119,"column":17}},{"start":{"line":1119,"column":21},"end":{"line":1119,"column":69}}],"line":1119},"29":{"loc":{"start":{"line":1155,"column":8},"end":{"line":1174,"column":9}},"type":"if","locations":[{"start":{"line":1155,"column":8},"end":{"line":1174,"column":9}},{"start":{},"end":{}}],"line":1155},"30":{"loc":{"start":{"line":1162,"column":16},"end":{"line":1170,"column":17}},"type":"if","locations":[{"start":{"line":1162,"column":16},"end":{"line":1170,"column":17}},{"start":{"line":1168,"column":23},"end":{"line":1170,"column":17}}],"line":1162},"31":{"loc":{"start":{"line":1162,"column":20},"end":{"line":1165,"column":64}},"type":"binary-expr","locations":[{"start":{"line":1162,"column":20},"end":{"line":1162,"column":65}},{"start":{"line":1163,"column":20},"end":{"line":1163,"column":108}},{"start":{"line":1164,"column":20},"end":{"line":1164,"column":57}},{"start":{"line":1165,"column":20},"end":{"line":1165,"column":64}}],"line":1162},"32":{"loc":{"start":{"line":1176,"column":44},"end":{"line":1176,"column":87}},"type":"cond-expr","locations":[{"start":{"line":1176,"column":78},"end":{"line":1176,"column":81}},{"start":{"line":1176,"column":84},"end":{"line":1176,"column":87}}],"line":1176},"33":{"loc":{"start":{"line":1189,"column":8},"end":{"line":1192,"column":9}},"type":"if","locations":[{"start":{"line":1189,"column":8},"end":{"line":1192,"column":9}},{"start":{},"end":{}}],"line":1189},"34":{"loc":{"start":{"line":1220,"column":8},"end":{"line":1222,"column":9}},"type":"if","locations":[{"start":{"line":1220,"column":8},"end":{"line":1222,"column":9}},{"start":{},"end":{}}],"line":1220},"35":{"loc":{"start":{"line":1220,"column":12},"end":{"line":1220,"column":69}},"type":"binary-expr","locations":[{"start":{"line":1220,"column":12},"end":{"line":1220,"column":17}},{"start":{"line":1220,"column":21},"end":{"line":1220,"column":37}},{"start":{"line":1220,"column":41},"end":{"line":1220,"column":69}}],"line":1220},"36":{"loc":{"start":{"line":1250,"column":8},"end":{"line":1252,"column":9}},"type":"if","locations":[{"start":{"line":1250,"column":8},"end":{"line":1252,"column":9}},{"start":{},"end":{}}],"line":1250},"37":{"loc":{"start":{"line":1250,"column":12},"end":{"line":1250,"column":56}},"type":"binary-expr","locations":[{"start":{"line":1250,"column":12},"end":{"line":1250,"column":17}},{"start":{"line":1250,"column":21},"end":{"line":1250,"column":56}}],"line":1250},"38":{"loc":{"start":{"line":1292,"column":4},"end":{"line":1292,"column":76}},"type":"if","locations":[{"start":{"line":1292,"column":4},"end":{"line":1292,"column":76}},{"start":{},"end":{}}],"line":1292},"39":{"loc":{"start":{"line":1302,"column":21},"end":{"line":1302,"column":94}},"type":"cond-expr","locations":[{"start":{"line":1302,"column":28},"end":{"line":1302,"column":71}},{"start":{"line":1302,"column":74},"end":{"line":1302,"column":94}}],"line":1302},"40":{"loc":{"start":{"line":1314,"column":4},"end":{"line":1314,"column":83}},"type":"if","locations":[{"start":{"line":1314,"column":4},"end":{"line":1314,"column":83}},{"start":{},"end":{}}],"line":1314},"41":{"loc":{"start":{"line":1321,"column":8},"end":{"line":1324,"column":9}},"type":"if","locations":[{"start":{"line":1321,"column":8},"end":{"line":1324,"column":9}},{"start":{},"end":{}}],"line":1321},"42":{"loc":{"start":{"line":1341,"column":16},"end":{"line":1346,"column":17}},"type":"if","locations":[{"start":{"line":1341,"column":16},"end":{"line":1346,"column":17}},{"start":{},"end":{}}],"line":1341},"43":{"loc":{"start":{"line":1341,"column":20},"end":{"line":1341,"column":49}},"type":"binary-expr","locations":[{"start":{"line":1341,"column":20},"end":{"line":1341,"column":27}},{"start":{"line":1341,"column":31},"end":{"line":1341,"column":49}}],"line":1341},"44":{"loc":{"start":{"line":1351,"column":16},"end":{"line":1355,"column":17}},"type":"if","locations":[{"start":{"line":1351,"column":16},"end":{"line":1355,"column":17}},{"start":{"line":1353,"column":23},"end":{"line":1355,"column":17}}],"line":1351},"45":{"loc":{"start":{"line":1351,"column":20},"end":{"line":1351,"column":73}},"type":"binary-expr","locations":[{"start":{"line":1351,"column":20},"end":{"line":1351,"column":46}},{"start":{"line":1351,"column":50},"end":{"line":1351,"column":73}}],"line":1351},"46":{"loc":{"start":{"line":1353,"column":23},"end":{"line":1355,"column":17}},"type":"if","locations":[{"start":{"line":1353,"column":23},"end":{"line":1355,"column":17}},{"start":{},"end":{}}],"line":1353},"47":{"loc":{"start":{"line":1363,"column":20},"end":{"line":1368,"column":21}},"type":"if","locations":[{"start":{"line":1363,"column":20},"end":{"line":1368,"column":21}},{"start":{},"end":{}}],"line":1363},"48":{"loc":{"start":{"line":1363,"column":24},"end":{"line":1363,"column":59}},"type":"binary-expr","locations":[{"start":{"line":1363,"column":24},"end":{"line":1363,"column":34}},{"start":{"line":1363,"column":38},"end":{"line":1363,"column":59}}],"line":1363},"49":{"loc":{"start":{"line":1371,"column":16},"end":{"line":1371,"column":32}},"type":"if","locations":[{"start":{"line":1371,"column":16},"end":{"line":1371,"column":32}},{"start":{},"end":{}}],"line":1371},"50":{"loc":{"start":{"line":1380,"column":8},"end":{"line":1382,"column":9}},"type":"if","locations":[{"start":{"line":1380,"column":8},"end":{"line":1382,"column":9}},{"start":{},"end":{}}],"line":1380},"51":{"loc":{"start":{"line":1386,"column":16},"end":{"line":1386,"column":37}},"type":"cond-expr","locations":[{"start":{"line":1386,"column":23},"end":{"line":1386,"column":30}},{"start":{"line":1386,"column":33},"end":{"line":1386,"column":37}}],"line":1386},"52":{"loc":{"start":{"line":1388,"column":21},"end":{"line":1388,"column":51}},"type":"cond-expr","locations":[{"start":{"line":1388,"column":28},"end":{"line":1388,"column":44}},{"start":{"line":1388,"column":47},"end":{"line":1388,"column":51}}],"line":1388},"53":{"loc":{"start":{"line":1389,"column":19},"end":{"line":1389,"column":43}},"type":"cond-expr","locations":[{"start":{"line":1389,"column":26},"end":{"line":1389,"column":36}},{"start":{"line":1389,"column":39},"end":{"line":1389,"column":43}}],"line":1389},"54":{"loc":{"start":{"line":1390,"column":18},"end":{"line":1390,"column":41}},"type":"cond-expr","locations":[{"start":{"line":1390,"column":25},"end":{"line":1390,"column":34}},{"start":{"line":1390,"column":37},"end":{"line":1390,"column":41}}],"line":1390},"55":{"loc":{"start":{"line":1391,"column":23},"end":{"line":1391,"column":51}},"type":"cond-expr","locations":[{"start":{"line":1391,"column":30},"end":{"line":1391,"column":44}},{"start":{"line":1391,"column":47},"end":{"line":1391,"column":51}}],"line":1391},"56":{"loc":{"start":{"line":1392,"column":22},"end":{"line":1392,"column":49}},"type":"cond-expr","locations":[{"start":{"line":1392,"column":29},"end":{"line":1392,"column":42}},{"start":{"line":1392,"column":45},"end":{"line":1392,"column":49}}],"line":1392},"57":{"loc":{"start":{"line":1394,"column":21},"end":{"line":1394,"column":101}},"type":"cond-expr","locations":[{"start":{"line":1394,"column":28},"end":{"line":1394,"column":71}},{"start":{"line":1394,"column":74},"end":{"line":1394,"column":101}}],"line":1394},"58":{"loc":{"start":{"line":1408,"column":27},"end":{"line":1408,"column":101}},"type":"binary-expr","locations":[{"start":{"line":1408,"column":27},"end":{"line":1408,"column":55}},{"start":{"line":1408,"column":59},"end":{"line":1408,"column":101}}],"line":1408},"59":{"loc":{"start":{"line":1410,"column":8},"end":{"line":1412,"column":9}},"type":"if","locations":[{"start":{"line":1410,"column":8},"end":{"line":1412,"column":9}},{"start":{},"end":{}}],"line":1410},"60":{"loc":{"start":{"line":1410,"column":12},"end":{"line":1410,"column":56}},"type":"binary-expr","locations":[{"start":{"line":1410,"column":12},"end":{"line":1410,"column":23}},{"start":{"line":1410,"column":27},"end":{"line":1410,"column":56}}],"line":1410},"61":{"loc":{"start":{"line":1416,"column":8},"end":{"line":1421,"column":9}},"type":"if","locations":[{"start":{"line":1416,"column":8},"end":{"line":1421,"column":9}},{"start":{},"end":{}}],"line":1416},"62":{"loc":{"start":{"line":1418,"column":12},"end":{"line":1420,"column":13}},"type":"if","locations":[{"start":{"line":1418,"column":12},"end":{"line":1420,"column":13}},{"start":{},"end":{}}],"line":1418},"63":{"loc":{"start":{"line":1425,"column":8},"end":{"line":1427,"column":9}},"type":"if","locations":[{"start":{"line":1425,"column":8},"end":{"line":1427,"column":9}},{"start":{},"end":{}}],"line":1425},"64":{"loc":{"start":{"line":1429,"column":8},"end":{"line":1434,"column":9}},"type":"if","locations":[{"start":{"line":1429,"column":8},"end":{"line":1434,"column":9}},{"start":{},"end":{}}],"line":1429},"65":{"loc":{"start":{"line":1431,"column":12},"end":{"line":1433,"column":13}},"type":"if","locations":[{"start":{"line":1431,"column":12},"end":{"line":1433,"column":13}},{"start":{},"end":{}}],"line":1431},"66":{"loc":{"start":{"line":1461,"column":8},"end":{"line":1463,"column":9}},"type":"if","locations":[{"start":{"line":1461,"column":8},"end":{"line":1463,"column":9}},{"start":{},"end":{}}],"line":1461},"67":{"loc":{"start":{"line":1475,"column":8},"end":{"line":1477,"column":9}},"type":"if","locations":[{"start":{"line":1475,"column":8},"end":{"line":1477,"column":9}},{"start":{},"end":{}}],"line":1475},"68":{"loc":{"start":{"line":1481,"column":8},"end":{"line":1483,"column":9}},"type":"if","locations":[{"start":{"line":1481,"column":8},"end":{"line":1483,"column":9}},{"start":{},"end":{}}],"line":1481},"69":{"loc":{"start":{"line":1493,"column":27},"end":{"line":1493,"column":55}},"type":"binary-expr","locations":[{"start":{"line":1493,"column":27},"end":{"line":1493,"column":36}},{"start":{"line":1493,"column":40},"end":{"line":1493,"column":55}}],"line":1493},"70":{"loc":{"start":{"line":1494,"column":26},"end":{"line":1494,"column":68}},"type":"cond-expr","locations":[{"start":{"line":1494,"column":39},"end":{"line":1494,"column":62}},{"start":{"line":1494,"column":66},"end":{"line":1494,"column":68}}],"line":1494},"71":{"loc":{"start":{"line":1494,"column":39},"end":{"line":1494,"column":62}},"type":"binary-expr","locations":[{"start":{"line":1494,"column":39},"end":{"line":1494,"column":56}},{"start":{"line":1494,"column":60},"end":{"line":1494,"column":62}}],"line":1494},"72":{"loc":{"start":{"line":1520,"column":8},"end":{"line":1523,"column":9}},"type":"if","locations":[{"start":{"line":1520,"column":8},"end":{"line":1523,"column":9}},{"start":{},"end":{}}],"line":1520},"73":{"loc":{"start":{"line":1531,"column":30},"end":{"line":1531,"column":75}},"type":"binary-expr","locations":[{"start":{"line":1531,"column":30},"end":{"line":1531,"column":52}},{"start":{"line":1531,"column":56},"end":{"line":1531,"column":75}}],"line":1531},"74":{"loc":{"start":{"line":1533,"column":8},"end":{"line":1551,"column":9}},"type":"if","locations":[{"start":{"line":1533,"column":8},"end":{"line":1551,"column":9}},{"start":{"line":1545,"column":15},"end":{"line":1551,"column":9}}],"line":1533},"75":{"loc":{"start":{"line":1536,"column":12},"end":{"line":1538,"column":13}},"type":"if","locations":[{"start":{"line":1536,"column":12},"end":{"line":1538,"column":13}},{"start":{},"end":{}}],"line":1536},"76":{"loc":{"start":{"line":1554,"column":8},"end":{"line":1557,"column":9}},"type":"if","locations":[{"start":{"line":1554,"column":8},"end":{"line":1557,"column":9}},{"start":{},"end":{}}],"line":1554},"77":{"loc":{"start":{"line":1554,"column":12},"end":{"line":1554,"column":69}},"type":"binary-expr","locations":[{"start":{"line":1554,"column":12},"end":{"line":1554,"column":17}},{"start":{"line":1554,"column":21},"end":{"line":1554,"column":69}}],"line":1554},"78":{"loc":{"start":{"line":1620,"column":4},"end":{"line":1623,"column":5}},"type":"if","locations":[{"start":{"line":1620,"column":4},"end":{"line":1623,"column":5}},{"start":{},"end":{}}],"line":1620},"79":{"loc":{"start":{"line":1641,"column":8},"end":{"line":1644,"column":9}},"type":"if","locations":[{"start":{"line":1641,"column":8},"end":{"line":1644,"column":9}},{"start":{},"end":{}}],"line":1641}},"s":{"0":0,"1":0,"2":0,"3":0,"4":0,"5":0,"6":0,"7":0,"8":0,"9":0,"10":0,"11":0,"12":0,"13":0,"14":0,"15":0,"16":0,"17":0,"18":0,"19":0,"20":0,"21":0,"22":0,"23":0,"24":0,"25":0,"26":0,"27":0,"28":0,"29":0,"30":0,"31":0,"32":0,"33":0,"34":0,"35":0,"36":0,"37":0,"38":0,"39":0,"40":0,"41":0,"42":0,"43":0,"44":0,"45":0,"46":0,"47":0,"48":0,"49":0,"50":0,"51":0,"52":0,"53":0,"54":0,"55":0,"56":0,"57":0,"58":0,"59":0,"60":0,"61":0,"62":0,"63":0,"64":0,"65":0,"66":0,"67":0,"68":0,"69":0,"70":0,"71":0,"72":0,"73":0,"74":0,"75":0,"76":0,"77":0,"78":0,"79":0,"80":0,"81":0,"82":0,"83":0,"84":0,"85":0,"86":0,"87":0,"88":0,"89":0,"90":0,"91":0,"92":0,"93":0,"94":0,"95":0,"96":0,"97":0,"98":0,"99":0,"100":0,"101":0,"102":0,"103":0,"104":0,"105":0,"106":0,"107":0,"108":0,"109":0,"110":0,"111":0,"112":0,"113":0,"114":0,"115":0,"116":0,"117":0,"118":0,"119":0,"120":0,"121":0,"122":0,"123":0,"124":0,"125":0,"126":0,"127":0,"128":0,"129":0,"130":0,"131":0,"132":0,"133":0,"134":0,"135":0,"136":0,"137":0,"138":0,"139":0,"140":0,"141":0,"142":0,"143":0,"144":0,"145":0,"146":0,"147":0,"148":0,"149":0,"150":0,"151":0,"152":0,"153":0,"154":0,"155":0,"156":0,"157":0,"158":0,"159":0,"160":0,"161":0,"162":0,"163":0,"164":0,"165":0,"166":0,"167":0,"168":0,"169":0,"170":0,"171":0,"172":0,"173":0,"174":0,"175":0,"176":0,"177":0,"178":0,"179":0,"180":0,"181":0,"182":0,"183":0,"184":0,"185":0,"186":0,"187":0,"188":0,"189":0,"190":0,"191":0,"192":0,"193":0,"194":0,"195":0,"196":0,"197":0,"198":0,"199":0,"200":0,"201":0,"202":0,"203":0,"204":0,"205":0,"206":0,"207":0,"208":0,"209":0,"210":0,"211":0,"212":0,"213":0,"214":0,"215":0,"216":0,"217":0,"218":0,"219":0,"220":0,"221":0,"222":0,"223":0,"224":0,"225":0,"226":0,"227":0,"228":0,"229":0,"230":0,"231":0,"232":0,"233":0,"234":0,"235":0,"236":0,"237":0,"238":0,"239":0,"240":0,"241":0,"242":0,"243":0,"244":0,"245":0,"246":0,"247":0,"248":0,"249":0,"250":0,"251":0,"252":0,"253":0,"254":0,"255":0,"256":0,"257":0,"258":0,"259":0,"260":0,"261":0,"262":0,"263":0,"264":0,"265":0,"266":0,"267":0,"268":0,"269":0,"270":0,"271":0,"272":0,"273":0,"274":0,"275":0,"276":0,"277":0,"278":0,"279":0,"280":0,"281":0,"282":0,"283":0,"284":0,"285":0,"286":0,"287":0,"288":0,"289":0,"290":0},"f":{"0":0,"1":0,"2":0,"3":0,"4":0,"5":0,"6":0,"7":0,"8":0,"9":0,"10":0,"11":0,"12":0,"13":0,"14":0,"15":0,"16":0,"17":0,"18":0,"19":0,"20":0},"b":{"0":[0,0],"1":[0,0],"2":[0,0],"3":[0,0],"4":[0,0],"5":[0,0],"6":[0,0],"7":[0],"8":[0,0],"9":[0,0],"10":[0,0],"11":[0,0],"12":[0,0],"13":[0,0],"14":[0,0],"15":[0,0],"16":[0,0],"17":[0,0],"18":[0,0],"19":[0,0],"20":[0,0],"21":[0,0],"22":[0,0],"23":[0,0],"24":[0,0],"25":[0,0],"26":[0,0],"27":[0,0],"28":[0,0],"29":[0,0],"30":[0,0],"31":[0,0,0,0],"32":[0,0],"33":[0,0],"34":[0,0],"35":[0,0,0],"36":[0,0],"37":[0,0],"38":[0,0],"39":[0,0],"40":[0,0],"41":[0,0],"42":[0,0],"43":[0,0],"44":[0,0],"45":[0,0],"46":[0,0],"47":[0,0],"48":[0,0],"49":[0,0],"50":[0,0],"51":[0,0],"52":[0,0],"53":[0,0],"54":[0,0],"55":[0,0],"56":[0,0],"57":[0,0],"58":[0,0],"59":[0,0],"60":[0,0],"61":[0,0],"62":[0,0],"63":[0,0],"64":[0,0],"65":[0,0],"66":[0,0],"67":[0,0],"68":[0,0],"69":[0,0],"70":[0,0],"71":[0,0],"72":[0,0],"73":[0,0],"74":[0,0],"75":[0,0],"76":[0,0],"77":[0,0],"78":[0,0],"79":[0,0]}}
,"D:\\IT Projects\\clone\\budolEcosystem\\budolID-0.1.0\\list-users.js": {"path":"D:\\IT Projects\\clone\\budolEcosystem\\budolID-0.1.0\\list-users.js","statementMap":{"0":{"start":{"line":1,"column":25},"end":{"line":1,"column":54}},"1":{"start":{"line":2,"column":15},"end":{"line":2,"column":33}},"2":{"start":{"line":5,"column":2},"end":{"line":5,"column":47}},"3":{"start":{"line":6,"column":16},"end":{"line":14,"column":4}},"4":{"start":{"line":15,"column":2},"end":{"line":15,"column":23}},"5":{"start":{"line":16,"column":2},"end":{"line":16,"column":37}},"6":{"start":{"line":19,"column":0},"end":{"line":21,"column":39}},"7":{"start":{"line":21,"column":17},"end":{"line":21,"column":37}}},"fnMap":{"0":{"name":"listUsers","decl":{"start":{"line":4,"column":15},"end":{"line":4,"column":24}},"loc":{"start":{"line":4,"column":27},"end":{"line":17,"column":1}},"line":4},"1":{"name":"(anonymous_1)","decl":{"start":{"line":21,"column":11},"end":{"line":21,"column":12}},"loc":{"start":{"line":21,"column":17},"end":{"line":21,"column":37}},"line":21}},"branchMap":{},"s":{"0":0,"1":0,"2":0,"3":0,"4":0,"5":0,"6":0,"7":0},"f":{"0":0,"1":0},"b":{}}
,"D:\\IT Projects\\clone\\budolEcosystem\\budolID-0.1.0\\seed-apps.js": {"path":"D:\\IT Projects\\clone\\budolEcosystem\\budolID-0.1.0\\seed-apps.js","statementMap":{"0":{"start":{"line":1,"column":25},"end":{"line":1,"column":54}},"1":{"start":{"line":2,"column":15},"end":{"line":8,"column":2}},"2":{"start":{"line":11,"column":4},"end":{"line":34,"column":5}},"3":{"start":{"line":12,"column":8},"end":{"line":12,"column":67}},"4":{"start":{"line":14,"column":20},"end":{"line":27,"column":10}},"5":{"start":{"line":29,"column":8},"end":{"line":29,"column":71}},"6":{"start":{"line":31,"column":8},"end":{"line":31,"column":35}},"7":{"start":{"line":33,"column":8},"end":{"line":33,"column":35}},"8":{"start":{"line":37,"column":0},"end":{"line":37,"column":7}}},"fnMap":{"0":{"name":"main","decl":{"start":{"line":10,"column":15},"end":{"line":10,"column":19}},"loc":{"start":{"line":10,"column":22},"end":{"line":35,"column":1}},"line":10}},"branchMap":{},"s":{"0":0,"1":0,"2":0,"3":0,"4":0,"5":0,"6":0,"7":0,"8":0},"f":{"0":0},"b":{}}
,"D:\\IT Projects\\clone\\budolEcosystem\\budolID-0.1.0\\seed-tony-budolid.js": {"path":"D:\\IT Projects\\clone\\budolEcosystem\\budolID-0.1.0\\seed-tony-budolid.js","statementMap":{"0":{"start":{"line":1,"column":0},"end":{"line":1,"column":27}},"1":{"start":{"line":2,"column":25},"end":{"line":2,"column":54}},"2":{"start":{"line":3,"column":15},"end":{"line":3,"column":34}},"3":{"start":{"line":4,"column":15},"end":{"line":10,"column":2}},"4":{"start":{"line":13,"column":4},"end":{"line":38,"column":5}},"5":{"start":{"line":14,"column":22},"end":{"line":14,"column":37}},"6":{"start":{"line":15,"column":25},"end":{"line":15,"column":38}},"7":{"start":{"line":16,"column":31},"end":{"line":16,"column":62}},"8":{"start":{"line":18,"column":8},"end":{"line":18,"column":60}},"9":{"start":{"line":20,"column":21},"end":{"line":31,"column":10}},"10":{"start":{"line":33,"column":8},"end":{"line":33,"column":70}},"11":{"start":{"line":35,"column":8},"end":{"line":35,"column":35}},"12":{"start":{"line":37,"column":8},"end":{"line":37,"column":35}},"13":{"start":{"line":41,"column":0},"end":{"line":41,"column":7}}},"fnMap":{"0":{"name":"main","decl":{"start":{"line":12,"column":15},"end":{"line":12,"column":19}},"loc":{"start":{"line":12,"column":22},"end":{"line":39,"column":1}},"line":12}},"branchMap":{},"s":{"0":0,"1":0,"2":0,"3":0,"4":0,"5":0,"6":0,"7":0,"8":0,"9":0,"10":0,"11":0,"12":0,"13":0},"f":{"0":0},"b":{}}
,"D:\\IT Projects\\clone\\budolEcosystem\\budolID-0.1.0\\test-admin-login.js": {"path":"D:\\IT Projects\\clone\\budolEcosystem\\budolID-0.1.0\\test-admin-login.js","statementMap":{"0":{"start":{"line":1,"column":14},"end":{"line":1,"column":30}},"1":{"start":{"line":4,"column":20},"end":{"line":8,"column":3}},"2":{"start":{"line":10,"column":2},"end":{"line":10,"column":75}},"3":{"start":{"line":12,"column":2},"end":{"line":29,"column":3}},"4":{"start":{"line":13,"column":21},"end":{"line":13,"column":88}},"5":{"start":{"line":14,"column":4},"end":{"line":14,"column":39}},"6":{"start":{"line":15,"column":4},"end":{"line":15,"column":55}},"7":{"start":{"line":16,"column":4},"end":{"line":16,"column":71}},"8":{"start":{"line":18,"column":4},"end":{"line":20,"column":5}},"9":{"start":{"line":19,"column":6},"end":{"line":19,"column":56}},"10":{"start":{"line":22,"column":4},"end":{"line":22,"column":37}},"11":{"start":{"line":23,"column":4},"end":{"line":28,"column":5}},"12":{"start":{"line":24,"column":6},"end":{"line":24,"column":54}},"13":{"start":{"line":25,"column":6},"end":{"line":25,"column":50}},"14":{"start":{"line":27,"column":6},"end":{"line":27,"column":45}},"15":{"start":{"line":30,"column":2},"end":{"line":30,"column":39}},"16":{"start":{"line":33,"column":0},"end":{"line":33,"column":17}}},"fnMap":{"0":{"name":"testAdminLogin","decl":{"start":{"line":3,"column":15},"end":{"line":3,"column":29}},"loc":{"start":{"line":3,"column":32},"end":{"line":31,"column":1}},"line":3}},"branchMap":{"0":{"loc":{"start":{"line":16,"column":35},"end":{"line":16,"column":69}},"type":"cond-expr","locations":[{"start":{"line":16,"column":57},"end":{"line":16,"column":62}},{"start":{"line":16,"column":65},"end":{"line":16,"column":69}}],"line":16},"1":{"loc":{"start":{"line":18,"column":4},"end":{"line":20,"column":5}},"type":"if","locations":[{"start":{"line":18,"column":4},"end":{"line":20,"column":5}},{"start":{},"end":{}}],"line":18},"2":{"loc":{"start":{"line":23,"column":4},"end":{"line":28,"column":5}},"type":"if","locations":[{"start":{"line":23,"column":4},"end":{"line":28,"column":5}},{"start":{"line":26,"column":11},"end":{"line":28,"column":5}}],"line":23}},"s":{"0":0,"1":0,"2":0,"3":0,"4":0,"5":0,"6":0,"7":0,"8":0,"9":0,"10":0,"11":0,"12":0,"13":0,"14":0,"15":0,"16":0},"f":{"0":0},"b":{"0":[0,0],"1":[0,0],"2":[0,0]}}
,"D:\\IT Projects\\clone\\budolEcosystem\\budolID-0.1.0\\test_neon.js": {"path":"D:\\IT Projects\\clone\\budolEcosystem\\budolID-0.1.0\\test_neon.js","statementMap":{"0":{"start":{"line":1,"column":19},"end":{"line":1,"column":32}},"1":{"start":{"line":4,"column":19},"end":{"line":6,"column":6}},"2":{"start":{"line":8,"column":4},"end":{"line":8,"column":27}},"3":{"start":{"line":10,"column":16},"end":{"line":10,"column":90}},"4":{"start":{"line":11,"column":4},"end":{"line":11,"column":114}},"5":{"start":{"line":11,"column":34},"end":{"line":11,"column":47}},"6":{"start":{"line":11,"column":61},"end":{"line":11,"column":111}},"7":{"start":{"line":13,"column":4},"end":{"line":13,"column":23}},"8":{"start":{"line":16,"column":0},"end":{"line":16,"column":28}}},"fnMap":{"0":{"name":"main","decl":{"start":{"line":3,"column":15},"end":{"line":3,"column":19}},"loc":{"start":{"line":3,"column":22},"end":{"line":14,"column":1}},"line":3},"1":{"name":"(anonymous_1)","decl":{"start":{"line":11,"column":29},"end":{"line":11,"column":30}},"loc":{"start":{"line":11,"column":34},"end":{"line":11,"column":47}},"line":11},"2":{"name":"(anonymous_2)","decl":{"start":{"line":11,"column":56},"end":{"line":11,"column":57}},"loc":{"start":{"line":11,"column":61},"end":{"line":11,"column":111}},"line":11}},"branchMap":{"0":{"loc":{"start":{"line":11,"column":61},"end":{"line":11,"column":111}},"type":"binary-expr","locations":[{"start":{"line":11,"column":61},"end":{"line":11,"column":81}},{"start":{"line":11,"column":85},"end":{"line":11,"column":111}}],"line":11}},"s":{"0":0,"1":0,"2":0,"3":0,"4":0,"5":0,"6":0,"7":0,"8":0},"f":{"0":0,"1":0,"2":0},"b":{"0":[0,0]}}
,"D:\\IT Projects\\clone\\budolEcosystem\\budolID-0.1.0\\update-to-localhost.js": {"path":"D:\\IT Projects\\clone\\budolEcosystem\\budolID-0.1.0\\update-to-localhost.js","statementMap":{"0":{"start":{"line":1,"column":25},"end":{"line":1,"column":50}},"1":{"start":{"line":2,"column":15},"end":{"line":2,"column":33}},"2":{"start":{"line":6,"column":4},"end":{"line":9,"column":7}},"3":{"start":{"line":12,"column":4},"end":{"line":15,"column":7}},"4":{"start":{"line":18,"column":4},"end":{"line":21,"column":7}},"5":{"start":{"line":23,"column":4},"end":{"line":23,"column":67}},"6":{"start":{"line":26,"column":0},"end":{"line":28,"column":53}},"7":{"start":{"line":27,"column":16},"end":{"line":27,"column":32}},"8":{"start":{"line":28,"column":25},"end":{"line":28,"column":51}}},"fnMap":{"0":{"name":"main","decl":{"start":{"line":4,"column":15},"end":{"line":4,"column":19}},"loc":{"start":{"line":4,"column":22},"end":{"line":24,"column":1}},"line":4},"1":{"name":"(anonymous_1)","decl":{"start":{"line":27,"column":11},"end":{"line":27,"column":12}},"loc":{"start":{"line":27,"column":16},"end":{"line":27,"column":32}},"line":27},"2":{"name":"(anonymous_2)","decl":{"start":{"line":28,"column":13},"end":{"line":28,"column":14}},"loc":{"start":{"line":28,"column":25},"end":{"line":28,"column":51}},"line":28}},"branchMap":{},"s":{"0":0,"1":0,"2":0,"3":0,"4":0,"5":0,"6":0,"7":0,"8":0},"f":{"0":0,"1":0,"2":0},"b":{}}
,"D:\\IT Projects\\clone\\budolEcosystem\\budolID-0.1.0\\verify-fix.js": {"path":"D:\\IT Projects\\clone\\budolEcosystem\\budolID-0.1.0\\verify-fix.js","statementMap":{"0":{"start":{"line":1,"column":25},"end":{"line":1,"column":50}},"1":{"start":{"line":2,"column":15},"end":{"line":2,"column":34}},"2":{"start":{"line":3,"column":15},"end":{"line":3,"column":33}},"3":{"start":{"line":6,"column":16},"end":{"line":6,"column":36}},"4":{"start":{"line":7,"column":19},"end":{"line":7,"column":29}},"5":{"start":{"line":8,"column":25},"end":{"line":8,"column":56}},"6":{"start":{"line":10,"column":2},"end":{"line":10,"column":49}},"7":{"start":{"line":12,"column":2},"end":{"line":15,"column":5}},"8":{"start":{"line":17,"column":15},"end":{"line":17,"column":65}},"9":{"start":{"line":18,"column":18},"end":{"line":18,"column":67}},"10":{"start":{"line":19,"column":2},"end":{"line":19,"column":46}},"11":{"start":{"line":22,"column":0},"end":{"line":24,"column":51}},"12":{"start":{"line":23,"column":14},"end":{"line":23,"column":30}},"13":{"start":{"line":24,"column":23},"end":{"line":24,"column":49}}},"fnMap":{"0":{"name":"main","decl":{"start":{"line":5,"column":15},"end":{"line":5,"column":19}},"loc":{"start":{"line":5,"column":22},"end":{"line":20,"column":1}},"line":5},"1":{"name":"(anonymous_1)","decl":{"start":{"line":23,"column":9},"end":{"line":23,"column":10}},"loc":{"start":{"line":23,"column":14},"end":{"line":23,"column":30}},"line":23},"2":{"name":"(anonymous_2)","decl":{"start":{"line":24,"column":11},"end":{"line":24,"column":12}},"loc":{"start":{"line":24,"column":23},"end":{"line":24,"column":49}},"line":24}},"branchMap":{},"s":{"0":0,"1":0,"2":0,"3":0,"4":0,"5":0,"6":0,"7":0,"8":0,"9":0,"10":0,"11":0,"12":0,"13":0},"f":{"0":0,"1":0,"2":0},"b":{}}
,"D:\\IT Projects\\clone\\budolEcosystem\\budolID-0.1.0\\utils\\phoneNormalization.js": {"path":"D:\\IT Projects\\clone\\budolEcosystem\\budolID-0.1.0\\utils\\phoneNormalization.js","statementMap":{"0":{"start":{"line":10,"column":2},"end":{"line":10,"column":26}},"1":{"start":{"line":10,"column":14},"end":{"line":10,"column":26}},"2":{"start":{"line":13,"column":15},"end":{"line":13,"column":43}},"3":{"start":{"line":16,"column":2},"end":{"line":28,"column":3}},"4":{"start":{"line":18,"column":4},"end":{"line":18,"column":40}},"5":{"start":{"line":19,"column":9},"end":{"line":28,"column":3}},"6":{"start":{"line":22,"column":9},"end":{"line":28,"column":3}},"7":{"start":{"line":24,"column":4},"end":{"line":24,"column":27}},"8":{"start":{"line":25,"column":9},"end":{"line":28,"column":3}},"9":{"start":{"line":27,"column":4},"end":{"line":27,"column":26}},"10":{"start":{"line":31,"column":2},"end":{"line":33,"column":3}},"11":{"start":{"line":32,"column":4},"end":{"line":32,"column":24}},"12":{"start":{"line":35,"column":2},"end":{"line":35,"column":14}},"13":{"start":{"line":44,"column":2},"end":{"line":44,"column":27}},"14":{"start":{"line":44,"column":14},"end":{"line":44,"column":27}},"15":{"start":{"line":45,"column":2},"end":{"line":45,"column":39}},"16":{"start":{"line":54,"column":2},"end":{"line":54,"column":55}},"17":{"start":{"line":54,"column":42},"end":{"line":54,"column":55}},"18":{"start":{"line":57,"column":16},"end":{"line":57,"column":69}},"19":{"start":{"line":58,"column":2},"end":{"line":60,"column":3}},"20":{"start":{"line":59,"column":4},"end":{"line":59,"column":61}},"21":{"start":{"line":62,"column":2},"end":{"line":62,"column":15}},"22":{"start":{"line":65,"column":0},"end":{"line":69,"column":2}}},"fnMap":{"0":{"name":"normalizePhilippinePhone","decl":{"start":{"line":9,"column":9},"end":{"line":9,"column":33}},"loc":{"start":{"line":9,"column":41},"end":{"line":36,"column":1}},"line":9},"1":{"name":"isValidE164Phone","decl":{"start":{"line":43,"column":9},"end":{"line":43,"column":25}},"loc":{"start":{"line":43,"column":33},"end":{"line":46,"column":1}},"line":43},"2":{"name":"formatPhoneForDisplay","decl":{"start":{"line":53,"column":9},"end":{"line":53,"column":30}},"loc":{"start":{"line":53,"column":38},"end":{"line":63,"column":1}},"line":53}},"branchMap":{"0":{"loc":{"start":{"line":10,"column":2},"end":{"line":10,"column":26}},"type":"if","locations":[{"start":{"line":10,"column":2},"end":{"line":10,"column":26}},{"start":{},"end":{}}],"line":10},"1":{"loc":{"start":{"line":16,"column":2},"end":{"line":28,"column":3}},"type":"if","locations":[{"start":{"line":16,"column":2},"end":{"line":28,"column":3}},{"start":{"line":19,"column":9},"end":{"line":28,"column":3}}],"line":16},"2":{"loc":{"start":{"line":19,"column":9},"end":{"line":28,"column":3}},"type":"if","locations":[{"start":{"line":19,"column":9},"end":{"line":28,"column":3}},{"start":{"line":22,"column":9},"end":{"line":28,"column":3}}],"line":19},"3":{"loc":{"start":{"line":19,"column":13},"end":{"line":19,"column":60}},"type":"binary-expr","locations":[{"start":{"line":19,"column":13},"end":{"line":19,"column":36}},{"start":{"line":19,"column":40},"end":{"line":19,"column":60}}],"line":19},"4":{"loc":{"start":{"line":22,"column":9},"end":{"line":28,"column":3}},"type":"if","locations":[{"start":{"line":22,"column":9},"end":{"line":28,"column":3}},{"start":{"line":25,"column":9},"end":{"line":28,"column":3}}],"line":22},"5":{"loc":{"start":{"line":22,"column":13},"end":{"line":22,"column":59}},"type":"binary-expr","locations":[{"start":{"line":22,"column":13},"end":{"line":22,"column":35}},{"start":{"line":22,"column":39},"end":{"line":22,"column":59}}],"line":22},"6":{"loc":{"start":{"line":25,"column":9},"end":{"line":28,"column":3}},"type":"if","locations":[{"start":{"line":25,"column":9},"end":{"line":28,"column":3}},{"start":{},"end":{}}],"line":25},"7":{"loc":{"start":{"line":25,"column":13},"end":{"line":25,"column":59}},"type":"binary-expr","locations":[{"start":{"line":25,"column":13},"end":{"line":25,"column":35}},{"start":{"line":25,"column":39},"end":{"line":25,"column":59}}],"line":25},"8":{"loc":{"start":{"line":31,"column":2},"end":{"line":33,"column":3}},"type":"if","locations":[{"start":{"line":31,"column":2},"end":{"line":33,"column":3}},{"start":{},"end":{}}],"line":31},"9":{"loc":{"start":{"line":44,"column":2},"end":{"line":44,"column":27}},"type":"if","locations":[{"start":{"line":44,"column":2},"end":{"line":44,"column":27}},{"start":{},"end":{}}],"line":44},"10":{"loc":{"start":{"line":54,"column":2},"end":{"line":54,"column":55}},"type":"if","locations":[{"start":{"line":54,"column":2},"end":{"line":54,"column":55}},{"start":{},"end":{}}],"line":54},"11":{"loc":{"start":{"line":54,"column":6},"end":{"line":54,"column":40}},"type":"binary-expr","locations":[{"start":{"line":54,"column":6},"end":{"line":54,"column":12}},{"start":{"line":54,"column":16},"end":{"line":54,"column":40}}],"line":54},"12":{"loc":{"start":{"line":58,"column":2},"end":{"line":60,"column":3}},"type":"if","locations":[{"start":{"line":58,"column":2},"end":{"line":60,"column":3}},{"start":{},"end":{}}],"line":58}},"s":{"0":0,"1":0,"2":0,"3":0,"4":0,"5":0,"6":0,"7":0,"8":0,"9":0,"10":0,"11":0,"12":0,"13":0,"14":0,"15":0,"16":0,"17":0,"18":0,"19":0,"20":0,"21":0,"22":0},"f":{"0":0,"1":0,"2":0},"b":{"0":[0,0],"1":[0,0],"2":[0,0],"3":[0,0],"4":[0,0],"5":[0,0],"6":[0,0],"7":[0,0],"8":[0,0],"9":[0,0],"10":[0,0],"11":[0,0],"12":[0,0]}}
,"D:\\IT Projects\\clone\\budolEcosystem\\budolID-0.1.0\\utils\\realtime.js": {"path":"D:\\IT Projects\\clone\\budolEcosystem\\budolID-0.1.0\\utils\\realtime.js","statementMap":{"0":{"start":{"line":7,"column":25},"end":{"line":7,"column":62}},"1":{"start":{"line":10,"column":22},"end":{"line":10,"column":76}},"2":{"start":{"line":13,"column":23},"end":{"line":13,"column":94}},"3":{"start":{"line":15,"column":4},"end":{"line":37,"column":5}},"4":{"start":{"line":16,"column":8},"end":{"line":16,"column":107}},"5":{"start":{"line":19,"column":25},"end":{"line":25,"column":10}},"6":{"start":{"line":27,"column":8},"end":{"line":29,"column":9}},"7":{"start":{"line":28,"column":12},"end":{"line":28,"column":56}},"8":{"start":{"line":31,"column":8},"end":{"line":31,"column":90}},"9":{"start":{"line":32,"column":8},"end":{"line":32,"column":59}},"10":{"start":{"line":35,"column":8},"end":{"line":35,"column":76}},"11":{"start":{"line":36,"column":8},"end":{"line":36,"column":54}},"12":{"start":{"line":40,"column":0},"end":{"line":40,"column":42}}},"fnMap":{"0":{"name":"triggerRealtimeEvent","decl":{"start":{"line":6,"column":15},"end":{"line":6,"column":35}},"loc":{"start":{"line":6,"column":58},"end":{"line":38,"column":1}},"line":6}},"branchMap":{"0":{"loc":{"start":{"line":10,"column":22},"end":{"line":10,"column":76}},"type":"binary-expr","locations":[{"start":{"line":10,"column":22},"end":{"line":10,"column":49}},{"start":{"line":10,"column":53},"end":{"line":10,"column":76}}],"line":10},"1":{"loc":{"start":{"line":24,"column":20},"end":{"line":24,"column":114}},"type":"cond-expr","locations":[{"start":{"line":24,"column":82},"end":{"line":24,"column":107}},{"start":{"line":24,"column":110},"end":{"line":24,"column":114}}],"line":24},"2":{"loc":{"start":{"line":24,"column":21},"end":{"line":24,"column":78}},"type":"binary-expr","locations":[{"start":{"line":24,"column":21},"end":{"line":24,"column":55}},{"start":{"line":24,"column":59},"end":{"line":24,"column":78}}],"line":24},"3":{"loc":{"start":{"line":27,"column":8},"end":{"line":29,"column":9}},"type":"if","locations":[{"start":{"line":27,"column":8},"end":{"line":29,"column":9}},{"start":{},"end":{}}],"line":27}},"s":{"0":0,"1":0,"2":0,"3":0,"4":0,"5":0,"6":0,"7":0,"8":0,"9":0,"10":0,"11":0,"12":0},"f":{"0":0},"b":{"0":[0,0],"1":[0,0],"2":[0,0],"3":[0,0]}}
}
