TN:
SF:check-apps.js
FN:4,checkApps
FN:8,(anonymous_1)
FNF:2
FNH:0
FNDA:0,checkApps
FNDA:0,(anonymous_1)
DA:1,0
DA:2,0
DA:5,0
DA:6,0
DA:7,0
DA:8,0
DA:9,0
DA:10,0
DA:11,0
DA:12,0
DA:15,0
DA:17,0
DA:21,0
LF:13
LH:0
BRF:0
BRH:0
end_of_record
TN:
SF:check-cols.js
FN:5,main
FN:15,(anonymous_1)
FN:23,(anonymous_2)
FNF:3
FNH:0
FNDA:0,main
FNDA:0,(anonymous_1)
FNDA:0,(anonymous_2)
DA:2,0
DA:3,0
DA:6,0
DA:7,0
DA:8,0
DA:9,0
DA:15,0
DA:17,0
DA:23,0
DA:25,0
DA:27,0
DA:31,0
LF:12
LH:0
BRF:0
BRH:0
end_of_record
TN:
SF:check-db.js
FN:9,main
FN:11,(anonymous_1)
FN:16,(anonymous_2)
FNF:3
FNH:0
FNDA:0,main
FNDA:0,(anonymous_1)
FNDA:0,(anonymous_2)
DA:1,0
DA:2,0
DA:10,0
DA:11,0
DA:12,0
DA:13,0
DA:16,0
LF:7
LH:0
BRF:0
BRH:0
end_of_record
TN:
SF:check-target-user.js
FN:10,main
FNF:1
FNH:0
FNDA:0,main
DA:1,0
DA:2,0
DA:11,0
DA:12,0
DA:13,0
DA:14,0
DA:18,0
DA:19,0
DA:20,0
DA:22,0
DA:25,0
DA:27,0
DA:31,0
LF:13
LH:0
BRDA:18,0,0,0
BRDA:18,0,1,0
BRF:2
BRH:0
end_of_record
TN:
SF:check-users-budolid.js
FN:10,main
FN:15,(anonymous_1)
FNF:2
FNH:0
FNDA:0,main
FNDA:0,(anonymous_1)
DA:1,0
DA:2,0
DA:11,0
DA:12,0
DA:13,0
DA:14,0
DA:15,0
DA:16,0
DA:19,0
DA:21,0
DA:25,0
LF:11
LH:0
BRF:0
BRH:0
end_of_record
TN:
SF:check_all.js
FN:6,main
FN:14,(anonymous_1)
FN:15,(anonymous_2)
FNF:3
FNH:0
FNDA:0,main
FNDA:0,(anonymous_1)
FNDA:0,(anonymous_2)
DA:1,0
DA:2,0
DA:4,0
DA:7,0
DA:10,0
DA:13,0
DA:14,0
DA:15,0
LF:8
LH:0
BRF:0
BRH:0
end_of_record
TN:
SF:check_db_tables.js
FN:8,(anonymous_0)
FN:12,(anonymous_1)
FN:14,(anonymous_2)
FN:15,(anonymous_3)
FN:16,(anonymous_4)
FN:22,(anonymous_5)
FNF:6
FNH:0
FNDA:0,(anonymous_0)
FNDA:0,(anonymous_1)
FNDA:0,(anonymous_2)
FNDA:0,(anonymous_3)
FNDA:0,(anonymous_4)
FNDA:0,(anonymous_5)
DA:1,0
DA:2,0
DA:7,0
DA:9,0
DA:10,0
DA:13,0
DA:14,0
DA:15,0
DA:16,0
DA:17,0
DA:22,0
LF:11
LH:0
BRDA:15,0,0,0
BRDA:15,0,1,0
BRF:2
BRH:0
end_of_record
TN:
SF:check_marijoy.js
FN:6,main
FN:14,(anonymous_1)
FN:15,(anonymous_2)
FNF:3
FNH:0
FNDA:0,main
FNDA:0,(anonymous_1)
FNDA:0,(anonymous_2)
DA:1,0
DA:2,0
DA:4,0
DA:7,0
DA:10,0
DA:13,0
DA:14,0
DA:15,0
LF:8
LH:0
BRF:0
BRH:0
end_of_record
TN:
SF:check_marijoy_id.js
FN:7,main
FNF:1
FNH:0
FNDA:0,main
DA:2,0
DA:3,0
DA:5,0
DA:8,0
DA:9,0
DA:12,0
DA:14,0
DA:16,0
DA:20,0
LF:9
LH:0
BRF:0
BRH:0
end_of_record
TN:
SF:create-admins.js
FN:5,createAdminAccounts
FN:55,(anonymous_1)
FNF:2
FNH:0
FNDA:0,createAdminAccounts
FNDA:0,(anonymous_1)
DA:1,0
DA:2,0
DA:3,0
DA:6,0
DA:23,0
DA:25,0
DA:26,0
DA:28,0
DA:47,0
DA:50,0
DA:53,0
DA:55,0
LF:12
LH:0
BRF:0
BRH:0
end_of_record
TN:
SF:create_admin.js
FN:6,main
FN:35,(anonymous_1)
FNF:2
FNH:0
FNDA:0,main
FNDA:0,(anonymous_1)
DA:1,0
DA:2,0
DA:4,0
DA:7,0
DA:8,0
DA:9,0
DA:11,0
DA:32,0
DA:35,0
LF:9
LH:0
BRF:0
BRH:0
end_of_record
TN:
SF:create_admin_prod.js
FN:12,main
FN:41,(anonymous_1)
FNF:2
FNH:0
FNDA:0,main
FNDA:0,(anonymous_1)
DA:1,0
DA:2,0
DA:4,0
DA:13,0
DA:14,0
DA:15,0
DA:17,0
DA:38,0
DA:41,0
LF:9
LH:0
BRF:0
BRH:0
end_of_record
TN:
SF:index.js
FN:20,(anonymous_0)
FN:58,(anonymous_1)
FN:61,(anonymous_2)
FN:70,(anonymous_3)
FN:103,(anonymous_4)
FN:110,(anonymous_5)
FN:116,(anonymous_6)
FN:235,(anonymous_7)
FN:838,(anonymous_8)
FN:942,(anonymous_9)
FN:1108,(anonymous_10)
FN:1185,(anonymous_11)
FN:1215,(anonymous_12)
FN:1245,(anonymous_13)
FN:1272,(anonymous_14)
FN:1290,(anonymous_15)
FN:1310,(anonymous_16)
FN:1403,(anonymous_17)
FN:1469,(anonymous_18)
FN:1513,(anonymous_19)
FN:1614,(anonymous_20)
FNF:21
FNH:0
FNDA:0,(anonymous_0)
FNDA:0,(anonymous_1)
FNDA:0,(anonymous_2)
FNDA:0,(anonymous_3)
FNDA:0,(anonymous_4)
FNDA:0,(anonymous_5)
FNDA:0,(anonymous_6)
FNDA:0,(anonymous_7)
FNDA:0,(anonymous_8)
FNDA:0,(anonymous_9)
FNDA:0,(anonymous_10)
FNDA:0,(anonymous_11)
FNDA:0,(anonymous_12)
FNDA:0,(anonymous_13)
FNDA:0,(anonymous_14)
FNDA:0,(anonymous_15)
FNDA:0,(anonymous_16)
FNDA:0,(anonymous_17)
FNDA:0,(anonymous_18)
FNDA:0,(anonymous_19)
FNDA:0,(anonymous_20)
DA:1,0
DA:2,0
DA:3,0
DA:4,0
DA:5,0
DA:6,0
DA:7,0
DA:8,0
DA:10,0
DA:19,0
DA:21,0
DA:24,0
DA:25,0
DA:27,0
DA:32,0
DA:33,0
DA:35,0
DA:36,0
DA:37,0
DA:45,0
DA:47,0
DA:48,0
DA:54,0
DA:56,0
DA:59,0
DA:62,0
DA:63,0
DA:65,0
DA:66,0
DA:67,0
DA:70,0
DA:71,0
DA:74,0
DA:75,0
DA:76,0
DA:77,0
DA:80,0
DA:81,0
DA:82,0
DA:85,0
DA:86,0
DA:87,0
DA:88,0
DA:90,0
DA:93,0
DA:94,0
DA:97,0
DA:100,0
DA:101,0
DA:103,0
DA:104,0
DA:105,0
DA:106,0
DA:110,0
DA:111,0
DA:112,0
DA:116,0
DA:117,0
DA:118,0
DA:119,0
DA:121,0
DA:235,0
DA:236,0
DA:237,0
DA:238,0
DA:239,0
DA:240,0
DA:242,0
DA:838,0
DA:839,0
DA:840,0
DA:842,0
DA:942,0
DA:943,0
DA:944,0
DA:946,0
DA:1107,0
DA:1108,0
DA:1109,0
DA:1112,0
DA:1114,0
DA:1115,0
DA:1116,0
DA:1118,0
DA:1119,0
DA:1120,0
DA:1123,0
DA:1136,0
DA:1146,0
DA:1153,0
DA:1155,0
DA:1156,0
DA:1157,0
DA:1158,0
DA:1162,0
DA:1166,0
DA:1167,0
DA:1169,0
DA:1172,0
DA:1176,0
DA:1178,0
DA:1185,0
DA:1186,0
DA:1187,0
DA:1188,0
DA:1189,0
DA:1191,0
DA:1194,0
DA:1195,0
DA:1197,0
DA:1203,0
DA:1204,0
DA:1205,0
DA:1206,0
DA:1208,0
DA:1210,0
DA:1215,0
DA:1216,0
DA:1217,0
DA:1218,0
DA:1220,0
DA:1221,0
DA:1225,0
DA:1226,0
DA:1228,0
DA:1238,0
DA:1240,0
DA:1245,0
DA:1246,0
DA:1247,0
DA:1248,0
DA:1250,0
DA:1251,0
DA:1254,0
DA:1256,0
DA:1265,0
DA:1267,0
DA:1272,0
DA:1273,0
DA:1274,0
DA:1275,0
DA:1283,0
DA:1285,0
DA:1290,0
DA:1291,0
DA:1292,0
DA:1294,0
DA:1295,0
DA:1300,0
DA:1305,0
DA:1310,0
DA:1311,0
DA:1312,0
DA:1314,0
DA:1316,0
DA:1318,0
DA:1319,0
DA:1321,0
DA:1322,0
DA:1323,0
DA:1327,0
DA:1328,0
DA:1329,0
DA:1331,0
DA:1332,0
DA:1334,0
DA:1336,0
DA:1341,0
DA:1342,0
DA:1343,0
DA:1344,0
DA:1345,0
DA:1349,0
DA:1350,0
DA:1351,0
DA:1352,0
DA:1353,0
DA:1354,0
DA:1357,0
DA:1358,0
DA:1359,0
DA:1363,0
DA:1364,0
DA:1365,0
DA:1366,0
DA:1367,0
DA:1371,0
DA:1375,0
DA:1376,0
DA:1380,0
DA:1381,0
DA:1384,0
DA:1397,0
DA:1398,0
DA:1403,0
DA:1404,0
DA:1405,0
DA:1408,0
DA:1409,0
DA:1410,0
DA:1411,0
DA:1415,0
DA:1416,0
DA:1417,0
DA:1418,0
DA:1419,0
DA:1424,0
DA:1425,0
DA:1426,0
DA:1429,0
DA:1430,0
DA:1431,0
DA:1432,0
DA:1437,0
DA:1439,0
DA:1450,0
DA:1453,0
DA:1458,0
DA:1460,0
DA:1461,0
DA:1462,0
DA:1464,0
DA:1469,0
DA:1470,0
DA:1471,0
DA:1473,0
DA:1474,0
DA:1475,0
DA:1476,0
DA:1480,0
DA:1481,0
DA:1482,0
DA:1487,0
DA:1488,0
DA:1490,0
DA:1500,0
DA:1501,0
DA:1507,0
DA:1508,0
DA:1513,0
DA:1514,0
DA:1515,0
DA:1517,0
DA:1519,0
DA:1520,0
DA:1521,0
DA:1522,0
DA:1530,0
DA:1531,0
DA:1533,0
DA:1535,0
DA:1536,0
DA:1537,0
DA:1541,0
DA:1544,0
DA:1547,0
DA:1550,0
DA:1554,0
DA:1555,0
DA:1556,0
DA:1560,0
DA:1577,0
DA:1587,0
DA:1594,0
DA:1595,0
DA:1608,0
DA:1609,0
DA:1614,0
DA:1615,0
DA:1616,0
DA:1618,0
DA:1620,0
DA:1621,0
DA:1622,0
DA:1625,0
DA:1626,0
DA:1629,0
DA:1641,0
DA:1642,0
DA:1643,0
DA:1646,0
DA:1647,0
DA:1649,0
DA:1650,0
LF:284
LH:0
BRDA:24,0,0,0
BRDA:24,0,1,0
BRDA:25,1,0,0
BRDA:25,1,1,0
BRDA:35,2,0,0
BRDA:35,2,1,0
BRDA:45,3,0,0
BRDA:45,3,1,0
BRDA:63,4,0,0
BRDA:63,4,1,0
BRDA:66,5,0,0
BRDA:66,5,1,0
BRDA:67,6,0,0
BRDA:67,6,1,0
BRDA:70,7,0,0
BRDA:71,8,0,0
BRDA:71,8,1,0
BRDA:74,9,0,0
BRDA:74,9,1,0
BRDA:75,10,0,0
BRDA:75,10,1,0
BRDA:76,11,0,0
BRDA:76,11,1,0
BRDA:76,12,0,0
BRDA:76,12,1,0
BRDA:80,13,0,0
BRDA:80,13,1,0
BRDA:85,14,0,0
BRDA:85,14,1,0
BRDA:87,15,0,0
BRDA:87,15,1,0
BRDA:93,16,0,0
BRDA:93,16,1,0
BRDA:104,17,0,0
BRDA:104,17,1,0
BRDA:118,18,0,0
BRDA:118,18,1,0
BRDA:119,19,0,0
BRDA:119,19,1,0
BRDA:238,20,0,0
BRDA:238,20,1,0
BRDA:239,21,0,0
BRDA:239,21,1,0
BRDA:240,22,0,0
BRDA:240,22,1,0
BRDA:840,23,0,0
BRDA:840,23,1,0
BRDA:944,24,0,0
BRDA:944,24,1,0
BRDA:1112,25,0,0
BRDA:1112,25,1,0
BRDA:1116,26,0,0
BRDA:1116,26,1,0
BRDA:1119,27,0,0
BRDA:1119,27,1,0
BRDA:1119,28,0,0
BRDA:1119,28,1,0
BRDA:1155,29,0,0
BRDA:1155,29,1,0
BRDA:1162,30,0,0
BRDA:1162,30,1,0
BRDA:1162,31,0,0
BRDA:1162,31,1,0
BRDA:1162,31,2,0
BRDA:1162,31,3,0
BRDA:1176,32,0,0
BRDA:1176,32,1,0
BRDA:1189,33,0,0
BRDA:1189,33,1,0
BRDA:1220,34,0,0
BRDA:1220,34,1,0
BRDA:1220,35,0,0
BRDA:1220,35,1,0
BRDA:1220,35,2,0
BRDA:1250,36,0,0
BRDA:1250,36,1,0
BRDA:1250,37,0,0
BRDA:1250,37,1,0
BRDA:1292,38,0,0
BRDA:1292,38,1,0
BRDA:1302,39,0,0
BRDA:1302,39,1,0
BRDA:1314,40,0,0
BRDA:1314,40,1,0
BRDA:1321,41,0,0
BRDA:1321,41,1,0
BRDA:1341,42,0,0
BRDA:1341,42,1,0
BRDA:1341,43,0,0
BRDA:1341,43,1,0
BRDA:1351,44,0,0
BRDA:1351,44,1,0
BRDA:1351,45,0,0
BRDA:1351,45,1,0
BRDA:1353,46,0,0
BRDA:1353,46,1,0
BRDA:1363,47,0,0
BRDA:1363,47,1,0
BRDA:1363,48,0,0
BRDA:1363,48,1,0
BRDA:1371,49,0,0
BRDA:1371,49,1,0
BRDA:1380,50,0,0
BRDA:1380,50,1,0
BRDA:1386,51,0,0
BRDA:1386,51,1,0
BRDA:1388,52,0,0
BRDA:1388,52,1,0
BRDA:1389,53,0,0
BRDA:1389,53,1,0
BRDA:1390,54,0,0
BRDA:1390,54,1,0
BRDA:1391,55,0,0
BRDA:1391,55,1,0
BRDA:1392,56,0,0
BRDA:1392,56,1,0
BRDA:1394,57,0,0
BRDA:1394,57,1,0
BRDA:1408,58,0,0
BRDA:1408,58,1,0
BRDA:1410,59,0,0
BRDA:1410,59,1,0
BRDA:1410,60,0,0
BRDA:1410,60,1,0
BRDA:1416,61,0,0
BRDA:1416,61,1,0
BRDA:1418,62,0,0
BRDA:1418,62,1,0
BRDA:1425,63,0,0
BRDA:1425,63,1,0
BRDA:1429,64,0,0
BRDA:1429,64,1,0
BRDA:1431,65,0,0
BRDA:1431,65,1,0
BRDA:1461,66,0,0
BRDA:1461,66,1,0
BRDA:1475,67,0,0
BRDA:1475,67,1,0
BRDA:1481,68,0,0
BRDA:1481,68,1,0
BRDA:1493,69,0,0
BRDA:1493,69,1,0
BRDA:1494,70,0,0
BRDA:1494,70,1,0
BRDA:1494,71,0,0
BRDA:1494,71,1,0
BRDA:1520,72,0,0
BRDA:1520,72,1,0
BRDA:1531,73,0,0
BRDA:1531,73,1,0
BRDA:1533,74,0,0
BRDA:1533,74,1,0
BRDA:1536,75,0,0
BRDA:1536,75,1,0
BRDA:1554,76,0,0
BRDA:1554,76,1,0
BRDA:1554,77,0,0
BRDA:1554,77,1,0
BRDA:1620,78,0,0
BRDA:1620,78,1,0
BRDA:1641,79,0,0
BRDA:1641,79,1,0
BRF:162
BRH:0
end_of_record
TN:
SF:list-users.js
FN:4,listUsers
FN:21,(anonymous_1)
FNF:2
FNH:0
FNDA:0,listUsers
FNDA:0,(anonymous_1)
DA:1,0
DA:2,0
DA:5,0
DA:6,0
DA:15,0
DA:16,0
DA:19,0
DA:21,0
LF:8
LH:0
BRF:0
BRH:0
end_of_record
TN:
SF:seed-apps.js
FN:10,main
FNF:1
FNH:0
FNDA:0,main
DA:1,0
DA:2,0
DA:11,0
DA:12,0
DA:14,0
DA:29,0
DA:31,0
DA:33,0
DA:37,0
LF:9
LH:0
BRF:0
BRH:0
end_of_record
TN:
SF:seed-tony-budolid.js
FN:12,main
FNF:1
FNH:0
FNDA:0,main
DA:1,0
DA:2,0
DA:3,0
DA:4,0
DA:13,0
DA:14,0
DA:15,0
DA:16,0
DA:18,0
DA:20,0
DA:33,0
DA:35,0
DA:37,0
DA:41,0
LF:14
LH:0
BRF:0
BRH:0
end_of_record
TN:
SF:test-admin-login.js
FN:3,testAdminLogin
FNF:1
FNH:0
FNDA:0,testAdminLogin
DA:1,0
DA:4,0
DA:10,0
DA:12,0
DA:13,0
DA:14,0
DA:15,0
DA:16,0
DA:18,0
DA:19,0
DA:22,0
DA:23,0
DA:24,0
DA:25,0
DA:27,0
DA:30,0
DA:33,0
LF:17
LH:0
BRDA:16,0,0,0
BRDA:16,0,1,0
BRDA:18,1,0,0
BRDA:18,1,1,0
BRDA:23,2,0,0
BRDA:23,2,1,0
BRF:6
BRH:0
end_of_record
TN:
SF:test_neon.js
FN:3,main
FN:11,(anonymous_1)
FN:11,(anonymous_2)
FNF:3
FNH:0
FNDA:0,main
FNDA:0,(anonymous_1)
FNDA:0,(anonymous_2)
DA:1,0
DA:4,0
DA:8,0
DA:10,0
DA:11,0
DA:13,0
DA:16,0
LF:7
LH:0
BRDA:11,0,0,0
BRDA:11,0,1,0
BRF:2
BRH:0
end_of_record
TN:
SF:update-to-localhost.js
FN:4,main
FN:27,(anonymous_1)
FN:28,(anonymous_2)
FNF:3
FNH:0
FNDA:0,main
FNDA:0,(anonymous_1)
FNDA:0,(anonymous_2)
DA:1,0
DA:2,0
DA:6,0
DA:12,0
DA:18,0
DA:23,0
DA:26,0
DA:27,0
DA:28,0
LF:9
LH:0
BRF:0
BRH:0
end_of_record
TN:
SF:verify-fix.js
FN:5,main
FN:23,(anonymous_1)
FN:24,(anonymous_2)
FNF:3
FNH:0
FNDA:0,main
FNDA:0,(anonymous_1)
FNDA:0,(anonymous_2)
DA:1,0
DA:2,0
DA:3,0
DA:6,0
DA:7,0
DA:8,0
DA:10,0
DA:12,0
DA:17,0
DA:18,0
DA:19,0
DA:22,0
DA:23,0
DA:24,0
LF:14
LH:0
BRF:0
BRH:0
end_of_record
TN:
SF:utils\phoneNormalization.js
FN:9,normalizePhilippinePhone
FN:43,isValidE164Phone
FN:53,formatPhoneForDisplay
FNF:3
FNH:0
FNDA:0,normalizePhilippinePhone
FNDA:0,isValidE164Phone
FNDA:0,formatPhoneForDisplay
DA:10,0
DA:13,0
DA:16,0
DA:18,0
DA:19,0
DA:22,0
DA:24,0
DA:25,0
DA:27,0
DA:31,0
DA:32,0
DA:35,0
DA:44,0
DA:45,0
DA:54,0
DA:57,0
DA:58,0
DA:59,0
DA:62,0
DA:65,0
LF:20
LH:0
BRDA:10,0,0,0
BRDA:10,0,1,0
BRDA:16,1,0,0
BRDA:16,1,1,0
BRDA:19,2,0,0
BRDA:19,2,1,0
BRDA:19,3,0,0
BRDA:19,3,1,0
BRDA:22,4,0,0
BRDA:22,4,1,0
BRDA:22,5,0,0
BRDA:22,5,1,0
BRDA:25,6,0,0
BRDA:25,6,1,0
BRDA:25,7,0,0
BRDA:25,7,1,0
BRDA:31,8,0,0
BRDA:31,8,1,0
BRDA:44,9,0,0
BRDA:44,9,1,0
BRDA:54,10,0,0
BRDA:54,10,1,0
BRDA:54,11,0,0
BRDA:54,11,1,0
BRDA:58,12,0,0
BRDA:58,12,1,0
BRF:26
BRH:0
end_of_record
TN:
SF:utils\realtime.js
FN:6,triggerRealtimeEvent
FNF:1
FNH:0
FNDA:0,triggerRealtimeEvent
DA:7,0
DA:10,0
DA:13,0
DA:15,0
DA:16,0
DA:19,0
DA:27,0
DA:28,0
DA:31,0
DA:32,0
DA:35,0
DA:36,0
DA:40,0
LF:13
LH:0
BRDA:10,0,0,0
BRDA:10,0,1,0
BRDA:24,1,0,0
BRDA:24,1,1,0
BRDA:24,2,0,0
BRDA:24,2,1,0
BRDA:27,3,0,0
BRDA:27,3,1,0
BRF:8
BRH:0
end_of_record
