TN:
SF:check-apps.js
FN:4,checkApps
FN:8,(anonymous_1)
FNF:2
FNH:0
FNDA:0,checkApps
FNDA:0,(anonymous_1)
DA:1,0
DA:2,0
DA:5,0
DA:6,0
DA:7,0
DA:8,0
DA:9,0
DA:10,0
DA:11,0
DA:12,0
DA:15,0
DA:17,0
DA:21,0
LF:13
LH:0
BRF:0
BRH:0
end_of_record
TN:
SF:check-cols.js
FN:5,main
FN:15,(anonymous_1)
FN:23,(anonymous_2)
FNF:3
FNH:0
FNDA:0,main
FNDA:0,(anonymous_1)
FNDA:0,(anonymous_2)
DA:2,0
DA:3,0
DA:6,0
DA:7,0
DA:8,0
DA:9,0
DA:15,0
DA:17,0
DA:23,0
DA:25,0
DA:27,0
DA:31,0
LF:12
LH:0
BRF:0
BRH:0
end_of_record
TN:
SF:check-db.js
FN:9,main
FN:11,(anonymous_1)
FN:16,(anonymous_2)
FNF:3
FNH:0
FNDA:0,main
FNDA:0,(anonymous_1)
FNDA:0,(anonymous_2)
DA:1,0
DA:2,0
DA:10,0
DA:11,0
DA:12,0
DA:13,0
DA:16,0
LF:7
LH:0
BRF:0
BRH:0
end_of_record
TN:
SF:check-target-user.js
FN:10,main
FNF:1
FNH:0
FNDA:0,main
DA:1,0
DA:2,0
DA:11,0
DA:12,0
DA:13,0
DA:14,0
DA:18,0
DA:19,0
DA:20,0
DA:22,0
DA:25,0
DA:27,0
DA:31,0
LF:13
LH:0
BRDA:18,0,0,0
BRDA:18,0,1,0
BRF:2
BRH:0
end_of_record
TN:
SF:check-users-budolid.js
FN:10,main
FN:15,(anonymous_1)
FNF:2
FNH:0
FNDA:0,main
FNDA:0,(anonymous_1)
DA:1,0
DA:2,0
DA:11,0
DA:12,0
DA:13,0
DA:14,0
DA:15,0
DA:16,0
DA:19,0
DA:21,0
DA:25,0
LF:11
LH:0
BRF:0
BRH:0
end_of_record
TN:
SF:index.js
FN:19,(anonymous_0)
FN:23,(anonymous_1)
FN:26,(anonymous_2)
FN:37,(anonymous_3)
FN:44,(anonymous_4)
FN:50,(anonymous_5)
FN:80,(anonymous_6)
FN:121,(anonymous_7)
FN:139,(anonymous_8)
FN:159,(anonymous_9)
FN:186,(anonymous_10)
FN:240,(anonymous_11)
FN:333,(anonymous_12)
FNF:13
FNH:0
FNDA:0,(anonymous_0)
FNDA:0,(anonymous_1)
FNDA:0,(anonymous_2)
FNDA:0,(anonymous_3)
FNDA:0,(anonymous_4)
FNDA:0,(anonymous_5)
FNDA:0,(anonymous_6)
FNDA:0,(anonymous_7)
FNDA:0,(anonymous_8)
FNDA:0,(anonymous_9)
FNDA:0,(anonymous_10)
FNDA:0,(anonymous_11)
FNDA:0,(anonymous_12)
DA:1,0
DA:2,0
DA:3,0
DA:4,0
DA:5,0
DA:6,0
DA:7,0
DA:9,0
DA:18,0
DA:20,0
DA:21,0
DA:24,0
DA:27,0
DA:28,0
DA:30,0
DA:31,0
DA:32,0
DA:34,0
DA:35,0
DA:37,0
DA:38,0
DA:39,0
DA:40,0
DA:44,0
DA:45,0
DA:46,0
DA:50,0
DA:51,0
DA:52,0
DA:79,0
DA:80,0
DA:81,0
DA:83,0
DA:84,0
DA:85,0
DA:87,0
DA:88,0
DA:89,0
DA:92,0
DA:105,0
DA:114,0
DA:116,0
DA:121,0
DA:122,0
DA:123,0
DA:124,0
DA:132,0
DA:134,0
DA:139,0
DA:140,0
DA:141,0
DA:143,0
DA:144,0
DA:149,0
DA:154,0
DA:159,0
DA:160,0
DA:161,0
DA:163,0
DA:165,0
DA:166,0
DA:167,0
DA:170,0
DA:175,0
DA:181,0
DA:186,0
DA:187,0
DA:188,0
DA:190,0
DA:191,0
DA:192,0
DA:193,0
DA:194,0
DA:199,0
DA:200,0
DA:201,0
DA:209,0
DA:210,0
DA:211,0
DA:212,0
DA:220,0
DA:221,0
DA:230,0
DA:232,0
DA:233,0
DA:235,0
DA:240,0
DA:241,0
DA:242,0
DA:244,0
DA:246,0
DA:247,0
DA:248,0
DA:249,0
DA:257,0
DA:258,0
DA:260,0
DA:262,0
DA:263,0
DA:264,0
DA:268,0
DA:271,0
DA:274,0
DA:277,0
DA:281,0
DA:282,0
DA:283,0
DA:287,0
DA:304,0
DA:313,0
DA:314,0
DA:327,0
DA:328,0
DA:333,0
DA:334,0
DA:335,0
DA:337,0
DA:339,0
DA:340,0
DA:341,0
DA:344,0
DA:345,0
DA:348,0
DA:360,0
DA:361,0
DA:362,0
DA:365,0
DA:366,0
DA:368,0
DA:369,0
LF:130
LH:0
BRDA:28,0,0,0
BRDA:28,0,1,0
BRDA:31,1,0,0
BRDA:31,1,1,0
BRDA:32,2,0,0
BRDA:32,2,1,0
BRDA:38,3,0,0
BRDA:38,3,1,0
BRDA:85,4,0,0
BRDA:85,4,1,0
BRDA:88,5,0,0
BRDA:88,5,1,0
BRDA:88,6,0,0
BRDA:88,6,1,0
BRDA:141,7,0,0
BRDA:141,7,1,0
BRDA:151,8,0,0
BRDA:151,8,1,0
BRDA:161,9,0,0
BRDA:161,9,1,0
BRDA:166,10,0,0
BRDA:166,10,1,0
BRDA:178,11,0,0
BRDA:178,11,1,0
BRDA:191,12,0,0
BRDA:191,12,1,0
BRDA:193,13,0,0
BRDA:193,13,1,0
BRDA:200,14,0,0
BRDA:200,14,1,0
BRDA:209,15,0,0
BRDA:209,15,1,0
BRDA:211,16,0,0
BRDA:211,16,1,0
BRDA:232,17,0,0
BRDA:232,17,1,0
BRDA:247,18,0,0
BRDA:247,18,1,0
BRDA:258,19,0,0
BRDA:258,19,1,0
BRDA:260,20,0,0
BRDA:260,20,1,0
BRDA:263,21,0,0
BRDA:263,21,1,0
BRDA:281,22,0,0
BRDA:281,22,1,0
BRDA:281,23,0,0
BRDA:281,23,1,0
BRDA:339,24,0,0
BRDA:339,24,1,0
BRDA:360,25,0,0
BRDA:360,25,1,0
BRF:52
BRH:0
end_of_record
TN:
SF:seed-apps.js
FN:10,main
FNF:1
FNH:0
FNDA:0,main
DA:1,0
DA:2,0
DA:11,0
DA:12,0
DA:14,0
DA:29,0
DA:31,0
DA:33,0
DA:37,0
LF:9
LH:0
BRF:0
BRH:0
end_of_record
TN:
SF:seed-tony-budolid.js
FN:12,main
FNF:1
FNH:0
FNDA:0,main
DA:1,0
DA:2,0
DA:3,0
DA:4,0
DA:13,0
DA:14,0
DA:15,0
DA:16,0
DA:18,0
DA:20,0
DA:33,0
DA:35,0
DA:37,0
DA:41,0
LF:14
LH:0
BRF:0
BRH:0
end_of_record
TN:
SF:update-to-localhost.js
FN:4,main
FN:27,(anonymous_1)
FN:28,(anonymous_2)
FNF:3
FNH:0
FNDA:0,main
FNDA:0,(anonymous_1)
FNDA:0,(anonymous_2)
DA:1,0
DA:2,0
DA:6,0
DA:12,0
DA:18,0
DA:23,0
DA:26,0
DA:27,0
DA:28,0
LF:9
LH:0
BRF:0
BRH:0
end_of_record
TN:
SF:verify-fix.js
FN:5,main
FN:23,(anonymous_1)
FN:24,(anonymous_2)
FNF:3
FNH:0
FNDA:0,main
FNDA:0,(anonymous_1)
FNDA:0,(anonymous_2)
DA:1,0
DA:2,0
DA:3,0
DA:6,0
DA:7,0
DA:8,0
DA:10,0
DA:12,0
DA:17,0
DA:18,0
DA:19,0
DA:22,0
DA:23,0
DA:24,0
LF:14
LH:0
BRF:0
BRH:0
end_of_record
TN:
SF:utils\phoneNormalization.js
FN:9,normalizePhilippinePhone
FN:43,isValidE164Phone
FN:53,formatPhoneForDisplay
FNF:3
FNH:3
FNDA:20,normalizePhilippinePhone
FNDA:14,isValidE164Phone
FNDA:6,formatPhoneForDisplay
DA:10,20
DA:13,17
DA:16,17
DA:18,6
DA:19,11
DA:22,11
DA:24,2
DA:25,9
DA:27,0
DA:31,17
DA:32,13
DA:35,4
DA:44,14
DA:45,11
DA:54,6
DA:57,2
DA:58,2
DA:59,2
DA:62,0
DA:65,3
LF:20
LH:18
BRDA:10,0,0,3
BRDA:10,0,1,17
BRDA:16,1,0,6
BRDA:16,1,1,11
BRDA:19,2,0,0
BRDA:19,2,1,11
BRDA:19,3,0,11
BRDA:19,3,1,6
BRDA:22,4,0,2
BRDA:22,4,1,9
BRDA:22,5,0,11
BRDA:22,5,1,2
BRDA:25,6,0,0
BRDA:25,6,1,9
BRDA:25,7,0,9
BRDA:25,7,1,0
BRDA:31,8,0,13
BRDA:31,8,1,4
BRDA:44,9,0,3
BRDA:44,9,1,11
BRDA:54,10,0,4
BRDA:54,10,1,2
BRDA:54,11,0,6
BRDA:54,11,1,4
BRDA:58,12,0,2
BRDA:58,12,1,0
BRF:26
BRH:22
end_of_record
